[0.014s] Invoking command in '/home/alec/surgeryBotWs/build/surg_bot_description': CMAKE_PREFIX_PATH=${CMAKE_PREFIX_PATH}:/opt/ros/jazzy DEBUGINFOD_URLS=https://debuginfod.ubuntu.com /usr/bin/cmake --build /home/alec/surgeryBotWs/build/surg_bot_description -- -j20 -l20
[0.067s] Invoked command in '/home/alec/surgeryBotWs/build/surg_bot_description' returned '0': CMAKE_PREFIX_PATH=${CMAKE_PREFIX_PATH}:/opt/ros/jazzy DEBUGINFOD_URLS=https://debuginfod.ubuntu.com /usr/bin/cmake --build /home/alec/surgeryBotWs/build/surg_bot_description -- -j20 -l20
[0.126s] Invoking command in '/home/alec/surgeryBotWs/build/surg_bot_description': CMAKE_PREFIX_PATH=${CMAKE_PREFIX_PATH}:/opt/ros/jazzy DEBUGINFOD_URLS=https://debuginfod.ubuntu.com /usr/bin/cmake --install /home/alec/surgeryBotWs/build/surg_bot_description
[0.141s] -- Install configuration: ""
[0.142s] -- Up-to-date: /home/alec/surgeryBotWs/install/surg_bot_description/share/ament_index/resource_index/package_run_dependencies/surg_bot_description
[0.142s] -- Up-to-date: /home/alec/surgeryBotWs/install/surg_bot_description/share/ament_index/resource_index/parent_prefix_path/surg_bot_description
[0.142s] -- Up-to-date: /home/alec/surgeryBotWs/install/surg_bot_description/share/surg_bot_description/environment/ament_prefix_path.sh
[0.142s] -- Up-to-date: /home/alec/surgeryBotWs/install/surg_bot_description/share/surg_bot_description/environment/ament_prefix_path.dsv
[0.143s] -- Up-to-date: /home/alec/surgeryBotWs/install/surg_bot_description/share/surg_bot_description/environment/path.sh
[0.143s] -- Up-to-date: /home/alec/surgeryBotWs/install/surg_bot_description/share/surg_bot_description/environment/path.dsv
[0.144s] -- Up-to-date: /home/alec/surgeryBotWs/install/surg_bot_description/share/surg_bot_description/local_setup.bash
[0.144s] -- Up-to-date: /home/alec/surgeryBotWs/install/surg_bot_description/share/surg_bot_description/local_setup.sh
[0.144s] -- Up-to-date: /home/alec/surgeryBotWs/install/surg_bot_description/share/surg_bot_description/local_setup.zsh
[0.144s] -- Up-to-date: /home/alec/surgeryBotWs/install/surg_bot_description/share/surg_bot_description/local_setup.dsv
[0.144s] -- Installing: /home/alec/surgeryBotWs/install/surg_bot_description/share/surg_bot_description/package.dsv
[0.144s] -- Up-to-date: /home/alec/surgeryBotWs/install/surg_bot_description/share/ament_index/resource_index/packages/surg_bot_description
[0.145s] -- Up-to-date: /home/alec/surgeryBotWs/install/surg_bot_description/share/surg_bot_description/cmake/surg_bot_descriptionConfig.cmake
[0.145s] -- Up-to-date: /home/alec/surgeryBotWs/install/surg_bot_description/share/surg_bot_description/cmake/surg_bot_descriptionConfig-version.cmake
[0.146s] -- Up-to-date: /home/alec/surgeryBotWs/install/surg_bot_description/share/surg_bot_description/package.xml
[0.163s] Invoked command in '/home/alec/surgeryBotWs/build/surg_bot_description' returned '0': CMAKE_PREFIX_PATH=${CMAKE_PREFIX_PATH}:/opt/ros/jazzy DEBUGINFOD_URLS=https://debuginfod.ubuntu.com /usr/bin/cmake --install /home/alec/surgeryBotWs/build/surg_bot_description
