[0.007s] Invoking command in '/home/alec/surgeryBotWs/build/surg_bot_description': DEBUGINFOD_URLS=https://debuginfod.ubuntu.com /usr/bin/cmake /home/alec/surgeryBotWs/src/surg_bot/surg_bot_description -DCMAKE_INSTALL_PREFIX=/home/alec/surgeryBotWs/install/surg_bot_description
[0.119s] -- The C compiler identification is GNU 13.2.0
[0.242s] -- The CXX compiler identification is GNU 13.2.0
[0.275s] -- Detecting C compiler ABI info
[0.438s] -- Detecting C compiler ABI info - done
[0.457s] -- Check for working C compiler: /usr/bin/cc - skipped
[0.457s] -- Detecting C compile features
[0.458s] -- Detecting C compile features - done
[0.476s] -- Detecting CXX compiler ABI info
[0.651s] -- Detecting CXX compiler ABI info - done
[0.667s] -- Check for working CXX compiler: /usr/bin/c++ - skipped
[0.668s] -- Detecting CXX compile features
[0.668s] -- Detecting CXX compile features - done
[0.684s] [31mCMake Error at CMakeLists.txt:9 (find_package):
[0.684s]   By not providing "Findament_cmake.cmake" in CMAKE_MODULE_PATH this project
[0.684s]   has asked CMake to find a package configuration file provided by
[0.684s]   "ament_cmake", but CMake did not find one.
[0.684s] 
[0.684s]   Could not find a package configuration file provided by "ament_cmake" with
[0.685s]   any of the following names:
[0.685s] 
[0.685s]     ament_cmakeConfig.cmake
[0.685s]     ament_cmake-config.cmake
[0.685s] 
[0.685s]   Add the installation prefix of "ament_cmake" to CMAKE_PREFIX_PATH or set
[0.685s]   "ament_cmake_DIR" to a directory containing one of the above files.  If
[0.685s]   "ament_cmake" provides a separate development package or SDK, be sure it
[0.685s]   has been installed.
[0.685s] 
[0.685s] [0m
[0.686s] -- Configuring incomplete, errors occurred!
[0.690s] Invoked command in '/home/alec/surgeryBotWs/build/surg_bot_description' returned '1': DEBUGINFOD_URLS=https://debuginfod.ubuntu.com /usr/bin/cmake /home/alec/surgeryBotWs/src/surg_bot/surg_bot_description -DCMAKE_INSTALL_PREFIX=/home/alec/surgeryBotWs/install/surg_bot_description
