[0.055s] DEBUG:colcon:Command line arguments: ['/usr/bin/colcon', 'build']
[0.055s] DEBUG:colcon:Parsed command line arguments: Namespace(log_base=None, log_level=None, verb_name='build', build_base='build', install_base='install', merge_install=False, symlink_install=False, test_result_base=None, continue_on_error=False, executor='parallel', parallel_workers=20, event_handlers=None, ignore_user_meta=False, metas=['./colcon.meta'], base_paths=['.'], packages_ignore=None, packages_ignore_regex=None, paths=None, packages_up_to=None, packages_up_to_regex=None, packages_above=None, packages_above_and_dependencies=None, packages_above_depth=None, packages_select_by_dep=None, packages_skip_by_dep=None, packages_skip_up_to=None, packages_select_build_failed=False, packages_skip_build_finished=False, packages_select_test_failures=False, packages_skip_test_passed=False, packages_select=None, packages_skip=None, packages_select_regex=None, packages_skip_regex=None, packages_start=None, packages_end=None, allow_overriding=[], cmake_args=None, cmake_target=None, cmake_target_skip_unavailable=False, cmake_clean_cache=False, cmake_clean_first=False, cmake_force_configure=False, ament_cmake_args=None, catkin_cmake_args=None, catkin_skip_building_tests=False, mixin_files=None, mixin=None, verb_parser=<colcon_mixin.mixin.mixin_argument.MixinArgumentDecorator object at 0x78d8cb364f50>, verb_extension=<colcon_core.verb.build.BuildVerb object at 0x78d8cb4e1670>, main=<bound method BuildVerb.main of <colcon_core.verb.build.BuildVerb object at 0x78d8cb4e1670>>, mixin_verb=('build',))
[0.075s] Level 1:colcon.colcon_core.package_discovery:discover_packages(colcon_meta) check parameters
[0.075s] Level 1:colcon.colcon_core.package_discovery:discover_packages(recursive) check parameters
[0.075s] Level 1:colcon.colcon_core.package_discovery:discover_packages(ignore) check parameters
[0.075s] Level 1:colcon.colcon_core.package_discovery:discover_packages(path) check parameters
[0.075s] Level 1:colcon.colcon_core.package_discovery:discover_packages(colcon_meta) discover
[0.075s] Level 1:colcon.colcon_core.package_discovery:discover_packages(recursive) discover
[0.075s] INFO:colcon.colcon_core.package_discovery:Crawling recursively for packages in '/home/alec/surgeryBotWs/src/surg_bot/surg_bot_description'
[0.076s] Level 1:colcon.colcon_core.package_identification:_identify(.) by extensions ['ignore', 'ignore_ament_install']
[0.076s] Level 1:colcon.colcon_core.package_identification:_identify(.) by extension 'ignore'
[0.076s] Level 1:colcon.colcon_core.package_identification:_identify(.) by extension 'ignore_ament_install'
[0.076s] Level 1:colcon.colcon_core.package_identification:_identify(.) by extensions ['colcon_pkg']
[0.076s] Level 1:colcon.colcon_core.package_identification:_identify(.) by extension 'colcon_pkg'
[0.076s] Level 1:colcon.colcon_core.package_identification:_identify(.) by extensions ['colcon_meta']
[0.076s] Level 1:colcon.colcon_core.package_identification:_identify(.) by extension 'colcon_meta'
[0.076s] Level 1:colcon.colcon_core.package_identification:_identify(.) by extensions ['ros']
[0.076s] Level 1:colcon.colcon_core.package_identification:_identify(.) by extension 'ros'
[0.091s] DEBUG:colcon.colcon_core.package_identification:Package '.' with type 'ros.ament_cmake' and name 'surg_bot_description'
[0.092s] Level 1:colcon.colcon_core.package_discovery:discover_packages(recursive) using defaults
[0.092s] Level 1:colcon.colcon_core.package_discovery:discover_packages(ignore) discover
[0.092s] Level 1:colcon.colcon_core.package_discovery:discover_packages(ignore) using defaults
[0.092s] Level 1:colcon.colcon_core.package_discovery:discover_packages(path) discover
[0.092s] Level 1:colcon.colcon_core.package_discovery:discover_packages(path) using defaults
[0.101s] Level 1:colcon.colcon_core.package_discovery:discover_packages(prefix_path) check parameters
[0.101s] Level 1:colcon.colcon_core.package_discovery:discover_packages(prefix_path) discover
[0.103s] DEBUG:colcon.colcon_installed_package_information.package_discovery:Found 255 installed packages in /opt/ros/jazzy
[0.103s] Level 1:colcon.colcon_core.package_discovery:discover_packages(prefix_path) using defaults
[0.120s] Level 5:colcon.colcon_core.verb:set package 'surg_bot_description' build argument 'cmake_args' from command line to 'None'
[0.120s] Level 5:colcon.colcon_core.verb:set package 'surg_bot_description' build argument 'cmake_target' from command line to 'None'
[0.120s] Level 5:colcon.colcon_core.verb:set package 'surg_bot_description' build argument 'cmake_target_skip_unavailable' from command line to 'False'
[0.120s] Level 5:colcon.colcon_core.verb:set package 'surg_bot_description' build argument 'cmake_clean_cache' from command line to 'False'
[0.120s] Level 5:colcon.colcon_core.verb:set package 'surg_bot_description' build argument 'cmake_clean_first' from command line to 'False'
[0.120s] Level 5:colcon.colcon_core.verb:set package 'surg_bot_description' build argument 'cmake_force_configure' from command line to 'False'
[0.120s] Level 5:colcon.colcon_core.verb:set package 'surg_bot_description' build argument 'ament_cmake_args' from command line to 'None'
[0.120s] Level 5:colcon.colcon_core.verb:set package 'surg_bot_description' build argument 'catkin_cmake_args' from command line to 'None'
[0.120s] Level 5:colcon.colcon_core.verb:set package 'surg_bot_description' build argument 'catkin_skip_building_tests' from command line to 'False'
[0.120s] DEBUG:colcon.colcon_core.verb:Building package 'surg_bot_description' with the following arguments: {'ament_cmake_args': None, 'build_base': '/home/alec/surgeryBotWs/src/surg_bot/surg_bot_description/build/surg_bot_description', 'catkin_cmake_args': None, 'catkin_skip_building_tests': False, 'cmake_args': None, 'cmake_clean_cache': False, 'cmake_clean_first': False, 'cmake_force_configure': False, 'cmake_target': None, 'cmake_target_skip_unavailable': False, 'install_base': '/home/alec/surgeryBotWs/src/surg_bot/surg_bot_description/install/surg_bot_description', 'merge_install': False, 'path': '/home/alec/surgeryBotWs/src/surg_bot/surg_bot_description', 'symlink_install': False, 'test_result_base': None}
[0.120s] INFO:colcon.colcon_core.executor:Executing jobs using 'parallel' executor
[0.121s] DEBUG:colcon.colcon_parallel_executor.executor.parallel:run_until_complete
[0.122s] INFO:colcon.colcon_ros.task.ament_cmake.build:Building ROS package in '/home/alec/surgeryBotWs/src/surg_bot/surg_bot_description' with build type 'ament_cmake'
[0.122s] INFO:colcon.colcon_cmake.task.cmake.build:Building CMake package in '/home/alec/surgeryBotWs/src/surg_bot/surg_bot_description'
[0.123s] INFO:colcon.colcon_core.plugin_system:Skipping extension 'colcon_core.shell.bat': Not used on non-Windows systems
[0.123s] INFO:colcon.colcon_core.shell:Skip shell extension 'powershell' for command environment: Not usable outside of PowerShell
[0.123s] DEBUG:colcon.colcon_core.shell:Skip shell extension 'dsv' for command environment
[0.127s] DEBUG:colcon.colcon_core.event_handler.log_command:Invoking command in '/home/alec/surgeryBotWs/src/surg_bot/surg_bot_description/build/surg_bot_description': CMAKE_PREFIX_PATH=${CMAKE_PREFIX_PATH}:/opt/ros/jazzy DEBUGINFOD_URLS=https://debuginfod.ubuntu.com /usr/bin/cmake /home/alec/surgeryBotWs/src/surg_bot/surg_bot_description -DCMAKE_INSTALL_PREFIX=/home/alec/surgeryBotWs/src/surg_bot/surg_bot_description/install/surg_bot_description
[0.750s] DEBUG:colcon.colcon_core.event_handler.log_command:Invoked command in '/home/alec/surgeryBotWs/src/surg_bot/surg_bot_description/build/surg_bot_description' returned '0': CMAKE_PREFIX_PATH=${CMAKE_PREFIX_PATH}:/opt/ros/jazzy DEBUGINFOD_URLS=https://debuginfod.ubuntu.com /usr/bin/cmake /home/alec/surgeryBotWs/src/surg_bot/surg_bot_description -DCMAKE_INSTALL_PREFIX=/home/alec/surgeryBotWs/src/surg_bot/surg_bot_description/install/surg_bot_description
[0.751s] DEBUG:colcon.colcon_core.event_handler.log_command:Invoking command in '/home/alec/surgeryBotWs/src/surg_bot/surg_bot_description/build/surg_bot_description': CMAKE_PREFIX_PATH=${CMAKE_PREFIX_PATH}:/opt/ros/jazzy DEBUGINFOD_URLS=https://debuginfod.ubuntu.com /usr/bin/cmake --build /home/alec/surgeryBotWs/src/surg_bot/surg_bot_description/build/surg_bot_description -- -j20 -l20
[0.785s] DEBUG:colcon.colcon_core.event_handler.log_command:Invoked command in '/home/alec/surgeryBotWs/src/surg_bot/surg_bot_description/build/surg_bot_description' returned '0': CMAKE_PREFIX_PATH=${CMAKE_PREFIX_PATH}:/opt/ros/jazzy DEBUGINFOD_URLS=https://debuginfod.ubuntu.com /usr/bin/cmake --build /home/alec/surgeryBotWs/src/surg_bot/surg_bot_description/build/surg_bot_description -- -j20 -l20
[0.818s] DEBUG:colcon.colcon_core.event_handler.log_command:Invoking command in '/home/alec/surgeryBotWs/src/surg_bot/surg_bot_description/build/surg_bot_description': CMAKE_PREFIX_PATH=${CMAKE_PREFIX_PATH}:/opt/ros/jazzy DEBUGINFOD_URLS=https://debuginfod.ubuntu.com /usr/bin/cmake --install /home/alec/surgeryBotWs/src/surg_bot/surg_bot_description/build/surg_bot_description
[0.823s] Level 1:colcon.colcon_core.environment:create_environment_scripts_only(surg_bot_description)
[0.824s] DEBUG:colcon.colcon_core.event_handler.log_command:Invoked command in '/home/alec/surgeryBotWs/src/surg_bot/surg_bot_description/build/surg_bot_description' returned '0': CMAKE_PREFIX_PATH=${CMAKE_PREFIX_PATH}:/opt/ros/jazzy DEBUGINFOD_URLS=https://debuginfod.ubuntu.com /usr/bin/cmake --install /home/alec/surgeryBotWs/src/surg_bot/surg_bot_description/build/surg_bot_description
[0.826s] Level 1:colcon.colcon_core.environment:checking '/home/alec/surgeryBotWs/src/surg_bot/surg_bot_description/install/surg_bot_description' for CMake module files
[0.826s] Level 1:colcon.colcon_core.environment:checking '/home/alec/surgeryBotWs/src/surg_bot/surg_bot_description/install/surg_bot_description' for CMake config files
[0.826s] Level 1:colcon.colcon_core.shell:create_environment_hook('surg_bot_description', 'cmake_prefix_path')
[0.826s] INFO:colcon.colcon_core.shell:Creating environment hook '/home/alec/surgeryBotWs/src/surg_bot/surg_bot_description/install/surg_bot_description/share/surg_bot_description/hook/cmake_prefix_path.ps1'
[0.826s] INFO:colcon.colcon_core.shell:Creating environment descriptor '/home/alec/surgeryBotWs/src/surg_bot/surg_bot_description/install/surg_bot_description/share/surg_bot_description/hook/cmake_prefix_path.dsv'
[0.827s] INFO:colcon.colcon_core.shell:Creating environment hook '/home/alec/surgeryBotWs/src/surg_bot/surg_bot_description/install/surg_bot_description/share/surg_bot_description/hook/cmake_prefix_path.sh'
[0.827s] Level 1:colcon.colcon_core.environment:checking '/home/alec/surgeryBotWs/src/surg_bot/surg_bot_description/install/surg_bot_description/bin'
[0.827s] Level 1:colcon.colcon_core.environment:checking '/home/alec/surgeryBotWs/src/surg_bot/surg_bot_description/install/surg_bot_description/lib/pkgconfig/surg_bot_description.pc'
[0.827s] Level 1:colcon.colcon_core.environment:checking '/home/alec/surgeryBotWs/src/surg_bot/surg_bot_description/install/surg_bot_description/lib/python3.12/site-packages'
[0.827s] Level 1:colcon.colcon_core.environment:checking '/home/alec/surgeryBotWs/src/surg_bot/surg_bot_description/install/surg_bot_description/bin'
[0.828s] INFO:colcon.colcon_core.shell:Creating package script '/home/alec/surgeryBotWs/src/surg_bot/surg_bot_description/install/surg_bot_description/share/surg_bot_description/package.ps1'
[0.828s] INFO:colcon.colcon_core.shell:Creating package descriptor '/home/alec/surgeryBotWs/src/surg_bot/surg_bot_description/install/surg_bot_description/share/surg_bot_description/package.dsv'
[0.828s] INFO:colcon.colcon_core.shell:Creating package script '/home/alec/surgeryBotWs/src/surg_bot/surg_bot_description/install/surg_bot_description/share/surg_bot_description/package.sh'
[0.828s] INFO:colcon.colcon_core.shell:Creating package script '/home/alec/surgeryBotWs/src/surg_bot/surg_bot_description/install/surg_bot_description/share/surg_bot_description/package.bash'
[0.829s] INFO:colcon.colcon_core.shell:Creating package script '/home/alec/surgeryBotWs/src/surg_bot/surg_bot_description/install/surg_bot_description/share/surg_bot_description/package.zsh'
[0.829s] Level 1:colcon.colcon_core.environment:create_file_with_runtime_dependencies(/home/alec/surgeryBotWs/src/surg_bot/surg_bot_description/install/surg_bot_description/share/colcon-core/packages/surg_bot_description)
[0.847s] Level 1:colcon.colcon_core.environment:create_environment_scripts_only(surg_bot_description)
[0.847s] Level 1:colcon.colcon_core.environment:checking '/home/alec/surgeryBotWs/src/surg_bot/surg_bot_description/install/surg_bot_description' for CMake module files
[0.847s] Level 1:colcon.colcon_core.environment:checking '/home/alec/surgeryBotWs/src/surg_bot/surg_bot_description/install/surg_bot_description' for CMake config files
[0.847s] Level 1:colcon.colcon_core.shell:create_environment_hook('surg_bot_description', 'cmake_prefix_path')
[0.847s] INFO:colcon.colcon_core.shell:Creating environment hook '/home/alec/surgeryBotWs/src/surg_bot/surg_bot_description/install/surg_bot_description/share/surg_bot_description/hook/cmake_prefix_path.ps1'
[0.848s] INFO:colcon.colcon_core.shell:Creating environment descriptor '/home/alec/surgeryBotWs/src/surg_bot/surg_bot_description/install/surg_bot_description/share/surg_bot_description/hook/cmake_prefix_path.dsv'
[0.848s] INFO:colcon.colcon_core.shell:Creating environment hook '/home/alec/surgeryBotWs/src/surg_bot/surg_bot_description/install/surg_bot_description/share/surg_bot_description/hook/cmake_prefix_path.sh'
[0.848s] Level 1:colcon.colcon_core.environment:checking '/home/alec/surgeryBotWs/src/surg_bot/surg_bot_description/install/surg_bot_description/bin'
[0.848s] Level 1:colcon.colcon_core.environment:checking '/home/alec/surgeryBotWs/src/surg_bot/surg_bot_description/install/surg_bot_description/lib/pkgconfig/surg_bot_description.pc'
[0.849s] Level 1:colcon.colcon_core.environment:checking '/home/alec/surgeryBotWs/src/surg_bot/surg_bot_description/install/surg_bot_description/lib/python3.12/site-packages'
[0.849s] Level 1:colcon.colcon_core.environment:checking '/home/alec/surgeryBotWs/src/surg_bot/surg_bot_description/install/surg_bot_description/bin'
[0.849s] INFO:colcon.colcon_core.shell:Creating package script '/home/alec/surgeryBotWs/src/surg_bot/surg_bot_description/install/surg_bot_description/share/surg_bot_description/package.ps1'
[0.849s] INFO:colcon.colcon_core.shell:Creating package descriptor '/home/alec/surgeryBotWs/src/surg_bot/surg_bot_description/install/surg_bot_description/share/surg_bot_description/package.dsv'
[0.850s] INFO:colcon.colcon_core.shell:Creating package script '/home/alec/surgeryBotWs/src/surg_bot/surg_bot_description/install/surg_bot_description/share/surg_bot_description/package.sh'
[0.850s] INFO:colcon.colcon_core.shell:Creating package script '/home/alec/surgeryBotWs/src/surg_bot/surg_bot_description/install/surg_bot_description/share/surg_bot_description/package.bash'
[0.850s] INFO:colcon.colcon_core.shell:Creating package script '/home/alec/surgeryBotWs/src/surg_bot/surg_bot_description/install/surg_bot_description/share/surg_bot_description/package.zsh'
[0.850s] Level 1:colcon.colcon_core.environment:create_file_with_runtime_dependencies(/home/alec/surgeryBotWs/src/surg_bot/surg_bot_description/install/surg_bot_description/share/colcon-core/packages/surg_bot_description)
[0.851s] DEBUG:colcon.colcon_parallel_executor.executor.parallel:closing loop
[0.851s] DEBUG:colcon.colcon_parallel_executor.executor.parallel:loop closed
[0.851s] DEBUG:colcon.colcon_parallel_executor.executor.parallel:run_until_complete finished with '0'
[0.851s] DEBUG:colcon.colcon_core.event_reactor:joining thread
[0.855s] INFO:colcon.colcon_core.plugin_system:Skipping extension 'colcon_notification.desktop_notification.terminal_notifier': Not used on non-Darwin systems
[0.855s] INFO:colcon.colcon_core.plugin_system:Skipping extension 'colcon_notification.desktop_notification.win32': Not used on non-Windows systems
[0.855s] INFO:colcon.colcon_notification.desktop_notification:Sending desktop notification using 'notify2'
[0.865s] DEBUG:colcon.colcon_core.event_reactor:joined thread
[0.865s] INFO:colcon.colcon_core.shell:Creating prefix script '/home/alec/surgeryBotWs/src/surg_bot/surg_bot_description/install/local_setup.ps1'
[0.865s] INFO:colcon.colcon_core.shell:Creating prefix util module '/home/alec/surgeryBotWs/src/surg_bot/surg_bot_description/install/_local_setup_util_ps1.py'
[0.866s] INFO:colcon.colcon_core.shell:Creating prefix chain script '/home/alec/surgeryBotWs/src/surg_bot/surg_bot_description/install/setup.ps1'
[0.867s] INFO:colcon.colcon_core.shell:Creating prefix script '/home/alec/surgeryBotWs/src/surg_bot/surg_bot_description/install/local_setup.sh'
[0.867s] INFO:colcon.colcon_core.shell:Creating prefix util module '/home/alec/surgeryBotWs/src/surg_bot/surg_bot_description/install/_local_setup_util_sh.py'
[0.867s] INFO:colcon.colcon_core.shell:Creating prefix chain script '/home/alec/surgeryBotWs/src/surg_bot/surg_bot_description/install/setup.sh'
[0.868s] INFO:colcon.colcon_core.shell:Creating prefix script '/home/alec/surgeryBotWs/src/surg_bot/surg_bot_description/install/local_setup.bash'
[0.869s] INFO:colcon.colcon_core.shell:Creating prefix chain script '/home/alec/surgeryBotWs/src/surg_bot/surg_bot_description/install/setup.bash'
[0.869s] INFO:colcon.colcon_core.shell:Creating prefix script '/home/alec/surgeryBotWs/src/surg_bot/surg_bot_description/install/local_setup.zsh'
[0.869s] INFO:colcon.colcon_core.shell:Creating prefix chain script '/home/alec/surgeryBotWs/src/surg_bot/surg_bot_description/install/setup.zsh'
