[0.006s] Invoking command in '/home/alec/surgeryBotWs/src/surg_bot/surg_bot_description/build/surg_bot_description': CMAKE_PREFIX_PATH=${CMAKE_PREFIX_PATH}:/opt/ros/jazzy DEBUGINFOD_URLS=https://debuginfod.ubuntu.com /usr/bin/cmake /home/alec/surgeryBotWs/src/surg_bot/surg_bot_description -DCMAKE_INSTALL_PREFIX=/home/alec/surgeryBotWs/src/surg_bot/surg_bot_description/install/surg_bot_description
[0.075s] -- The C compiler identification is GNU 13.2.0
[0.139s] -- The CXX compiler identification is GNU 13.2.0
[0.160s] -- Detecting C compiler ABI info
[0.250s] -- Detecting C compiler ABI info - done
[0.256s] -- Check for working C compiler: /usr/bin/cc - skipped
[0.257s] -- Detecting C compile features
[0.257s] -- Detecting C compile features - done
[0.265s] -- Detecting CXX compiler ABI info
[0.345s] -- Detecting CXX compiler ABI info - done
[0.350s] -- Check for working CXX compiler: /usr/bin/c++ - skipped
[0.350s] -- Detecting CXX compile features
[0.350s] -- Detecting CXX compile features - done
[0.355s] -- Found ament_cmake: 2.5.2 (/opt/ros/jazzy/share/ament_cmake/cmake)
[0.459s] -- Found Python3: /usr/bin/python3 (found version "3.12.3") found components: Interpreter 
[0.534s] -- Found ament_lint_auto: 0.17.1 (/opt/ros/jazzy/share/ament_lint_auto/cmake)
[0.618s] -- Added test 'cppcheck' to perform static code analysis on C / C++ code
[0.618s] -- Configured cppcheck include dirs: 
[0.618s] -- Configured cppcheck exclude dirs and/or files: 
[0.619s] -- Added test 'lint_cmake' to check CMake code style
[0.621s] -- Added test 'uncrustify' to check C / C++ code style
[0.622s] -- Configured uncrustify additional arguments: 
[0.622s] -- Added test 'xmllint' to check XML markup files
[0.623s] -- Configuring done (0.6s)
[0.625s] -- Generating done (0.0s)
[0.625s] -- Build files have been written to: /home/alec/surgeryBotWs/src/surg_bot/surg_bot_description/build/surg_bot_description
[0.629s] Invoked command in '/home/alec/surgeryBotWs/src/surg_bot/surg_bot_description/build/surg_bot_description' returned '0': CMAKE_PREFIX_PATH=${CMAKE_PREFIX_PATH}:/opt/ros/jazzy DEBUGINFOD_URLS=https://debuginfod.ubuntu.com /usr/bin/cmake /home/alec/surgeryBotWs/src/surg_bot/surg_bot_description -DCMAKE_INSTALL_PREFIX=/home/alec/surgeryBotWs/src/surg_bot/surg_bot_description/install/surg_bot_description
[0.629s] Invoking command in '/home/alec/surgeryBotWs/src/surg_bot/surg_bot_description/build/surg_bot_description': CMAKE_PREFIX_PATH=${CMAKE_PREFIX_PATH}:/opt/ros/jazzy DEBUGINFOD_URLS=https://debuginfod.ubuntu.com /usr/bin/cmake --build /home/alec/surgeryBotWs/src/surg_bot/surg_bot_description/build/surg_bot_description -- -j20 -l20
[0.663s] Invoked command in '/home/alec/surgeryBotWs/src/surg_bot/surg_bot_description/build/surg_bot_description' returned '0': CMAKE_PREFIX_PATH=${CMAKE_PREFIX_PATH}:/opt/ros/jazzy DEBUGINFOD_URLS=https://debuginfod.ubuntu.com /usr/bin/cmake --build /home/alec/surgeryBotWs/src/surg_bot/surg_bot_description/build/surg_bot_description -- -j20 -l20
[0.696s] Invoking command in '/home/alec/surgeryBotWs/src/surg_bot/surg_bot_description/build/surg_bot_description': CMAKE_PREFIX_PATH=${CMAKE_PREFIX_PATH}:/opt/ros/jazzy DEBUGINFOD_URLS=https://debuginfod.ubuntu.com /usr/bin/cmake --install /home/alec/surgeryBotWs/src/surg_bot/surg_bot_description/build/surg_bot_description
[0.701s] -- Install configuration: ""
[0.701s] -- Installing: /home/alec/surgeryBotWs/src/surg_bot/surg_bot_description/install/surg_bot_description/share/ament_index/resource_index/package_run_dependencies/surg_bot_description
[0.701s] -- Installing: /home/alec/surgeryBotWs/src/surg_bot/surg_bot_description/install/surg_bot_description/share/ament_index/resource_index/parent_prefix_path/surg_bot_description
[0.701s] -- Installing: /home/alec/surgeryBotWs/src/surg_bot/surg_bot_description/install/surg_bot_description/share/surg_bot_description/environment/ament_prefix_path.sh
[0.701s] -- Installing: /home/alec/surgeryBotWs/src/surg_bot/surg_bot_description/install/surg_bot_description/share/surg_bot_description/environment/ament_prefix_path.dsv
[0.701s] -- Installing: /home/alec/surgeryBotWs/src/surg_bot/surg_bot_description/install/surg_bot_description/share/surg_bot_description/environment/path.sh
[0.701s] -- Installing: /home/alec/surgeryBotWs/src/surg_bot/surg_bot_description/install/surg_bot_description/share/surg_bot_description/environment/path.dsv
[0.701s] -- Installing: /home/alec/surgeryBotWs/src/surg_bot/surg_bot_description/install/surg_bot_description/share/surg_bot_description/local_setup.bash
[0.701s] -- Installing: /home/alec/surgeryBotWs/src/surg_bot/surg_bot_description/install/surg_bot_description/share/surg_bot_description/local_setup.sh
[0.701s] -- Installing: /home/alec/surgeryBotWs/src/surg_bot/surg_bot_description/install/surg_bot_description/share/surg_bot_description/local_setup.zsh
[0.701s] -- Installing: /home/alec/surgeryBotWs/src/surg_bot/surg_bot_description/install/surg_bot_description/share/surg_bot_description/local_setup.dsv
[0.701s] -- Installing: /home/alec/surgeryBotWs/src/surg_bot/surg_bot_description/install/surg_bot_description/share/surg_bot_description/package.dsv
[0.701s] -- Installing: /home/alec/surgeryBotWs/src/surg_bot/surg_bot_description/install/surg_bot_description/share/ament_index/resource_index/packages/surg_bot_description
[0.701s] -- Installing: /home/alec/surgeryBotWs/src/surg_bot/surg_bot_description/install/surg_bot_description/share/surg_bot_description/cmake/surg_bot_descriptionConfig.cmake
[0.701s] -- Installing: /home/alec/surgeryBotWs/src/surg_bot/surg_bot_description/install/surg_bot_description/share/surg_bot_description/cmake/surg_bot_descriptionConfig-version.cmake
[0.701s] -- Installing: /home/alec/surgeryBotWs/src/surg_bot/surg_bot_description/install/surg_bot_description/share/surg_bot_description/package.xml
[0.702s] Invoked command in '/home/alec/surgeryBotWs/src/surg_bot/surg_bot_description/build/surg_bot_description' returned '0': CMAKE_PREFIX_PATH=${CMAKE_PREFIX_PATH}:/opt/ros/jazzy DEBUGINFOD_URLS=https://debuginfod.ubuntu.com /usr/bin/cmake --install /home/alec/surgeryBotWs/src/surg_bot/surg_bot_description/build/surg_bot_description
