[0.077s] DEBUG:colcon:Command line arguments: ['/usr/bin/colcon', 'build']
[0.077s] DEBUG:colcon:Parsed command line arguments: Namespace(log_base=None, log_level=None, verb_name='build', build_base='build', install_base='install', merge_install=False, symlink_install=False, test_result_base=None, continue_on_error=False, executor='parallel', parallel_workers=12, event_handlers=None, ignore_user_meta=False, metas=['./colcon.meta'], base_paths=['.'], packages_ignore=None, packages_ignore_regex=None, paths=None, packages_up_to=None, packages_up_to_regex=None, packages_above=None, packages_above_and_dependencies=None, packages_above_depth=None, packages_select_by_dep=None, packages_skip_by_dep=None, packages_skip_up_to=None, packages_select_build_failed=False, packages_skip_build_finished=False, packages_select_test_failures=False, packages_skip_test_passed=False, packages_select=None, packages_skip=None, packages_select_regex=None, packages_skip_regex=None, packages_start=None, packages_end=None, allow_overriding=[], cmake_args=None, cmake_target=None, cmake_target_skip_unavailable=False, cmake_clean_cache=False, cmake_clean_first=False, cmake_force_configure=False, ament_cmake_args=None, catkin_cmake_args=None, catkin_skip_building_tests=False, mixin_files=None, mixin=None, verb_parser=<colcon_mixin.mixin.mixin_argument.MixinArgumentDecorator object at 0x7aac4ee84b60>, verb_extension=<colcon_core.verb.build.BuildVerb object at 0x7aac4ee84740>, main=<bound method BuildVerb.main of <colcon_core.verb.build.BuildVerb object at 0x7aac4ee84740>>, mixin_verb=('build',))
[0.105s] Level 1:colcon.colcon_core.package_discovery:discover_packages(colcon_meta) check parameters
[0.105s] Level 1:colcon.colcon_core.package_discovery:discover_packages(recursive) check parameters
[0.105s] Level 1:colcon.colcon_core.package_discovery:discover_packages(ignore) check parameters
[0.105s] Level 1:colcon.colcon_core.package_discovery:discover_packages(path) check parameters
[0.105s] Level 1:colcon.colcon_core.package_discovery:discover_packages(colcon_meta) discover
[0.105s] Level 1:colcon.colcon_core.package_discovery:discover_packages(recursive) discover
[0.105s] INFO:colcon.colcon_core.package_discovery:Crawling recursively for packages in '/home/ubuntu/surgeryBotWs'
[0.105s] Level 1:colcon.colcon_core.package_identification:_identify(.) by extensions ['ignore', 'ignore_ament_install']
[0.106s] Level 1:colcon.colcon_core.package_identification:_identify(.) by extension 'ignore'
[0.106s] Level 1:colcon.colcon_core.package_identification:_identify(.) by extension 'ignore_ament_install'
[0.106s] Level 1:colcon.colcon_core.package_identification:_identify(.) by extensions ['colcon_pkg']
[0.106s] Level 1:colcon.colcon_core.package_identification:_identify(.) by extension 'colcon_pkg'
[0.106s] Level 1:colcon.colcon_core.package_identification:_identify(.) by extensions ['colcon_meta']
[0.106s] Level 1:colcon.colcon_core.package_identification:_identify(.) by extension 'colcon_meta'
[0.106s] Level 1:colcon.colcon_core.package_identification:_identify(.) by extensions ['ros']
[0.106s] Level 1:colcon.colcon_core.package_identification:_identify(.) by extension 'ros'
[0.126s] Level 1:colcon.colcon_core.package_identification:_identify(.) by extensions ['cmake', 'python']
[0.126s] Level 1:colcon.colcon_core.package_identification:_identify(.) by extension 'cmake'
[0.126s] Level 1:colcon.colcon_core.package_identification:_identify(.) by extension 'python'
[0.126s] Level 1:colcon.colcon_core.package_identification:_identify(.) by extensions ['python_setup_py']
[0.126s] Level 1:colcon.colcon_core.package_identification:_identify(.) by extension 'python_setup_py'
[0.126s] Level 1:colcon.colcon_core.package_identification:_identify(build) by extensions ['ignore', 'ignore_ament_install']
[0.126s] Level 1:colcon.colcon_core.package_identification:_identify(build) by extension 'ignore'
[0.126s] Level 1:colcon.colcon_core.package_identification:_identify(build) ignored
[0.126s] Level 1:colcon.colcon_core.package_identification:_identify(install) by extensions ['ignore', 'ignore_ament_install']
[0.126s] Level 1:colcon.colcon_core.package_identification:_identify(install) by extension 'ignore'
[0.126s] Level 1:colcon.colcon_core.package_identification:_identify(install) ignored
[0.126s] Level 1:colcon.colcon_core.package_identification:_identify(log) by extensions ['ignore', 'ignore_ament_install']
[0.126s] Level 1:colcon.colcon_core.package_identification:_identify(log) by extension 'ignore'
[0.126s] Level 1:colcon.colcon_core.package_identification:_identify(log) ignored
[0.126s] Level 1:colcon.colcon_core.package_identification:_identify(src) by extensions ['ignore', 'ignore_ament_install']
[0.126s] Level 1:colcon.colcon_core.package_identification:_identify(src) by extension 'ignore'
[0.127s] Level 1:colcon.colcon_core.package_identification:_identify(src) by extension 'ignore_ament_install'
[0.127s] Level 1:colcon.colcon_core.package_identification:_identify(src) by extensions ['colcon_pkg']
[0.127s] Level 1:colcon.colcon_core.package_identification:_identify(src) by extension 'colcon_pkg'
[0.127s] Level 1:colcon.colcon_core.package_identification:_identify(src) by extensions ['colcon_meta']
[0.127s] Level 1:colcon.colcon_core.package_identification:_identify(src) by extension 'colcon_meta'
[0.127s] Level 1:colcon.colcon_core.package_identification:_identify(src) by extensions ['ros']
[0.127s] Level 1:colcon.colcon_core.package_identification:_identify(src) by extension 'ros'
[0.127s] Level 1:colcon.colcon_core.package_identification:_identify(src) by extensions ['cmake', 'python']
[0.127s] Level 1:colcon.colcon_core.package_identification:_identify(src) by extension 'cmake'
[0.127s] Level 1:colcon.colcon_core.package_identification:_identify(src) by extension 'python'
[0.127s] Level 1:colcon.colcon_core.package_identification:_identify(src) by extensions ['python_setup_py']
[0.127s] Level 1:colcon.colcon_core.package_identification:_identify(src) by extension 'python_setup_py'
[0.127s] Level 1:colcon.colcon_core.package_identification:_identify(src/surg_bot) by extensions ['ignore', 'ignore_ament_install']
[0.127s] Level 1:colcon.colcon_core.package_identification:_identify(src/surg_bot) by extension 'ignore'
[0.127s] Level 1:colcon.colcon_core.package_identification:_identify(src/surg_bot) by extension 'ignore_ament_install'
[0.127s] Level 1:colcon.colcon_core.package_identification:_identify(src/surg_bot) by extensions ['colcon_pkg']
[0.127s] Level 1:colcon.colcon_core.package_identification:_identify(src/surg_bot) by extension 'colcon_pkg'
[0.127s] Level 1:colcon.colcon_core.package_identification:_identify(src/surg_bot) by extensions ['colcon_meta']
[0.127s] Level 1:colcon.colcon_core.package_identification:_identify(src/surg_bot) by extension 'colcon_meta'
[0.127s] Level 1:colcon.colcon_core.package_identification:_identify(src/surg_bot) by extensions ['ros']
[0.127s] Level 1:colcon.colcon_core.package_identification:_identify(src/surg_bot) by extension 'ros'
[0.127s] Level 1:colcon.colcon_core.package_identification:_identify(src/surg_bot) by extensions ['cmake', 'python']
[0.127s] Level 1:colcon.colcon_core.package_identification:_identify(src/surg_bot) by extension 'cmake'
[0.127s] Level 1:colcon.colcon_core.package_identification:_identify(src/surg_bot) by extension 'python'
[0.127s] Level 1:colcon.colcon_core.package_identification:_identify(src/surg_bot) by extensions ['python_setup_py']
[0.127s] Level 1:colcon.colcon_core.package_identification:_identify(src/surg_bot) by extension 'python_setup_py'
[0.127s] Level 1:colcon.colcon_core.package_identification:_identify(src/surg_bot/surg_bot) by extensions ['ignore', 'ignore_ament_install']
[0.127s] Level 1:colcon.colcon_core.package_identification:_identify(src/surg_bot/surg_bot) by extension 'ignore'
[0.127s] Level 1:colcon.colcon_core.package_identification:_identify(src/surg_bot/surg_bot) by extension 'ignore_ament_install'
[0.127s] Level 1:colcon.colcon_core.package_identification:_identify(src/surg_bot/surg_bot) by extensions ['colcon_pkg']
[0.127s] Level 1:colcon.colcon_core.package_identification:_identify(src/surg_bot/surg_bot) by extension 'colcon_pkg'
[0.127s] Level 1:colcon.colcon_core.package_identification:_identify(src/surg_bot/surg_bot) by extensions ['colcon_meta']
[0.127s] Level 1:colcon.colcon_core.package_identification:_identify(src/surg_bot/surg_bot) by extension 'colcon_meta'
[0.127s] Level 1:colcon.colcon_core.package_identification:_identify(src/surg_bot/surg_bot) by extensions ['ros']
[0.128s] Level 1:colcon.colcon_core.package_identification:_identify(src/surg_bot/surg_bot) by extension 'ros'
[0.129s] DEBUG:colcon.colcon_core.package_identification:Package 'src/surg_bot/surg_bot' with type 'ros.ament_cmake' and name 'surg_bot'
[0.129s] Level 1:colcon.colcon_core.package_identification:_identify(src/surg_bot/surg_bot_description) by extensions ['ignore', 'ignore_ament_install']
[0.129s] Level 1:colcon.colcon_core.package_identification:_identify(src/surg_bot/surg_bot_description) by extension 'ignore'
[0.129s] Level 1:colcon.colcon_core.package_identification:_identify(src/surg_bot/surg_bot_description) by extension 'ignore_ament_install'
[0.130s] Level 1:colcon.colcon_core.package_identification:_identify(src/surg_bot/surg_bot_description) by extensions ['colcon_pkg']
[0.130s] Level 1:colcon.colcon_core.package_identification:_identify(src/surg_bot/surg_bot_description) by extension 'colcon_pkg'
[0.130s] Level 1:colcon.colcon_core.package_identification:_identify(src/surg_bot/surg_bot_description) by extensions ['colcon_meta']
[0.130s] Level 1:colcon.colcon_core.package_identification:_identify(src/surg_bot/surg_bot_description) by extension 'colcon_meta'
[0.130s] Level 1:colcon.colcon_core.package_identification:_identify(src/surg_bot/surg_bot_description) by extensions ['ros']
[0.130s] Level 1:colcon.colcon_core.package_identification:_identify(src/surg_bot/surg_bot_description) by extension 'ros'
[0.130s] DEBUG:colcon.colcon_core.package_identification:Package 'src/surg_bot/surg_bot_description' with type 'ros.ament_cmake' and name 'surg_bot_description'
[0.130s] Level 1:colcon.colcon_core.package_discovery:discover_packages(recursive) using defaults
[0.130s] Level 1:colcon.colcon_core.package_discovery:discover_packages(ignore) discover
[0.130s] Level 1:colcon.colcon_core.package_discovery:discover_packages(ignore) using defaults
[0.130s] Level 1:colcon.colcon_core.package_discovery:discover_packages(path) discover
[0.130s] Level 1:colcon.colcon_core.package_discovery:discover_packages(path) using defaults
[0.143s] Level 1:colcon.colcon_core.package_discovery:discover_packages(prefix_path) check parameters
[0.143s] Level 1:colcon.colcon_core.package_discovery:discover_packages(prefix_path) discover
[0.145s] DEBUG:colcon.colcon_installed_package_information.package_discovery:Found 258 installed packages in /opt/ros/jazzy
[0.145s] Level 1:colcon.colcon_core.package_discovery:discover_packages(prefix_path) using defaults
[0.171s] Level 5:colcon.colcon_core.verb:set package 'surg_bot' build argument 'cmake_args' from command line to 'None'
[0.171s] Level 5:colcon.colcon_core.verb:set package 'surg_bot' build argument 'cmake_target' from command line to 'None'
[0.171s] Level 5:colcon.colcon_core.verb:set package 'surg_bot' build argument 'cmake_target_skip_unavailable' from command line to 'False'
[0.171s] Level 5:colcon.colcon_core.verb:set package 'surg_bot' build argument 'cmake_clean_cache' from command line to 'False'
[0.171s] Level 5:colcon.colcon_core.verb:set package 'surg_bot' build argument 'cmake_clean_first' from command line to 'False'
[0.171s] Level 5:colcon.colcon_core.verb:set package 'surg_bot' build argument 'cmake_force_configure' from command line to 'False'
[0.171s] Level 5:colcon.colcon_core.verb:set package 'surg_bot' build argument 'ament_cmake_args' from command line to 'None'
[0.171s] Level 5:colcon.colcon_core.verb:set package 'surg_bot' build argument 'catkin_cmake_args' from command line to 'None'
[0.171s] Level 5:colcon.colcon_core.verb:set package 'surg_bot' build argument 'catkin_skip_building_tests' from command line to 'False'
[0.171s] DEBUG:colcon.colcon_core.verb:Building package 'surg_bot' with the following arguments: {'ament_cmake_args': None, 'build_base': '/home/ubuntu/surgeryBotWs/build/surg_bot', 'catkin_cmake_args': None, 'catkin_skip_building_tests': False, 'cmake_args': None, 'cmake_clean_cache': False, 'cmake_clean_first': False, 'cmake_force_configure': False, 'cmake_target': None, 'cmake_target_skip_unavailable': False, 'install_base': '/home/ubuntu/surgeryBotWs/install/surg_bot', 'merge_install': False, 'path': '/home/ubuntu/surgeryBotWs/src/surg_bot/surg_bot', 'symlink_install': False, 'test_result_base': None}
[0.171s] Level 5:colcon.colcon_core.verb:set package 'surg_bot_description' build argument 'cmake_args' from command line to 'None'
[0.171s] Level 5:colcon.colcon_core.verb:set package 'surg_bot_description' build argument 'cmake_target' from command line to 'None'
[0.171s] Level 5:colcon.colcon_core.verb:set package 'surg_bot_description' build argument 'cmake_target_skip_unavailable' from command line to 'False'
[0.171s] Level 5:colcon.colcon_core.verb:set package 'surg_bot_description' build argument 'cmake_clean_cache' from command line to 'False'
[0.171s] Level 5:colcon.colcon_core.verb:set package 'surg_bot_description' build argument 'cmake_clean_first' from command line to 'False'
[0.171s] Level 5:colcon.colcon_core.verb:set package 'surg_bot_description' build argument 'cmake_force_configure' from command line to 'False'
[0.171s] Level 5:colcon.colcon_core.verb:set package 'surg_bot_description' build argument 'ament_cmake_args' from command line to 'None'
[0.171s] Level 5:colcon.colcon_core.verb:set package 'surg_bot_description' build argument 'catkin_cmake_args' from command line to 'None'
[0.171s] Level 5:colcon.colcon_core.verb:set package 'surg_bot_description' build argument 'catkin_skip_building_tests' from command line to 'False'
[0.171s] DEBUG:colcon.colcon_core.verb:Building package 'surg_bot_description' with the following arguments: {'ament_cmake_args': None, 'build_base': '/home/ubuntu/surgeryBotWs/build/surg_bot_description', 'catkin_cmake_args': None, 'catkin_skip_building_tests': False, 'cmake_args': None, 'cmake_clean_cache': False, 'cmake_clean_first': False, 'cmake_force_configure': False, 'cmake_target': None, 'cmake_target_skip_unavailable': False, 'install_base': '/home/ubuntu/surgeryBotWs/install/surg_bot_description', 'merge_install': False, 'path': '/home/ubuntu/surgeryBotWs/src/surg_bot/surg_bot_description', 'symlink_install': False, 'test_result_base': None}
[0.171s] INFO:colcon.colcon_core.executor:Executing jobs using 'parallel' executor
[0.172s] DEBUG:colcon.colcon_parallel_executor.executor.parallel:run_until_complete
[0.172s] INFO:colcon.colcon_ros.task.ament_cmake.build:Building ROS package in '/home/ubuntu/surgeryBotWs/src/surg_bot/surg_bot' with build type 'ament_cmake'
[0.172s] INFO:colcon.colcon_cmake.task.cmake.build:Building CMake package in '/home/ubuntu/surgeryBotWs/src/surg_bot/surg_bot'
[0.174s] INFO:colcon.colcon_core.plugin_system:Skipping extension 'colcon_core.shell.bat': Not used on non-Windows systems
[0.174s] INFO:colcon.colcon_core.shell:Skip shell extension 'powershell' for command environment: Not usable outside of PowerShell
[0.174s] DEBUG:colcon.colcon_core.shell:Skip shell extension 'dsv' for command environment
[0.178s] INFO:colcon.colcon_ros.task.ament_cmake.build:Building ROS package in '/home/ubuntu/surgeryBotWs/src/surg_bot/surg_bot_description' with build type 'ament_cmake'
[0.178s] INFO:colcon.colcon_cmake.task.cmake.build:Building CMake package in '/home/ubuntu/surgeryBotWs/src/surg_bot/surg_bot_description'
[0.178s] INFO:colcon.colcon_core.shell:Skip shell extension 'powershell' for command environment: Not usable outside of PowerShell
[0.178s] DEBUG:colcon.colcon_core.shell:Skip shell extension 'dsv' for command environment
[0.184s] DEBUG:colcon.colcon_core.event_handler.log_command:Invoking command in '/home/ubuntu/surgeryBotWs/build/surg_bot': CMAKE_PREFIX_PATH=${CMAKE_PREFIX_PATH}:/opt/ros/jazzy DEBUGINFOD_URLS=https://debuginfod.ubuntu.com /usr/bin/cmake --build /home/ubuntu/surgeryBotWs/build/surg_bot -- -j12 -l12
[0.187s] DEBUG:colcon.colcon_core.event_handler.log_command:Invoking command in '/home/ubuntu/surgeryBotWs/build/surg_bot_description': CMAKE_PREFIX_PATH=${CMAKE_PREFIX_PATH}:/opt/ros/jazzy DEBUGINFOD_URLS=https://debuginfod.ubuntu.com /usr/bin/cmake /home/ubuntu/surgeryBotWs/src/surg_bot/surg_bot_description -DCMAKE_INSTALL_PREFIX=/home/ubuntu/surgeryBotWs/install/surg_bot_description
[0.223s] DEBUG:colcon.colcon_core.event_handler.log_command:Invoked command in '/home/ubuntu/surgeryBotWs/build/surg_bot' returned '0': CMAKE_PREFIX_PATH=${CMAKE_PREFIX_PATH}:/opt/ros/jazzy DEBUGINFOD_URLS=https://debuginfod.ubuntu.com /usr/bin/cmake --build /home/ubuntu/surgeryBotWs/build/surg_bot -- -j12 -l12
[0.252s] DEBUG:colcon.colcon_core.event_handler.log_command:Invoking command in '/home/ubuntu/surgeryBotWs/build/surg_bot': CMAKE_PREFIX_PATH=${CMAKE_PREFIX_PATH}:/opt/ros/jazzy DEBUGINFOD_URLS=https://debuginfod.ubuntu.com /usr/bin/cmake --install /home/ubuntu/surgeryBotWs/build/surg_bot
[0.262s] Level 1:colcon.colcon_core.environment:create_environment_scripts_only(surg_bot)
[0.263s] DEBUG:colcon.colcon_core.event_handler.log_command:Invoked command in '/home/ubuntu/surgeryBotWs/build/surg_bot' returned '0': CMAKE_PREFIX_PATH=${CMAKE_PREFIX_PATH}:/opt/ros/jazzy DEBUGINFOD_URLS=https://debuginfod.ubuntu.com /usr/bin/cmake --install /home/ubuntu/surgeryBotWs/build/surg_bot
[0.264s] Level 1:colcon.colcon_core.environment:checking '/home/ubuntu/surgeryBotWs/install/surg_bot' for CMake module files
[0.264s] Level 1:colcon.colcon_core.environment:checking '/home/ubuntu/surgeryBotWs/install/surg_bot' for CMake config files
[0.265s] Level 1:colcon.colcon_core.shell:create_environment_hook('surg_bot', 'cmake_prefix_path')
[0.265s] INFO:colcon.colcon_core.shell:Creating environment hook '/home/ubuntu/surgeryBotWs/install/surg_bot/share/surg_bot/hook/cmake_prefix_path.ps1'
[0.266s] INFO:colcon.colcon_core.shell:Creating environment descriptor '/home/ubuntu/surgeryBotWs/install/surg_bot/share/surg_bot/hook/cmake_prefix_path.dsv'
[0.266s] INFO:colcon.colcon_core.shell:Creating environment hook '/home/ubuntu/surgeryBotWs/install/surg_bot/share/surg_bot/hook/cmake_prefix_path.sh'
[0.267s] Level 1:colcon.colcon_core.environment:checking '/home/ubuntu/surgeryBotWs/install/surg_bot/bin'
[0.267s] Level 1:colcon.colcon_core.environment:checking '/home/ubuntu/surgeryBotWs/install/surg_bot/lib/pkgconfig/surg_bot.pc'
[0.267s] Level 1:colcon.colcon_core.environment:checking '/home/ubuntu/surgeryBotWs/install/surg_bot/lib/python3.12/site-packages'
[0.268s] Level 1:colcon.colcon_core.environment:checking '/home/ubuntu/surgeryBotWs/install/surg_bot/bin'
[0.268s] INFO:colcon.colcon_core.shell:Creating package script '/home/ubuntu/surgeryBotWs/install/surg_bot/share/surg_bot/package.ps1'
[0.268s] INFO:colcon.colcon_core.shell:Creating package descriptor '/home/ubuntu/surgeryBotWs/install/surg_bot/share/surg_bot/package.dsv'
[0.269s] INFO:colcon.colcon_core.shell:Creating package script '/home/ubuntu/surgeryBotWs/install/surg_bot/share/surg_bot/package.sh'
[0.270s] INFO:colcon.colcon_core.shell:Creating package script '/home/ubuntu/surgeryBotWs/install/surg_bot/share/surg_bot/package.bash'
[0.270s] INFO:colcon.colcon_core.shell:Creating package script '/home/ubuntu/surgeryBotWs/install/surg_bot/share/surg_bot/package.zsh'
[0.271s] Level 1:colcon.colcon_core.environment:create_file_with_runtime_dependencies(/home/ubuntu/surgeryBotWs/install/surg_bot/share/colcon-core/packages/surg_bot)
[0.293s] Level 1:colcon.colcon_core.environment:create_environment_scripts_only(surg_bot)
[0.293s] Level 1:colcon.colcon_core.environment:checking '/home/ubuntu/surgeryBotWs/install/surg_bot' for CMake module files
[0.294s] Level 1:colcon.colcon_core.environment:checking '/home/ubuntu/surgeryBotWs/install/surg_bot' for CMake config files
[0.294s] Level 1:colcon.colcon_core.shell:create_environment_hook('surg_bot', 'cmake_prefix_path')
[0.294s] INFO:colcon.colcon_core.shell:Creating environment hook '/home/ubuntu/surgeryBotWs/install/surg_bot/share/surg_bot/hook/cmake_prefix_path.ps1'
[0.294s] INFO:colcon.colcon_core.shell:Creating environment descriptor '/home/ubuntu/surgeryBotWs/install/surg_bot/share/surg_bot/hook/cmake_prefix_path.dsv'
[0.295s] INFO:colcon.colcon_core.shell:Creating environment hook '/home/ubuntu/surgeryBotWs/install/surg_bot/share/surg_bot/hook/cmake_prefix_path.sh'
[0.296s] Level 1:colcon.colcon_core.environment:checking '/home/ubuntu/surgeryBotWs/install/surg_bot/bin'
[0.296s] Level 1:colcon.colcon_core.environment:checking '/home/ubuntu/surgeryBotWs/install/surg_bot/lib/pkgconfig/surg_bot.pc'
[0.296s] Level 1:colcon.colcon_core.environment:checking '/home/ubuntu/surgeryBotWs/install/surg_bot/lib/python3.12/site-packages'
[0.296s] Level 1:colcon.colcon_core.environment:checking '/home/ubuntu/surgeryBotWs/install/surg_bot/bin'
[0.296s] INFO:colcon.colcon_core.shell:Creating package script '/home/ubuntu/surgeryBotWs/install/surg_bot/share/surg_bot/package.ps1'
[0.297s] INFO:colcon.colcon_core.shell:Creating package descriptor '/home/ubuntu/surgeryBotWs/install/surg_bot/share/surg_bot/package.dsv'
[0.297s] INFO:colcon.colcon_core.shell:Creating package script '/home/ubuntu/surgeryBotWs/install/surg_bot/share/surg_bot/package.sh'
[0.298s] INFO:colcon.colcon_core.shell:Creating package script '/home/ubuntu/surgeryBotWs/install/surg_bot/share/surg_bot/package.bash'
[0.298s] INFO:colcon.colcon_core.shell:Creating package script '/home/ubuntu/surgeryBotWs/install/surg_bot/share/surg_bot/package.zsh'
[0.299s] Level 1:colcon.colcon_core.environment:create_file_with_runtime_dependencies(/home/ubuntu/surgeryBotWs/install/surg_bot/share/colcon-core/packages/surg_bot)
[0.857s] DEBUG:colcon.colcon_core.event_handler.log_command:Invoked command in '/home/ubuntu/surgeryBotWs/build/surg_bot_description' returned '0': CMAKE_PREFIX_PATH=${CMAKE_PREFIX_PATH}:/opt/ros/jazzy DEBUGINFOD_URLS=https://debuginfod.ubuntu.com /usr/bin/cmake /home/ubuntu/surgeryBotWs/src/surg_bot/surg_bot_description -DCMAKE_INSTALL_PREFIX=/home/ubuntu/surgeryBotWs/install/surg_bot_description
[0.858s] DEBUG:colcon.colcon_core.event_handler.log_command:Invoking command in '/home/ubuntu/surgeryBotWs/build/surg_bot_description': CMAKE_PREFIX_PATH=${CMAKE_PREFIX_PATH}:/opt/ros/jazzy DEBUGINFOD_URLS=https://debuginfod.ubuntu.com /usr/bin/cmake --build /home/ubuntu/surgeryBotWs/build/surg_bot_description -- -j12 -l12
[0.899s] DEBUG:colcon.colcon_core.event_handler.log_command:Invoked command in '/home/ubuntu/surgeryBotWs/build/surg_bot_description' returned '0': CMAKE_PREFIX_PATH=${CMAKE_PREFIX_PATH}:/opt/ros/jazzy DEBUGINFOD_URLS=https://debuginfod.ubuntu.com /usr/bin/cmake --build /home/ubuntu/surgeryBotWs/build/surg_bot_description -- -j12 -l12
[0.921s] DEBUG:colcon.colcon_core.event_handler.log_command:Invoking command in '/home/ubuntu/surgeryBotWs/build/surg_bot_description': CMAKE_PREFIX_PATH=${CMAKE_PREFIX_PATH}:/opt/ros/jazzy DEBUGINFOD_URLS=https://debuginfod.ubuntu.com /usr/bin/cmake --install /home/ubuntu/surgeryBotWs/build/surg_bot_description
[0.930s] Level 1:colcon.colcon_core.environment:create_environment_scripts_only(surg_bot_description)
[0.930s] Level 1:colcon.colcon_core.environment:checking '/home/ubuntu/surgeryBotWs/install/surg_bot_description' for CMake module files
[0.931s] DEBUG:colcon.colcon_core.event_handler.log_command:Invoked command in '/home/ubuntu/surgeryBotWs/build/surg_bot_description' returned '0': CMAKE_PREFIX_PATH=${CMAKE_PREFIX_PATH}:/opt/ros/jazzy DEBUGINFOD_URLS=https://debuginfod.ubuntu.com /usr/bin/cmake --install /home/ubuntu/surgeryBotWs/build/surg_bot_description
[0.931s] Level 1:colcon.colcon_core.environment:checking '/home/ubuntu/surgeryBotWs/install/surg_bot_description' for CMake config files
[0.931s] Level 1:colcon.colcon_core.shell:create_environment_hook('surg_bot_description', 'cmake_prefix_path')
[0.932s] INFO:colcon.colcon_core.shell:Creating environment hook '/home/ubuntu/surgeryBotWs/install/surg_bot_description/share/surg_bot_description/hook/cmake_prefix_path.ps1'
[0.932s] INFO:colcon.colcon_core.shell:Creating environment descriptor '/home/ubuntu/surgeryBotWs/install/surg_bot_description/share/surg_bot_description/hook/cmake_prefix_path.dsv'
[0.932s] INFO:colcon.colcon_core.shell:Creating environment hook '/home/ubuntu/surgeryBotWs/install/surg_bot_description/share/surg_bot_description/hook/cmake_prefix_path.sh'
[0.933s] Level 1:colcon.colcon_core.environment:checking '/home/ubuntu/surgeryBotWs/install/surg_bot_description/bin'
[0.933s] Level 1:colcon.colcon_core.environment:checking '/home/ubuntu/surgeryBotWs/install/surg_bot_description/lib/pkgconfig/surg_bot_description.pc'
[0.934s] Level 1:colcon.colcon_core.environment:checking '/home/ubuntu/surgeryBotWs/install/surg_bot_description/lib/python3.12/site-packages'
[0.934s] Level 1:colcon.colcon_core.environment:checking '/home/ubuntu/surgeryBotWs/install/surg_bot_description/bin'
[0.934s] INFO:colcon.colcon_core.shell:Creating package script '/home/ubuntu/surgeryBotWs/install/surg_bot_description/share/surg_bot_description/package.ps1'
[0.934s] INFO:colcon.colcon_core.shell:Creating package descriptor '/home/ubuntu/surgeryBotWs/install/surg_bot_description/share/surg_bot_description/package.dsv'
[0.934s] INFO:colcon.colcon_core.shell:Creating package script '/home/ubuntu/surgeryBotWs/install/surg_bot_description/share/surg_bot_description/package.sh'
[0.935s] INFO:colcon.colcon_core.shell:Creating package script '/home/ubuntu/surgeryBotWs/install/surg_bot_description/share/surg_bot_description/package.bash'
[0.935s] INFO:colcon.colcon_core.shell:Creating package script '/home/ubuntu/surgeryBotWs/install/surg_bot_description/share/surg_bot_description/package.zsh'
[0.935s] Level 1:colcon.colcon_core.environment:create_file_with_runtime_dependencies(/home/ubuntu/surgeryBotWs/install/surg_bot_description/share/colcon-core/packages/surg_bot_description)
[0.955s] Level 1:colcon.colcon_core.environment:create_environment_scripts_only(surg_bot_description)
[0.956s] Level 1:colcon.colcon_core.environment:checking '/home/ubuntu/surgeryBotWs/install/surg_bot_description' for CMake module files
[0.956s] Level 1:colcon.colcon_core.environment:checking '/home/ubuntu/surgeryBotWs/install/surg_bot_description' for CMake config files
[0.957s] Level 1:colcon.colcon_core.shell:create_environment_hook('surg_bot_description', 'cmake_prefix_path')
[0.957s] INFO:colcon.colcon_core.shell:Creating environment hook '/home/ubuntu/surgeryBotWs/install/surg_bot_description/share/surg_bot_description/hook/cmake_prefix_path.ps1'
[0.957s] INFO:colcon.colcon_core.shell:Creating environment descriptor '/home/ubuntu/surgeryBotWs/install/surg_bot_description/share/surg_bot_description/hook/cmake_prefix_path.dsv'
[0.958s] INFO:colcon.colcon_core.shell:Creating environment hook '/home/ubuntu/surgeryBotWs/install/surg_bot_description/share/surg_bot_description/hook/cmake_prefix_path.sh'
[0.958s] Level 1:colcon.colcon_core.environment:checking '/home/ubuntu/surgeryBotWs/install/surg_bot_description/bin'
[0.958s] Level 1:colcon.colcon_core.environment:checking '/home/ubuntu/surgeryBotWs/install/surg_bot_description/lib/pkgconfig/surg_bot_description.pc'
[0.958s] Level 1:colcon.colcon_core.environment:checking '/home/ubuntu/surgeryBotWs/install/surg_bot_description/lib/python3.12/site-packages'
[0.959s] Level 1:colcon.colcon_core.environment:checking '/home/ubuntu/surgeryBotWs/install/surg_bot_description/bin'
[0.959s] INFO:colcon.colcon_core.shell:Creating package script '/home/ubuntu/surgeryBotWs/install/surg_bot_description/share/surg_bot_description/package.ps1'
[0.959s] INFO:colcon.colcon_core.shell:Creating package descriptor '/home/ubuntu/surgeryBotWs/install/surg_bot_description/share/surg_bot_description/package.dsv'
[0.960s] INFO:colcon.colcon_core.shell:Creating package script '/home/ubuntu/surgeryBotWs/install/surg_bot_description/share/surg_bot_description/package.sh'
[0.960s] INFO:colcon.colcon_core.shell:Creating package script '/home/ubuntu/surgeryBotWs/install/surg_bot_description/share/surg_bot_description/package.bash'
[0.961s] INFO:colcon.colcon_core.shell:Creating package script '/home/ubuntu/surgeryBotWs/install/surg_bot_description/share/surg_bot_description/package.zsh'
[0.961s] Level 1:colcon.colcon_core.environment:create_file_with_runtime_dependencies(/home/ubuntu/surgeryBotWs/install/surg_bot_description/share/colcon-core/packages/surg_bot_description)
[0.961s] DEBUG:colcon.colcon_parallel_executor.executor.parallel:closing loop
[0.961s] DEBUG:colcon.colcon_parallel_executor.executor.parallel:loop closed
[0.961s] DEBUG:colcon.colcon_parallel_executor.executor.parallel:run_until_complete finished with '0'
[0.962s] DEBUG:colcon.colcon_core.event_reactor:joining thread
[0.967s] INFO:colcon.colcon_core.plugin_system:Skipping extension 'colcon_notification.desktop_notification.terminal_notifier': Not used on non-Darwin systems
[0.967s] INFO:colcon.colcon_core.plugin_system:Skipping extension 'colcon_notification.desktop_notification.win32': Not used on non-Windows systems
[0.967s] INFO:colcon.colcon_notification.desktop_notification:Sending desktop notification using 'notify2'
[0.987s] DEBUG:colcon.colcon_core.event_reactor:joined thread
[0.987s] INFO:colcon.colcon_core.shell:Creating prefix script '/home/ubuntu/surgeryBotWs/install/local_setup.ps1'
[0.988s] INFO:colcon.colcon_core.shell:Creating prefix util module '/home/ubuntu/surgeryBotWs/install/_local_setup_util_ps1.py'
[0.989s] INFO:colcon.colcon_core.shell:Creating prefix chain script '/home/ubuntu/surgeryBotWs/install/setup.ps1'
[0.990s] INFO:colcon.colcon_core.shell:Creating prefix script '/home/ubuntu/surgeryBotWs/install/local_setup.sh'
[0.990s] INFO:colcon.colcon_core.shell:Creating prefix util module '/home/ubuntu/surgeryBotWs/install/_local_setup_util_sh.py'
[0.991s] INFO:colcon.colcon_core.shell:Creating prefix chain script '/home/ubuntu/surgeryBotWs/install/setup.sh'
[0.992s] INFO:colcon.colcon_core.shell:Creating prefix script '/home/ubuntu/surgeryBotWs/install/local_setup.bash'
[0.993s] INFO:colcon.colcon_core.shell:Creating prefix chain script '/home/ubuntu/surgeryBotWs/install/setup.bash'
[0.994s] INFO:colcon.colcon_core.shell:Creating prefix script '/home/ubuntu/surgeryBotWs/install/local_setup.zsh'
[0.994s] INFO:colcon.colcon_core.shell:Creating prefix chain script '/home/ubuntu/surgeryBotWs/install/setup.zsh'
