[0.080s] DEBUG:colcon:Command line arguments: ['/usr/bin/colcon', 'build']
[0.080s] DEBUG:colcon:Parsed command line arguments: Namespace(log_base=None, log_level=None, verb_name='build', build_base='build', install_base='install', merge_install=False, symlink_install=False, test_result_base=None, continue_on_error=False, executor='parallel', parallel_workers=12, event_handlers=None, ignore_user_meta=False, metas=['./colcon.meta'], base_paths=['.'], packages_ignore=None, packages_ignore_regex=None, paths=None, packages_up_to=None, packages_up_to_regex=None, packages_above=None, packages_above_and_dependencies=None, packages_above_depth=None, packages_select_by_dep=None, packages_skip_by_dep=None, packages_skip_up_to=None, packages_select_build_failed=False, packages_skip_build_finished=False, packages_select_test_failures=False, packages_skip_test_passed=False, packages_select=None, packages_skip=None, packages_select_regex=None, packages_skip_regex=None, packages_start=None, packages_end=None, allow_overriding=[], cmake_args=None, cmake_target=None, cmake_target_skip_unavailable=False, cmake_clean_cache=False, cmake_clean_first=False, cmake_force_configure=False, ament_cmake_args=None, catkin_cmake_args=None, catkin_skip_building_tests=False, mixin_files=None, mixin=None, verb_parser=<colcon_mixin.mixin.mixin_argument.MixinArgumentDecorator object at 0x72edfc281610>, verb_extension=<colcon_core.verb.build.BuildVerb object at 0x72edfc2812b0>, main=<bound method BuildVerb.main of <colcon_core.verb.build.BuildVerb object at 0x72edfc2812b0>>, mixin_verb=('build',))
[0.108s] Level 1:colcon.colcon_core.package_discovery:discover_packages(colcon_meta) check parameters
[0.108s] Level 1:colcon.colcon_core.package_discovery:discover_packages(recursive) check parameters
[0.109s] Level 1:colcon.colcon_core.package_discovery:discover_packages(ignore) check parameters
[0.109s] Level 1:colcon.colcon_core.package_discovery:discover_packages(path) check parameters
[0.109s] Level 1:colcon.colcon_core.package_discovery:discover_packages(colcon_meta) discover
[0.109s] Level 1:colcon.colcon_core.package_discovery:discover_packages(recursive) discover
[0.109s] INFO:colcon.colcon_core.package_discovery:Crawling recursively for packages in '/home/ubuntu/surgeryBotWs/src/surg_bot'
[0.109s] Level 1:colcon.colcon_core.package_identification:_identify(.) by extensions ['ignore', 'ignore_ament_install']
[0.109s] Level 1:colcon.colcon_core.package_identification:_identify(.) by extension 'ignore'
[0.109s] Level 1:colcon.colcon_core.package_identification:_identify(.) by extension 'ignore_ament_install'
[0.109s] Level 1:colcon.colcon_core.package_identification:_identify(.) by extensions ['colcon_pkg']
[0.109s] Level 1:colcon.colcon_core.package_identification:_identify(.) by extension 'colcon_pkg'
[0.109s] Level 1:colcon.colcon_core.package_identification:_identify(.) by extensions ['colcon_meta']
[0.109s] Level 1:colcon.colcon_core.package_identification:_identify(.) by extension 'colcon_meta'
[0.109s] Level 1:colcon.colcon_core.package_identification:_identify(.) by extensions ['ros']
[0.109s] Level 1:colcon.colcon_core.package_identification:_identify(.) by extension 'ros'
[0.129s] Level 1:colcon.colcon_core.package_identification:_identify(.) by extensions ['cmake', 'python']
[0.129s] Level 1:colcon.colcon_core.package_identification:_identify(.) by extension 'cmake'
[0.129s] Level 1:colcon.colcon_core.package_identification:_identify(.) by extension 'python'
[0.129s] Level 1:colcon.colcon_core.package_identification:_identify(.) by extensions ['python_setup_py']
[0.129s] Level 1:colcon.colcon_core.package_identification:_identify(.) by extension 'python_setup_py'
[0.129s] Level 1:colcon.colcon_core.package_identification:_identify(build) by extensions ['ignore', 'ignore_ament_install']
[0.129s] Level 1:colcon.colcon_core.package_identification:_identify(build) by extension 'ignore'
[0.130s] Level 1:colcon.colcon_core.package_identification:_identify(build) ignored
[0.130s] Level 1:colcon.colcon_core.package_identification:_identify(install) by extensions ['ignore', 'ignore_ament_install']
[0.130s] Level 1:colcon.colcon_core.package_identification:_identify(install) by extension 'ignore'
[0.130s] Level 1:colcon.colcon_core.package_identification:_identify(install) ignored
[0.130s] Level 1:colcon.colcon_core.package_identification:_identify(log) by extensions ['ignore', 'ignore_ament_install']
[0.130s] Level 1:colcon.colcon_core.package_identification:_identify(log) by extension 'ignore'
[0.130s] Level 1:colcon.colcon_core.package_identification:_identify(log) ignored
[0.130s] Level 1:colcon.colcon_core.package_identification:_identify(surg_bot) by extensions ['ignore', 'ignore_ament_install']
[0.130s] Level 1:colcon.colcon_core.package_identification:_identify(surg_bot) by extension 'ignore'
[0.130s] Level 1:colcon.colcon_core.package_identification:_identify(surg_bot) by extension 'ignore_ament_install'
[0.130s] Level 1:colcon.colcon_core.package_identification:_identify(surg_bot) by extensions ['colcon_pkg']
[0.131s] Level 1:colcon.colcon_core.package_identification:_identify(surg_bot) by extension 'colcon_pkg'
[0.131s] Level 1:colcon.colcon_core.package_identification:_identify(surg_bot) by extensions ['colcon_meta']
[0.131s] Level 1:colcon.colcon_core.package_identification:_identify(surg_bot) by extension 'colcon_meta'
[0.131s] Level 1:colcon.colcon_core.package_identification:_identify(surg_bot) by extensions ['ros']
[0.131s] Level 1:colcon.colcon_core.package_identification:_identify(surg_bot) by extension 'ros'
[0.132s] DEBUG:colcon.colcon_core.package_identification:Package 'surg_bot' with type 'ros.ament_cmake' and name 'surg_bot'
[0.133s] Level 1:colcon.colcon_core.package_identification:_identify(surg_bot_description) by extensions ['ignore', 'ignore_ament_install']
[0.133s] Level 1:colcon.colcon_core.package_identification:_identify(surg_bot_description) by extension 'ignore'
[0.133s] Level 1:colcon.colcon_core.package_identification:_identify(surg_bot_description) by extension 'ignore_ament_install'
[0.133s] Level 1:colcon.colcon_core.package_identification:_identify(surg_bot_description) by extensions ['colcon_pkg']
[0.133s] Level 1:colcon.colcon_core.package_identification:_identify(surg_bot_description) by extension 'colcon_pkg'
[0.133s] Level 1:colcon.colcon_core.package_identification:_identify(surg_bot_description) by extensions ['colcon_meta']
[0.133s] Level 1:colcon.colcon_core.package_identification:_identify(surg_bot_description) by extension 'colcon_meta'
[0.133s] Level 1:colcon.colcon_core.package_identification:_identify(surg_bot_description) by extensions ['ros']
[0.133s] Level 1:colcon.colcon_core.package_identification:_identify(surg_bot_description) by extension 'ros'
[0.133s] DEBUG:colcon.colcon_core.package_identification:Package 'surg_bot_description' with type 'ros.ament_cmake' and name 'surg_bot_description'
[0.133s] Level 1:colcon.colcon_core.package_discovery:discover_packages(recursive) using defaults
[0.133s] Level 1:colcon.colcon_core.package_discovery:discover_packages(ignore) discover
[0.133s] Level 1:colcon.colcon_core.package_discovery:discover_packages(ignore) using defaults
[0.133s] Level 1:colcon.colcon_core.package_discovery:discover_packages(path) discover
[0.133s] Level 1:colcon.colcon_core.package_discovery:discover_packages(path) using defaults
[0.149s] Level 1:colcon.colcon_core.package_discovery:discover_packages(prefix_path) check parameters
[0.149s] Level 1:colcon.colcon_core.package_discovery:discover_packages(prefix_path) discover
[0.151s] DEBUG:colcon.colcon_installed_package_information.package_discovery:Found 262 installed packages in /opt/ros/jazzy
[0.151s] Level 1:colcon.colcon_core.package_discovery:discover_packages(prefix_path) using defaults
[0.175s] Level 5:colcon.colcon_core.verb:set package 'surg_bot' build argument 'cmake_args' from command line to 'None'
[0.175s] Level 5:colcon.colcon_core.verb:set package 'surg_bot' build argument 'cmake_target' from command line to 'None'
[0.175s] Level 5:colcon.colcon_core.verb:set package 'surg_bot' build argument 'cmake_target_skip_unavailable' from command line to 'False'
[0.175s] Level 5:colcon.colcon_core.verb:set package 'surg_bot' build argument 'cmake_clean_cache' from command line to 'False'
[0.175s] Level 5:colcon.colcon_core.verb:set package 'surg_bot' build argument 'cmake_clean_first' from command line to 'False'
[0.175s] Level 5:colcon.colcon_core.verb:set package 'surg_bot' build argument 'cmake_force_configure' from command line to 'False'
[0.175s] Level 5:colcon.colcon_core.verb:set package 'surg_bot' build argument 'ament_cmake_args' from command line to 'None'
[0.175s] Level 5:colcon.colcon_core.verb:set package 'surg_bot' build argument 'catkin_cmake_args' from command line to 'None'
[0.175s] Level 5:colcon.colcon_core.verb:set package 'surg_bot' build argument 'catkin_skip_building_tests' from command line to 'False'
[0.175s] DEBUG:colcon.colcon_core.verb:Building package 'surg_bot' with the following arguments: {'ament_cmake_args': None, 'build_base': '/home/ubuntu/surgeryBotWs/src/surg_bot/build/surg_bot', 'catkin_cmake_args': None, 'catkin_skip_building_tests': False, 'cmake_args': None, 'cmake_clean_cache': False, 'cmake_clean_first': False, 'cmake_force_configure': False, 'cmake_target': None, 'cmake_target_skip_unavailable': False, 'install_base': '/home/ubuntu/surgeryBotWs/src/surg_bot/install/surg_bot', 'merge_install': False, 'path': '/home/ubuntu/surgeryBotWs/src/surg_bot/surg_bot', 'symlink_install': False, 'test_result_base': None}
[0.176s] Level 5:colcon.colcon_core.verb:set package 'surg_bot_description' build argument 'cmake_args' from command line to 'None'
[0.176s] Level 5:colcon.colcon_core.verb:set package 'surg_bot_description' build argument 'cmake_target' from command line to 'None'
[0.176s] Level 5:colcon.colcon_core.verb:set package 'surg_bot_description' build argument 'cmake_target_skip_unavailable' from command line to 'False'
[0.176s] Level 5:colcon.colcon_core.verb:set package 'surg_bot_description' build argument 'cmake_clean_cache' from command line to 'False'
[0.176s] Level 5:colcon.colcon_core.verb:set package 'surg_bot_description' build argument 'cmake_clean_first' from command line to 'False'
[0.176s] Level 5:colcon.colcon_core.verb:set package 'surg_bot_description' build argument 'cmake_force_configure' from command line to 'False'
[0.176s] Level 5:colcon.colcon_core.verb:set package 'surg_bot_description' build argument 'ament_cmake_args' from command line to 'None'
[0.176s] Level 5:colcon.colcon_core.verb:set package 'surg_bot_description' build argument 'catkin_cmake_args' from command line to 'None'
[0.176s] Level 5:colcon.colcon_core.verb:set package 'surg_bot_description' build argument 'catkin_skip_building_tests' from command line to 'False'
[0.176s] DEBUG:colcon.colcon_core.verb:Building package 'surg_bot_description' with the following arguments: {'ament_cmake_args': None, 'build_base': '/home/ubuntu/surgeryBotWs/src/surg_bot/build/surg_bot_description', 'catkin_cmake_args': None, 'catkin_skip_building_tests': False, 'cmake_args': None, 'cmake_clean_cache': False, 'cmake_clean_first': False, 'cmake_force_configure': False, 'cmake_target': None, 'cmake_target_skip_unavailable': False, 'install_base': '/home/ubuntu/surgeryBotWs/src/surg_bot/install/surg_bot_description', 'merge_install': False, 'path': '/home/ubuntu/surgeryBotWs/src/surg_bot/surg_bot_description', 'symlink_install': False, 'test_result_base': None}
[0.176s] INFO:colcon.colcon_core.executor:Executing jobs using 'parallel' executor
[0.177s] DEBUG:colcon.colcon_parallel_executor.executor.parallel:run_until_complete
[0.177s] INFO:colcon.colcon_ros.task.ament_cmake.build:Building ROS package in '/home/ubuntu/surgeryBotWs/src/surg_bot/surg_bot' with build type 'ament_cmake'
[0.177s] INFO:colcon.colcon_cmake.task.cmake.build:Building CMake package in '/home/ubuntu/surgeryBotWs/src/surg_bot/surg_bot'
[0.179s] INFO:colcon.colcon_core.plugin_system:Skipping extension 'colcon_core.shell.bat': Not used on non-Windows systems
[0.179s] INFO:colcon.colcon_core.shell:Skip shell extension 'powershell' for command environment: Not usable outside of PowerShell
[0.179s] DEBUG:colcon.colcon_core.shell:Skip shell extension 'dsv' for command environment
[0.183s] INFO:colcon.colcon_ros.task.ament_cmake.build:Building ROS package in '/home/ubuntu/surgeryBotWs/src/surg_bot/surg_bot_description' with build type 'ament_cmake'
[0.183s] INFO:colcon.colcon_cmake.task.cmake.build:Building CMake package in '/home/ubuntu/surgeryBotWs/src/surg_bot/surg_bot_description'
[0.184s] INFO:colcon.colcon_core.shell:Skip shell extension 'powershell' for command environment: Not usable outside of PowerShell
[0.184s] DEBUG:colcon.colcon_core.shell:Skip shell extension 'dsv' for command environment
[0.192s] DEBUG:colcon.colcon_core.event_handler.log_command:Invoking command in '/home/ubuntu/surgeryBotWs/src/surg_bot/build/surg_bot': CMAKE_PREFIX_PATH=${CMAKE_PREFIX_PATH}:/opt/ros/jazzy DEBUGINFOD_URLS=https://debuginfod.ubuntu.com /usr/bin/cmake /home/ubuntu/surgeryBotWs/src/surg_bot/surg_bot -DCMAKE_INSTALL_PREFIX=/home/ubuntu/surgeryBotWs/src/surg_bot/install/surg_bot
[0.198s] DEBUG:colcon.colcon_core.event_handler.log_command:Invoking command in '/home/ubuntu/surgeryBotWs/src/surg_bot/build/surg_bot_description': CMAKE_PREFIX_PATH=${CMAKE_PREFIX_PATH}:/opt/ros/jazzy DEBUGINFOD_URLS=https://debuginfod.ubuntu.com /usr/bin/cmake /home/ubuntu/surgeryBotWs/src/surg_bot/surg_bot_description -DCMAKE_INSTALL_PREFIX=/home/ubuntu/surgeryBotWs/src/surg_bot/install/surg_bot_description
[1.009s] DEBUG:colcon.colcon_core.event_handler.log_command:Invoked command in '/home/ubuntu/surgeryBotWs/src/surg_bot/build/surg_bot_description' returned '0': CMAKE_PREFIX_PATH=${CMAKE_PREFIX_PATH}:/opt/ros/jazzy DEBUGINFOD_URLS=https://debuginfod.ubuntu.com /usr/bin/cmake /home/ubuntu/surgeryBotWs/src/surg_bot/surg_bot_description -DCMAKE_INSTALL_PREFIX=/home/ubuntu/surgeryBotWs/src/surg_bot/install/surg_bot_description
[1.010s] DEBUG:colcon.colcon_core.event_handler.log_command:Invoking command in '/home/ubuntu/surgeryBotWs/src/surg_bot/build/surg_bot_description': CMAKE_PREFIX_PATH=${CMAKE_PREFIX_PATH}:/opt/ros/jazzy DEBUGINFOD_URLS=https://debuginfod.ubuntu.com /usr/bin/cmake --build /home/ubuntu/surgeryBotWs/src/surg_bot/build/surg_bot_description -- -j12 -l12
[1.015s] DEBUG:colcon.colcon_core.event_handler.log_command:Invoked command in '/home/ubuntu/surgeryBotWs/src/surg_bot/build/surg_bot' returned '0': CMAKE_PREFIX_PATH=${CMAKE_PREFIX_PATH}:/opt/ros/jazzy DEBUGINFOD_URLS=https://debuginfod.ubuntu.com /usr/bin/cmake /home/ubuntu/surgeryBotWs/src/surg_bot/surg_bot -DCMAKE_INSTALL_PREFIX=/home/ubuntu/surgeryBotWs/src/surg_bot/install/surg_bot
[1.015s] DEBUG:colcon.colcon_core.event_handler.log_command:Invoking command in '/home/ubuntu/surgeryBotWs/src/surg_bot/build/surg_bot': CMAKE_PREFIX_PATH=${CMAKE_PREFIX_PATH}:/opt/ros/jazzy DEBUGINFOD_URLS=https://debuginfod.ubuntu.com /usr/bin/cmake --build /home/ubuntu/surgeryBotWs/src/surg_bot/build/surg_bot -- -j12 -l12
[1.055s] DEBUG:colcon.colcon_core.event_handler.log_command:Invoked command in '/home/ubuntu/surgeryBotWs/src/surg_bot/build/surg_bot_description' returned '0': CMAKE_PREFIX_PATH=${CMAKE_PREFIX_PATH}:/opt/ros/jazzy DEBUGINFOD_URLS=https://debuginfod.ubuntu.com /usr/bin/cmake --build /home/ubuntu/surgeryBotWs/src/surg_bot/build/surg_bot_description -- -j12 -l12
[1.059s] DEBUG:colcon.colcon_core.event_handler.log_command:Invoked command in '/home/ubuntu/surgeryBotWs/src/surg_bot/build/surg_bot' returned '0': CMAKE_PREFIX_PATH=${CMAKE_PREFIX_PATH}:/opt/ros/jazzy DEBUGINFOD_URLS=https://debuginfod.ubuntu.com /usr/bin/cmake --build /home/ubuntu/surgeryBotWs/src/surg_bot/build/surg_bot -- -j12 -l12
[1.092s] DEBUG:colcon.colcon_core.event_handler.log_command:Invoking command in '/home/ubuntu/surgeryBotWs/src/surg_bot/build/surg_bot_description': CMAKE_PREFIX_PATH=${CMAKE_PREFIX_PATH}:/opt/ros/jazzy DEBUGINFOD_URLS=https://debuginfod.ubuntu.com /usr/bin/cmake --install /home/ubuntu/surgeryBotWs/src/surg_bot/build/surg_bot_description
[1.093s] DEBUG:colcon.colcon_core.event_handler.log_command:Invoking command in '/home/ubuntu/surgeryBotWs/src/surg_bot/build/surg_bot': CMAKE_PREFIX_PATH=${CMAKE_PREFIX_PATH}:/opt/ros/jazzy DEBUGINFOD_URLS=https://debuginfod.ubuntu.com /usr/bin/cmake --install /home/ubuntu/surgeryBotWs/src/surg_bot/build/surg_bot
[1.106s] Level 1:colcon.colcon_core.environment:create_environment_scripts_only(surg_bot_description)
[1.108s] DEBUG:colcon.colcon_core.event_handler.log_command:Invoked command in '/home/ubuntu/surgeryBotWs/src/surg_bot/build/surg_bot_description' returned '0': CMAKE_PREFIX_PATH=${CMAKE_PREFIX_PATH}:/opt/ros/jazzy DEBUGINFOD_URLS=https://debuginfod.ubuntu.com /usr/bin/cmake --install /home/ubuntu/surgeryBotWs/src/surg_bot/build/surg_bot_description
[1.110s] Level 1:colcon.colcon_core.environment:checking '/home/ubuntu/surgeryBotWs/src/surg_bot/install/surg_bot_description' for CMake module files
[1.110s] Level 1:colcon.colcon_core.environment:checking '/home/ubuntu/surgeryBotWs/src/surg_bot/install/surg_bot_description' for CMake config files
[1.110s] Level 1:colcon.colcon_core.shell:create_environment_hook('surg_bot_description', 'cmake_prefix_path')
[1.111s] INFO:colcon.colcon_core.shell:Creating environment hook '/home/ubuntu/surgeryBotWs/src/surg_bot/install/surg_bot_description/share/surg_bot_description/hook/cmake_prefix_path.ps1'
[1.111s] INFO:colcon.colcon_core.shell:Creating environment descriptor '/home/ubuntu/surgeryBotWs/src/surg_bot/install/surg_bot_description/share/surg_bot_description/hook/cmake_prefix_path.dsv'
[1.111s] INFO:colcon.colcon_core.shell:Creating environment hook '/home/ubuntu/surgeryBotWs/src/surg_bot/install/surg_bot_description/share/surg_bot_description/hook/cmake_prefix_path.sh'
[1.112s] Level 1:colcon.colcon_core.environment:checking '/home/ubuntu/surgeryBotWs/src/surg_bot/install/surg_bot_description/bin'
[1.112s] Level 1:colcon.colcon_core.environment:checking '/home/ubuntu/surgeryBotWs/src/surg_bot/install/surg_bot_description/lib/pkgconfig/surg_bot_description.pc'
[1.113s] Level 1:colcon.colcon_core.environment:checking '/home/ubuntu/surgeryBotWs/src/surg_bot/install/surg_bot_description/lib/python3.12/site-packages'
[1.113s] Level 1:colcon.colcon_core.environment:checking '/home/ubuntu/surgeryBotWs/src/surg_bot/install/surg_bot_description/bin'
[1.113s] INFO:colcon.colcon_core.shell:Creating package script '/home/ubuntu/surgeryBotWs/src/surg_bot/install/surg_bot_description/share/surg_bot_description/package.ps1'
[1.114s] INFO:colcon.colcon_core.shell:Creating package descriptor '/home/ubuntu/surgeryBotWs/src/surg_bot/install/surg_bot_description/share/surg_bot_description/package.dsv'
[1.115s] INFO:colcon.colcon_core.shell:Creating package script '/home/ubuntu/surgeryBotWs/src/surg_bot/install/surg_bot_description/share/surg_bot_description/package.sh'
[1.115s] INFO:colcon.colcon_core.shell:Creating package script '/home/ubuntu/surgeryBotWs/src/surg_bot/install/surg_bot_description/share/surg_bot_description/package.bash'
[1.115s] INFO:colcon.colcon_core.shell:Creating package script '/home/ubuntu/surgeryBotWs/src/surg_bot/install/surg_bot_description/share/surg_bot_description/package.zsh'
[1.116s] Level 1:colcon.colcon_core.environment:create_file_with_runtime_dependencies(/home/ubuntu/surgeryBotWs/src/surg_bot/install/surg_bot_description/share/colcon-core/packages/surg_bot_description)
[1.117s] Level 1:colcon.colcon_core.environment:create_environment_scripts_only(surg_bot)
[1.117s] Level 1:colcon.colcon_core.environment:checking '/home/ubuntu/surgeryBotWs/src/surg_bot/install/surg_bot' for CMake module files
[1.117s] DEBUG:colcon.colcon_core.event_handler.log_command:Invoked command in '/home/ubuntu/surgeryBotWs/src/surg_bot/build/surg_bot' returned '0': CMAKE_PREFIX_PATH=${CMAKE_PREFIX_PATH}:/opt/ros/jazzy DEBUGINFOD_URLS=https://debuginfod.ubuntu.com /usr/bin/cmake --install /home/ubuntu/surgeryBotWs/src/surg_bot/build/surg_bot
[1.118s] Level 1:colcon.colcon_core.environment:checking '/home/ubuntu/surgeryBotWs/src/surg_bot/install/surg_bot' for CMake config files
[1.118s] Level 1:colcon.colcon_core.shell:create_environment_hook('surg_bot', 'cmake_prefix_path')
[1.118s] INFO:colcon.colcon_core.shell:Creating environment hook '/home/ubuntu/surgeryBotWs/src/surg_bot/install/surg_bot/share/surg_bot/hook/cmake_prefix_path.ps1'
[1.118s] INFO:colcon.colcon_core.shell:Creating environment descriptor '/home/ubuntu/surgeryBotWs/src/surg_bot/install/surg_bot/share/surg_bot/hook/cmake_prefix_path.dsv'
[1.118s] INFO:colcon.colcon_core.shell:Creating environment hook '/home/ubuntu/surgeryBotWs/src/surg_bot/install/surg_bot/share/surg_bot/hook/cmake_prefix_path.sh'
[1.119s] Level 1:colcon.colcon_core.environment:checking '/home/ubuntu/surgeryBotWs/src/surg_bot/install/surg_bot/bin'
[1.119s] Level 1:colcon.colcon_core.environment:checking '/home/ubuntu/surgeryBotWs/src/surg_bot/install/surg_bot/lib/pkgconfig/surg_bot.pc'
[1.119s] Level 1:colcon.colcon_core.environment:checking '/home/ubuntu/surgeryBotWs/src/surg_bot/install/surg_bot/lib/python3.12/site-packages'
[1.119s] Level 1:colcon.colcon_core.environment:checking '/home/ubuntu/surgeryBotWs/src/surg_bot/install/surg_bot/bin'
[1.119s] INFO:colcon.colcon_core.shell:Creating package script '/home/ubuntu/surgeryBotWs/src/surg_bot/install/surg_bot/share/surg_bot/package.ps1'
[1.119s] INFO:colcon.colcon_core.shell:Creating package descriptor '/home/ubuntu/surgeryBotWs/src/surg_bot/install/surg_bot/share/surg_bot/package.dsv'
[1.120s] INFO:colcon.colcon_core.shell:Creating package script '/home/ubuntu/surgeryBotWs/src/surg_bot/install/surg_bot/share/surg_bot/package.sh'
[1.120s] INFO:colcon.colcon_core.shell:Creating package script '/home/ubuntu/surgeryBotWs/src/surg_bot/install/surg_bot/share/surg_bot/package.bash'
[1.121s] INFO:colcon.colcon_core.shell:Creating package script '/home/ubuntu/surgeryBotWs/src/surg_bot/install/surg_bot/share/surg_bot/package.zsh'
[1.121s] Level 1:colcon.colcon_core.environment:create_file_with_runtime_dependencies(/home/ubuntu/surgeryBotWs/src/surg_bot/install/surg_bot/share/colcon-core/packages/surg_bot)
[1.140s] Level 1:colcon.colcon_core.environment:create_environment_scripts_only(surg_bot_description)
[1.140s] Level 1:colcon.colcon_core.environment:checking '/home/ubuntu/surgeryBotWs/src/surg_bot/install/surg_bot_description' for CMake module files
[1.141s] Level 1:colcon.colcon_core.environment:checking '/home/ubuntu/surgeryBotWs/src/surg_bot/install/surg_bot_description' for CMake config files
[1.142s] Level 1:colcon.colcon_core.shell:create_environment_hook('surg_bot_description', 'cmake_prefix_path')
[1.142s] INFO:colcon.colcon_core.shell:Creating environment hook '/home/ubuntu/surgeryBotWs/src/surg_bot/install/surg_bot_description/share/surg_bot_description/hook/cmake_prefix_path.ps1'
[1.143s] INFO:colcon.colcon_core.shell:Creating environment descriptor '/home/ubuntu/surgeryBotWs/src/surg_bot/install/surg_bot_description/share/surg_bot_description/hook/cmake_prefix_path.dsv'
[1.143s] INFO:colcon.colcon_core.shell:Creating environment hook '/home/ubuntu/surgeryBotWs/src/surg_bot/install/surg_bot_description/share/surg_bot_description/hook/cmake_prefix_path.sh'
[1.145s] Level 1:colcon.colcon_core.environment:checking '/home/ubuntu/surgeryBotWs/src/surg_bot/install/surg_bot_description/bin'
[1.145s] Level 1:colcon.colcon_core.environment:checking '/home/ubuntu/surgeryBotWs/src/surg_bot/install/surg_bot_description/lib/pkgconfig/surg_bot_description.pc'
[1.145s] Level 1:colcon.colcon_core.environment:checking '/home/ubuntu/surgeryBotWs/src/surg_bot/install/surg_bot_description/lib/python3.12/site-packages'
[1.146s] Level 1:colcon.colcon_core.environment:checking '/home/ubuntu/surgeryBotWs/src/surg_bot/install/surg_bot_description/bin'
[1.146s] INFO:colcon.colcon_core.shell:Creating package script '/home/ubuntu/surgeryBotWs/src/surg_bot/install/surg_bot_description/share/surg_bot_description/package.ps1'
[1.146s] INFO:colcon.colcon_core.shell:Creating package descriptor '/home/ubuntu/surgeryBotWs/src/surg_bot/install/surg_bot_description/share/surg_bot_description/package.dsv'
[1.148s] INFO:colcon.colcon_core.shell:Creating package script '/home/ubuntu/surgeryBotWs/src/surg_bot/install/surg_bot_description/share/surg_bot_description/package.sh'
[1.148s] INFO:colcon.colcon_core.shell:Creating package script '/home/ubuntu/surgeryBotWs/src/surg_bot/install/surg_bot_description/share/surg_bot_description/package.bash'
[1.148s] INFO:colcon.colcon_core.shell:Creating package script '/home/ubuntu/surgeryBotWs/src/surg_bot/install/surg_bot_description/share/surg_bot_description/package.zsh'
[1.148s] Level 1:colcon.colcon_core.environment:create_file_with_runtime_dependencies(/home/ubuntu/surgeryBotWs/src/surg_bot/install/surg_bot_description/share/colcon-core/packages/surg_bot_description)
[1.149s] Level 1:colcon.colcon_core.environment:create_environment_scripts_only(surg_bot)
[1.149s] Level 1:colcon.colcon_core.environment:checking '/home/ubuntu/surgeryBotWs/src/surg_bot/install/surg_bot' for CMake module files
[1.150s] Level 1:colcon.colcon_core.environment:checking '/home/ubuntu/surgeryBotWs/src/surg_bot/install/surg_bot' for CMake config files
[1.150s] Level 1:colcon.colcon_core.shell:create_environment_hook('surg_bot', 'cmake_prefix_path')
[1.150s] INFO:colcon.colcon_core.shell:Creating environment hook '/home/ubuntu/surgeryBotWs/src/surg_bot/install/surg_bot/share/surg_bot/hook/cmake_prefix_path.ps1'
[1.151s] INFO:colcon.colcon_core.shell:Creating environment descriptor '/home/ubuntu/surgeryBotWs/src/surg_bot/install/surg_bot/share/surg_bot/hook/cmake_prefix_path.dsv'
[1.152s] INFO:colcon.colcon_core.shell:Creating environment hook '/home/ubuntu/surgeryBotWs/src/surg_bot/install/surg_bot/share/surg_bot/hook/cmake_prefix_path.sh'
[1.152s] Level 1:colcon.colcon_core.environment:checking '/home/ubuntu/surgeryBotWs/src/surg_bot/install/surg_bot/bin'
[1.152s] Level 1:colcon.colcon_core.environment:checking '/home/ubuntu/surgeryBotWs/src/surg_bot/install/surg_bot/lib/pkgconfig/surg_bot.pc'
[1.152s] Level 1:colcon.colcon_core.environment:checking '/home/ubuntu/surgeryBotWs/src/surg_bot/install/surg_bot/lib/python3.12/site-packages'
[1.153s] Level 1:colcon.colcon_core.environment:checking '/home/ubuntu/surgeryBotWs/src/surg_bot/install/surg_bot/bin'
[1.153s] INFO:colcon.colcon_core.shell:Creating package script '/home/ubuntu/surgeryBotWs/src/surg_bot/install/surg_bot/share/surg_bot/package.ps1'
[1.153s] INFO:colcon.colcon_core.shell:Creating package descriptor '/home/ubuntu/surgeryBotWs/src/surg_bot/install/surg_bot/share/surg_bot/package.dsv'
[1.154s] INFO:colcon.colcon_core.shell:Creating package script '/home/ubuntu/surgeryBotWs/src/surg_bot/install/surg_bot/share/surg_bot/package.sh'
[1.154s] INFO:colcon.colcon_core.shell:Creating package script '/home/ubuntu/surgeryBotWs/src/surg_bot/install/surg_bot/share/surg_bot/package.bash'
[1.154s] INFO:colcon.colcon_core.shell:Creating package script '/home/ubuntu/surgeryBotWs/src/surg_bot/install/surg_bot/share/surg_bot/package.zsh'
[1.155s] Level 1:colcon.colcon_core.environment:create_file_with_runtime_dependencies(/home/ubuntu/surgeryBotWs/src/surg_bot/install/surg_bot/share/colcon-core/packages/surg_bot)
[1.155s] DEBUG:colcon.colcon_parallel_executor.executor.parallel:closing loop
[1.156s] DEBUG:colcon.colcon_parallel_executor.executor.parallel:loop closed
[1.156s] DEBUG:colcon.colcon_parallel_executor.executor.parallel:run_until_complete finished with '0'
[1.156s] DEBUG:colcon.colcon_core.event_reactor:joining thread
[1.161s] INFO:colcon.colcon_core.plugin_system:Skipping extension 'colcon_notification.desktop_notification.terminal_notifier': Not used on non-Darwin systems
[1.161s] INFO:colcon.colcon_core.plugin_system:Skipping extension 'colcon_notification.desktop_notification.win32': Not used on non-Windows systems
[1.161s] INFO:colcon.colcon_notification.desktop_notification:Sending desktop notification using 'notify2'
[1.176s] DEBUG:colcon.colcon_core.event_reactor:joined thread
[1.177s] INFO:colcon.colcon_core.shell:Creating prefix script '/home/ubuntu/surgeryBotWs/src/surg_bot/install/local_setup.ps1'
[1.178s] INFO:colcon.colcon_core.shell:Creating prefix util module '/home/ubuntu/surgeryBotWs/src/surg_bot/install/_local_setup_util_ps1.py'
[1.178s] INFO:colcon.colcon_core.shell:Creating prefix chain script '/home/ubuntu/surgeryBotWs/src/surg_bot/install/setup.ps1'
[1.179s] INFO:colcon.colcon_core.shell:Creating prefix script '/home/ubuntu/surgeryBotWs/src/surg_bot/install/local_setup.sh'
[1.180s] INFO:colcon.colcon_core.shell:Creating prefix util module '/home/ubuntu/surgeryBotWs/src/surg_bot/install/_local_setup_util_sh.py'
[1.180s] INFO:colcon.colcon_core.shell:Creating prefix chain script '/home/ubuntu/surgeryBotWs/src/surg_bot/install/setup.sh'
[1.181s] INFO:colcon.colcon_core.shell:Creating prefix script '/home/ubuntu/surgeryBotWs/src/surg_bot/install/local_setup.bash'
[1.182s] INFO:colcon.colcon_core.shell:Creating prefix chain script '/home/ubuntu/surgeryBotWs/src/surg_bot/install/setup.bash'
[1.182s] INFO:colcon.colcon_core.shell:Creating prefix script '/home/ubuntu/surgeryBotWs/src/surg_bot/install/local_setup.zsh'
[1.183s] INFO:colcon.colcon_core.shell:Creating prefix chain script '/home/ubuntu/surgeryBotWs/src/surg_bot/install/setup.zsh'
