[0.247s] DEBUG:colcon:Command line arguments: ['/usr/bin/colcon', 'build']
[0.247s] DEBUG:colcon:Parsed command line arguments: Namespace(log_base=None, log_level=None, verb_name='build', build_base='build', install_base='install', merge_install=False, symlink_install=False, test_result_base=None, continue_on_error=False, executor='parallel', parallel_workers=12, event_handlers=None, ignore_user_meta=False, metas=['./colcon.meta'], base_paths=['.'], packages_ignore=None, packages_ignore_regex=None, paths=None, packages_up_to=None, packages_up_to_regex=None, packages_above=None, packages_above_and_dependencies=None, packages_above_depth=None, packages_select_by_dep=None, packages_skip_by_dep=None, packages_skip_up_to=None, packages_select_build_failed=False, packages_skip_build_finished=False, packages_select_test_failures=False, packages_skip_test_passed=False, packages_select=None, packages_skip=None, packages_select_regex=None, packages_skip_regex=None, packages_start=None, packages_end=None, allow_overriding=[], cmake_args=None, cmake_target=None, cmake_target_skip_unavailable=False, cmake_clean_cache=False, cmake_clean_first=False, cmake_force_configure=False, ament_cmake_args=None, catkin_cmake_args=None, catkin_skip_building_tests=False, mixin_files=None, mixin=None, verb_parser=<colcon_mixin.mixin.mixin_argument.MixinArgumentDecorator object at 0x73d939517740>, verb_extension=<colcon_core.verb.build.BuildVerb object at 0x73d939517320>, main=<bound method BuildVerb.main of <colcon_core.verb.build.BuildVerb object at 0x73d939517320>>, mixin_verb=('build',))
[0.291s] Level 1:colcon.colcon_core.package_discovery:discover_packages(colcon_meta) check parameters
[0.291s] Level 1:colcon.colcon_core.package_discovery:discover_packages(recursive) check parameters
[0.291s] Level 1:colcon.colcon_core.package_discovery:discover_packages(ignore) check parameters
[0.291s] Level 1:colcon.colcon_core.package_discovery:discover_packages(path) check parameters
[0.291s] Level 1:colcon.colcon_core.package_discovery:discover_packages(colcon_meta) discover
[0.291s] Level 1:colcon.colcon_core.package_discovery:discover_packages(recursive) discover
[0.291s] INFO:colcon.colcon_core.package_discovery:Crawling recursively for packages in '/home/ubuntu/surgeryBotWs'
[0.291s] Level 1:colcon.colcon_core.package_identification:_identify(.) by extensions ['ignore', 'ignore_ament_install']
[0.292s] Level 1:colcon.colcon_core.package_identification:_identify(.) by extension 'ignore'
[0.292s] Level 1:colcon.colcon_core.package_identification:_identify(.) by extension 'ignore_ament_install'
[0.292s] Level 1:colcon.colcon_core.package_identification:_identify(.) by extensions ['colcon_pkg']
[0.292s] Level 1:colcon.colcon_core.package_identification:_identify(.) by extension 'colcon_pkg'
[0.292s] Level 1:colcon.colcon_core.package_identification:_identify(.) by extensions ['colcon_meta']
[0.292s] Level 1:colcon.colcon_core.package_identification:_identify(.) by extension 'colcon_meta'
[0.292s] Level 1:colcon.colcon_core.package_identification:_identify(.) by extensions ['ros']
[0.292s] Level 1:colcon.colcon_core.package_identification:_identify(.) by extension 'ros'
[0.318s] Level 1:colcon.colcon_core.package_identification:_identify(.) by extensions ['cmake', 'python']
[0.318s] Level 1:colcon.colcon_core.package_identification:_identify(.) by extension 'cmake'
[0.318s] Level 1:colcon.colcon_core.package_identification:_identify(.) by extension 'python'
[0.318s] Level 1:colcon.colcon_core.package_identification:_identify(.) by extensions ['python_setup_py']
[0.318s] Level 1:colcon.colcon_core.package_identification:_identify(.) by extension 'python_setup_py'
[0.318s] Level 1:colcon.colcon_core.package_identification:_identify(build) by extensions ['ignore', 'ignore_ament_install']
[0.318s] Level 1:colcon.colcon_core.package_identification:_identify(build) by extension 'ignore'
[0.318s] Level 1:colcon.colcon_core.package_identification:_identify(build) ignored
[0.318s] Level 1:colcon.colcon_core.package_identification:_identify(install) by extensions ['ignore', 'ignore_ament_install']
[0.319s] Level 1:colcon.colcon_core.package_identification:_identify(install) by extension 'ignore'
[0.319s] Level 1:colcon.colcon_core.package_identification:_identify(install) ignored
[0.319s] Level 1:colcon.colcon_core.package_identification:_identify(log) by extensions ['ignore', 'ignore_ament_install']
[0.319s] Level 1:colcon.colcon_core.package_identification:_identify(log) by extension 'ignore'
[0.319s] Level 1:colcon.colcon_core.package_identification:_identify(log) ignored
[0.319s] Level 1:colcon.colcon_core.package_identification:_identify(src) by extensions ['ignore', 'ignore_ament_install']
[0.319s] Level 1:colcon.colcon_core.package_identification:_identify(src) by extension 'ignore'
[0.319s] Level 1:colcon.colcon_core.package_identification:_identify(src) by extension 'ignore_ament_install'
[0.319s] Level 1:colcon.colcon_core.package_identification:_identify(src) by extensions ['colcon_pkg']
[0.319s] Level 1:colcon.colcon_core.package_identification:_identify(src) by extension 'colcon_pkg'
[0.319s] Level 1:colcon.colcon_core.package_identification:_identify(src) by extensions ['colcon_meta']
[0.319s] Level 1:colcon.colcon_core.package_identification:_identify(src) by extension 'colcon_meta'
[0.319s] Level 1:colcon.colcon_core.package_identification:_identify(src) by extensions ['ros']
[0.319s] Level 1:colcon.colcon_core.package_identification:_identify(src) by extension 'ros'
[0.319s] Level 1:colcon.colcon_core.package_identification:_identify(src) by extensions ['cmake', 'python']
[0.319s] Level 1:colcon.colcon_core.package_identification:_identify(src) by extension 'cmake'
[0.319s] Level 1:colcon.colcon_core.package_identification:_identify(src) by extension 'python'
[0.319s] Level 1:colcon.colcon_core.package_identification:_identify(src) by extensions ['python_setup_py']
[0.319s] Level 1:colcon.colcon_core.package_identification:_identify(src) by extension 'python_setup_py'
[0.319s] Level 1:colcon.colcon_core.package_identification:_identify(src/build) by extensions ['ignore', 'ignore_ament_install']
[0.319s] Level 1:colcon.colcon_core.package_identification:_identify(src/build) by extension 'ignore'
[0.319s] Level 1:colcon.colcon_core.package_identification:_identify(src/build) ignored
[0.319s] Level 1:colcon.colcon_core.package_identification:_identify(src/install) by extensions ['ignore', 'ignore_ament_install']
[0.319s] Level 1:colcon.colcon_core.package_identification:_identify(src/install) by extension 'ignore'
[0.320s] Level 1:colcon.colcon_core.package_identification:_identify(src/install) ignored
[0.320s] Level 1:colcon.colcon_core.package_identification:_identify(src/log) by extensions ['ignore', 'ignore_ament_install']
[0.320s] Level 1:colcon.colcon_core.package_identification:_identify(src/log) by extension 'ignore'
[0.320s] Level 1:colcon.colcon_core.package_identification:_identify(src/log) ignored
[0.320s] Level 1:colcon.colcon_core.package_identification:_identify(src/surg_bot) by extensions ['ignore', 'ignore_ament_install']
[0.320s] Level 1:colcon.colcon_core.package_identification:_identify(src/surg_bot) by extension 'ignore'
[0.320s] Level 1:colcon.colcon_core.package_identification:_identify(src/surg_bot) by extension 'ignore_ament_install'
[0.320s] Level 1:colcon.colcon_core.package_identification:_identify(src/surg_bot) by extensions ['colcon_pkg']
[0.320s] Level 1:colcon.colcon_core.package_identification:_identify(src/surg_bot) by extension 'colcon_pkg'
[0.320s] Level 1:colcon.colcon_core.package_identification:_identify(src/surg_bot) by extensions ['colcon_meta']
[0.320s] Level 1:colcon.colcon_core.package_identification:_identify(src/surg_bot) by extension 'colcon_meta'
[0.320s] Level 1:colcon.colcon_core.package_identification:_identify(src/surg_bot) by extensions ['ros']
[0.320s] Level 1:colcon.colcon_core.package_identification:_identify(src/surg_bot) by extension 'ros'
[0.320s] Level 1:colcon.colcon_core.package_identification:_identify(src/surg_bot) by extensions ['cmake', 'python']
[0.320s] Level 1:colcon.colcon_core.package_identification:_identify(src/surg_bot) by extension 'cmake'
[0.320s] Level 1:colcon.colcon_core.package_identification:_identify(src/surg_bot) by extension 'python'
[0.320s] Level 1:colcon.colcon_core.package_identification:_identify(src/surg_bot) by extensions ['python_setup_py']
[0.320s] Level 1:colcon.colcon_core.package_identification:_identify(src/surg_bot) by extension 'python_setup_py'
[0.320s] Level 1:colcon.colcon_core.package_identification:_identify(src/surg_bot/build) by extensions ['ignore', 'ignore_ament_install']
[0.320s] Level 1:colcon.colcon_core.package_identification:_identify(src/surg_bot/build) by extension 'ignore'
[0.320s] Level 1:colcon.colcon_core.package_identification:_identify(src/surg_bot/build) ignored
[0.321s] Level 1:colcon.colcon_core.package_identification:_identify(src/surg_bot/install) by extensions ['ignore', 'ignore_ament_install']
[0.321s] Level 1:colcon.colcon_core.package_identification:_identify(src/surg_bot/install) by extension 'ignore'
[0.321s] Level 1:colcon.colcon_core.package_identification:_identify(src/surg_bot/install) ignored
[0.322s] Level 1:colcon.colcon_core.package_identification:_identify(src/surg_bot/log) by extensions ['ignore', 'ignore_ament_install']
[0.322s] Level 1:colcon.colcon_core.package_identification:_identify(src/surg_bot/log) by extension 'ignore'
[0.322s] Level 1:colcon.colcon_core.package_identification:_identify(src/surg_bot/log) ignored
[0.323s] Level 1:colcon.colcon_core.package_identification:_identify(src/surg_bot/surg_bot) by extensions ['ignore', 'ignore_ament_install']
[0.323s] Level 1:colcon.colcon_core.package_identification:_identify(src/surg_bot/surg_bot) by extension 'ignore'
[0.323s] Level 1:colcon.colcon_core.package_identification:_identify(src/surg_bot/surg_bot) by extension 'ignore_ament_install'
[0.323s] Level 1:colcon.colcon_core.package_identification:_identify(src/surg_bot/surg_bot) by extensions ['colcon_pkg']
[0.323s] Level 1:colcon.colcon_core.package_identification:_identify(src/surg_bot/surg_bot) by extension 'colcon_pkg'
[0.323s] Level 1:colcon.colcon_core.package_identification:_identify(src/surg_bot/surg_bot) by extensions ['colcon_meta']
[0.323s] Level 1:colcon.colcon_core.package_identification:_identify(src/surg_bot/surg_bot) by extension 'colcon_meta'
[0.323s] Level 1:colcon.colcon_core.package_identification:_identify(src/surg_bot/surg_bot) by extensions ['ros']
[0.323s] Level 1:colcon.colcon_core.package_identification:_identify(src/surg_bot/surg_bot) by extension 'ros'
[0.325s] DEBUG:colcon.colcon_core.package_identification:Package 'src/surg_bot/surg_bot' with type 'ros.ament_cmake' and name 'surg_bot'
[0.325s] Level 1:colcon.colcon_core.package_identification:_identify(src/surg_bot/surg_bot_description) by extensions ['ignore', 'ignore_ament_install']
[0.325s] Level 1:colcon.colcon_core.package_identification:_identify(src/surg_bot/surg_bot_description) by extension 'ignore'
[0.325s] Level 1:colcon.colcon_core.package_identification:_identify(src/surg_bot/surg_bot_description) by extension 'ignore_ament_install'
[0.325s] Level 1:colcon.colcon_core.package_identification:_identify(src/surg_bot/surg_bot_description) by extensions ['colcon_pkg']
[0.325s] Level 1:colcon.colcon_core.package_identification:_identify(src/surg_bot/surg_bot_description) by extension 'colcon_pkg'
[0.325s] Level 1:colcon.colcon_core.package_identification:_identify(src/surg_bot/surg_bot_description) by extensions ['colcon_meta']
[0.325s] Level 1:colcon.colcon_core.package_identification:_identify(src/surg_bot/surg_bot_description) by extension 'colcon_meta'
[0.326s] Level 1:colcon.colcon_core.package_identification:_identify(src/surg_bot/surg_bot_description) by extensions ['ros']
[0.326s] Level 1:colcon.colcon_core.package_identification:_identify(src/surg_bot/surg_bot_description) by extension 'ros'
[0.326s] DEBUG:colcon.colcon_core.package_identification:Package 'src/surg_bot/surg_bot_description' with type 'ros.catkin' and name 'surg_bot_description'
[0.326s] Level 1:colcon.colcon_core.package_discovery:discover_packages(recursive) using defaults
[0.326s] Level 1:colcon.colcon_core.package_discovery:discover_packages(ignore) discover
[0.326s] Level 1:colcon.colcon_core.package_discovery:discover_packages(ignore) using defaults
[0.326s] Level 1:colcon.colcon_core.package_discovery:discover_packages(path) discover
[0.326s] Level 1:colcon.colcon_core.package_discovery:discover_packages(path) using defaults
[0.362s] Level 1:colcon.colcon_core.package_discovery:discover_packages(prefix_path) check parameters
[0.362s] Level 1:colcon.colcon_core.package_discovery:discover_packages(prefix_path) discover
[0.382s] DEBUG:colcon.colcon_installed_package_information.package_discovery:Found 363 installed packages in /home/ubuntu/ros2_jazzy/install
[0.384s] DEBUG:colcon.colcon_installed_package_information.package_discovery:Found 262 installed packages in /opt/ros/jazzy
[0.389s] Level 1:colcon.colcon_core.package_discovery:discover_packages(prefix_path) using defaults
[1.015s] Level 5:colcon.colcon_core.verb:set package 'surg_bot' build argument 'cmake_args' from command line to 'None'
[1.015s] Level 5:colcon.colcon_core.verb:set package 'surg_bot' build argument 'cmake_target' from command line to 'None'
[1.015s] Level 5:colcon.colcon_core.verb:set package 'surg_bot' build argument 'cmake_target_skip_unavailable' from command line to 'False'
[1.015s] Level 5:colcon.colcon_core.verb:set package 'surg_bot' build argument 'cmake_clean_cache' from command line to 'False'
[1.015s] Level 5:colcon.colcon_core.verb:set package 'surg_bot' build argument 'cmake_clean_first' from command line to 'False'
[1.015s] Level 5:colcon.colcon_core.verb:set package 'surg_bot' build argument 'cmake_force_configure' from command line to 'False'
[1.016s] Level 5:colcon.colcon_core.verb:set package 'surg_bot' build argument 'ament_cmake_args' from command line to 'None'
[1.016s] Level 5:colcon.colcon_core.verb:set package 'surg_bot' build argument 'catkin_cmake_args' from command line to 'None'
[1.016s] Level 5:colcon.colcon_core.verb:set package 'surg_bot' build argument 'catkin_skip_building_tests' from command line to 'False'
[1.016s] DEBUG:colcon.colcon_core.verb:Building package 'surg_bot' with the following arguments: {'ament_cmake_args': None, 'build_base': '/home/ubuntu/surgeryBotWs/build/surg_bot', 'catkin_cmake_args': None, 'catkin_skip_building_tests': False, 'cmake_args': None, 'cmake_clean_cache': False, 'cmake_clean_first': False, 'cmake_force_configure': False, 'cmake_target': None, 'cmake_target_skip_unavailable': False, 'install_base': '/home/ubuntu/surgeryBotWs/install/surg_bot', 'merge_install': False, 'path': '/home/ubuntu/surgeryBotWs/src/surg_bot/surg_bot', 'symlink_install': False, 'test_result_base': None}
[1.016s] Level 5:colcon.colcon_core.verb:set package 'surg_bot_description' build argument 'cmake_args' from command line to 'None'
[1.016s] Level 5:colcon.colcon_core.verb:set package 'surg_bot_description' build argument 'cmake_target' from command line to 'None'
[1.016s] Level 5:colcon.colcon_core.verb:set package 'surg_bot_description' build argument 'cmake_target_skip_unavailable' from command line to 'False'
[1.016s] Level 5:colcon.colcon_core.verb:set package 'surg_bot_description' build argument 'cmake_clean_cache' from command line to 'False'
[1.016s] Level 5:colcon.colcon_core.verb:set package 'surg_bot_description' build argument 'cmake_clean_first' from command line to 'False'
[1.016s] Level 5:colcon.colcon_core.verb:set package 'surg_bot_description' build argument 'cmake_force_configure' from command line to 'False'
[1.016s] Level 5:colcon.colcon_core.verb:set package 'surg_bot_description' build argument 'ament_cmake_args' from command line to 'None'
[1.016s] Level 5:colcon.colcon_core.verb:set package 'surg_bot_description' build argument 'catkin_cmake_args' from command line to 'None'
[1.016s] Level 5:colcon.colcon_core.verb:set package 'surg_bot_description' build argument 'catkin_skip_building_tests' from command line to 'False'
[1.016s] DEBUG:colcon.colcon_core.verb:Building package 'surg_bot_description' with the following arguments: {'ament_cmake_args': None, 'build_base': '/home/ubuntu/surgeryBotWs/build/surg_bot_description', 'catkin_cmake_args': None, 'catkin_skip_building_tests': False, 'cmake_args': None, 'cmake_clean_cache': False, 'cmake_clean_first': False, 'cmake_force_configure': False, 'cmake_target': None, 'cmake_target_skip_unavailable': False, 'install_base': '/home/ubuntu/surgeryBotWs/install/surg_bot_description', 'merge_install': False, 'path': '/home/ubuntu/surgeryBotWs/src/surg_bot/surg_bot_description', 'symlink_install': False, 'test_result_base': None}
[1.016s] INFO:colcon.colcon_core.executor:Executing jobs using 'parallel' executor
[1.017s] DEBUG:colcon.colcon_parallel_executor.executor.parallel:run_until_complete
[1.017s] INFO:colcon.colcon_ros.task.ament_cmake.build:Building ROS package in '/home/ubuntu/surgeryBotWs/src/surg_bot/surg_bot' with build type 'ament_cmake'
[1.017s] INFO:colcon.colcon_cmake.task.cmake.build:Building CMake package in '/home/ubuntu/surgeryBotWs/src/surg_bot/surg_bot'
[1.024s] INFO:colcon.colcon_core.plugin_system:Skipping extension 'colcon_core.shell.bat': Not used on non-Windows systems
[1.024s] INFO:colcon.colcon_core.shell:Skip shell extension 'powershell' for command environment: Not usable outside of PowerShell
[1.024s] DEBUG:colcon.colcon_core.shell:Skip shell extension 'dsv' for command environment
[1.042s] INFO:colcon.colcon_ros.task.catkin.build:Building ROS package in '/home/ubuntu/surgeryBotWs/src/surg_bot/surg_bot_description' with build type 'catkin'
[1.042s] INFO:colcon.colcon_cmake.task.cmake.build:Building CMake package in '/home/ubuntu/surgeryBotWs/src/surg_bot/surg_bot_description'
[1.042s] INFO:colcon.colcon_core.shell:Skip shell extension 'powershell' for command environment: Not usable outside of PowerShell
[1.042s] DEBUG:colcon.colcon_core.shell:Skip shell extension 'dsv' for command environment
[1.066s] DEBUG:colcon.colcon_core.event_handler.log_command:Invoking command in '/home/ubuntu/surgeryBotWs/build/surg_bot': CMAKE_PREFIX_PATH=${CMAKE_PREFIX_PATH}:/home/ubuntu/ros2_jazzy/install/rqt_bag_plugins:/home/ubuntu/ros2_jazzy/install/rqt_bag:/home/ubuntu/ros2_jazzy/install/rosbag2_examples_py:/home/ubuntu/ros2_jazzy/install/launch_testing_examples:/home/ubuntu/ros2_jazzy/install/ros2bag:/home/ubuntu/ros2_jazzy/install/tracetools_test:/home/ubuntu/ros2_jazzy/install/tracetools_launch:/home/ubuntu/ros2_jazzy/install/topic_monitor:/home/ubuntu/ros2_jazzy/install/tf2_tools:/home/ubuntu/ros2_jazzy/install/examples_tf2_py:/home/ubuntu/ros2_jazzy/install/tf2_ros_py:/home/ubuntu/ros2_jazzy/install/examples_rclpy_pointcloud_publisher:/home/ubuntu/ros2_jazzy/install/sensor_msgs_py:/home/ubuntu/ros2_jazzy/install/quality_of_service_demo_py:/home/ubuntu/ros2_jazzy/install/rqt_plot:/home/ubuntu/ros2_jazzy/install/ros2doctor:/home/ubuntu/ros2_jazzy/install/lifecycle_py:/home/ubuntu/ros2_jazzy/install/examples_rclpy_minimal_subscriber:/home/ubuntu/ros2_jazzy/install/examples_rclpy_minimal_service:/home/ubuntu/ros2_jazzy/install/examples_rclpy_minimal_publisher:/home/ubuntu/ros2_jazzy/install/examples_rclpy_minimal_client:/home/ubuntu/ros2_jazzy/install/examples_rclpy_executors:/home/ubuntu/ros2_jazzy/install/demo_nodes_py:/home/ubuntu/ros2_jazzy/install/rqt:/home/ubuntu/ros2_jazzy/install/ros2component:/home/ubuntu/ros2_jazzy/install/sros2:/home/ubuntu/ros2_jazzy/install/rqt_topic:/home/ubuntu/ros2_jazzy/install/rqt_srv:/home/ubuntu/ros2_jazzy/install/rqt_shell:/home/ubuntu/ros2_jazzy/install/rqt_service_caller:/home/ubuntu/ros2_jazzy/install/rqt_reconfigure:/home/ubuntu/ros2_jazzy/install/rqt_py_console:/home/ubuntu/ros2_jazzy/install/rqt_publisher:/home/ubuntu/ros2_jazzy/install/rqt_action:/home/ubuntu/ros2_jazzy/install/rqt_msg:/home/ubuntu/ros2_jazzy/install/rqt_console:/home/ubuntu/ros2_jazzy/install/rqt_graph:/home/ubuntu/ros2_jazzy/install/rqt_gui_py:/home/ubuntu/ros2_jazzy/install/rqt_gui:/home/ubuntu/ros2_jazzy/install/ros2trace:/home/ubuntu/ros2_jazzy/install/ros2topic:/home/ubuntu/ros2_jazzy/install/ros2test:/home/ubuntu/ros2_jazzy/install/ros2param:/home/ubuntu/ros2_jazzy/install/ros2lifecycle:/home/ubuntu/ros2_jazzy/install/ros2service:/home/ubuntu/ros2_jazzy/install/ros2run:/home/ubuntu/ros2_jazzy/install/ros2launch:/home/ubuntu/ros2_jazzy/install/ros2pkg:/home/ubuntu/ros2_jazzy/install/ros2node:/home/ubuntu/ros2_jazzy/install/ros2multicast:/home/ubuntu/ros2_jazzy/install/ros2interface:/home/ubuntu/ros2_jazzy/install/ros2action:/home/ubuntu/ros2_jazzy/install/ros2cli:/home/ubuntu/ros2_jazzy/install/launch_testing_ros:/home/ubuntu/ros2_jazzy/install/launch_ros:/home/ubuntu/ros2_jazzy/install/examples_rclpy_minimal_action_server:/home/ubuntu/ros2_jazzy/install/examples_rclpy_minimal_action_client:/home/ubuntu/ros2_jazzy/install/examples_rclpy_guard_conditions:/home/ubuntu/ros2_jazzy/install/action_tutorials_py:/home/ubuntu/ros2_jazzy/install/ament_uncrustify:/home/ubuntu/ros2_jazzy/install/tracetools_trace:/home/ubuntu/ros2_jazzy/install/tracetools_read:/home/ubuntu/ros2_jazzy/install/test_tracetools_launch:/home/ubuntu/ros2_jazzy/install/test_ros2trace:/home/ubuntu/ros2_jazzy/install/test_launch_ros:/home/ubuntu/ros2_jazzy/install/rpyutils:/home/ubuntu/ros2_jazzy/install/rosidl_runtime_py:/home/ubuntu/ros2_jazzy/install/rosidl_pycommon:/home/ubuntu/ros2_jazzy/install/rosidl_cli:/home/ubuntu/ros2_jazzy/install/launch_pytest:/home/ubuntu/ros2_jazzy/install/launch_testing:/home/ubuntu/ros2_jazzy/install/launch_yaml:/home/ubuntu/ros2_jazzy/install/launch_xml:/home/ubuntu/ros2_jazzy/install/launch:/home/ubuntu/ros2_jazzy/install/osrf_pycommon:/home/ubuntu/ros2_jazzy/install/domain_coordinator:/home/ubuntu/ros2_jazzy/install/ament_xmllint:/home/ubuntu/ros2_jazzy/install/ament_pyflakes:/home/ubuntu/ros2_jazzy/install/ament_pycodestyle:/home/ubuntu/ros2_jazzy/install/ament_pep257:/home/ubuntu/ros2_jazzy/install/ament_pclint:/home/ubuntu/ros2_jazzy/install/ament_package:/home/ubuntu/ros2_jazzy/install/ament_mypy:/home/ubuntu/ros2_jazzy/install/ament_lint_cmake:/home/ubuntu/ros2_jazzy/install/ament_flake8:/home/ubuntu/ros2_jazzy/install/ament_copyright:/home/ubuntu/ros2_jazzy/install/ament_lint:/home/ubuntu/ros2_jazzy/install/ament_index_python:/home/ubuntu/ros2_jazzy/install/ament_cpplint:/home/ubuntu/ros2_jazzy/install/ament_cppcheck:/home/ubuntu/ros2_jazzy/install/ament_clang_tidy:/home/ubuntu/ros2_jazzy/install/ament_clang_format:/opt/ros/jazzy DEBUGINFOD_URLS=https://debuginfod.ubuntu.com /usr/bin/cmake --build /home/ubuntu/surgeryBotWs/build/surg_bot -- -j12 -l12
[1.074s] DEBUG:colcon.colcon_core.event_handler.log_command:Invoking command in '/home/ubuntu/surgeryBotWs/build/surg_bot_description': DEBUGINFOD_URLS=https://debuginfod.ubuntu.com /usr/bin/cmake /home/ubuntu/surgeryBotWs/src/surg_bot/surg_bot_description -DCATKIN_INSTALL_INTO_PREFIX_ROOT=0 -DCMAKE_INSTALL_PREFIX=/home/ubuntu/surgeryBotWs/install/surg_bot_description
[1.152s] DEBUG:colcon.colcon_core.event_handler.log_command:Invoked command in '/home/ubuntu/surgeryBotWs/build/surg_bot' returned '0': CMAKE_PREFIX_PATH=${CMAKE_PREFIX_PATH}:/home/ubuntu/ros2_jazzy/install/rqt_bag_plugins:/home/ubuntu/ros2_jazzy/install/rqt_bag:/home/ubuntu/ros2_jazzy/install/rosbag2_examples_py:/home/ubuntu/ros2_jazzy/install/launch_testing_examples:/home/ubuntu/ros2_jazzy/install/ros2bag:/home/ubuntu/ros2_jazzy/install/tracetools_test:/home/ubuntu/ros2_jazzy/install/tracetools_launch:/home/ubuntu/ros2_jazzy/install/topic_monitor:/home/ubuntu/ros2_jazzy/install/tf2_tools:/home/ubuntu/ros2_jazzy/install/examples_tf2_py:/home/ubuntu/ros2_jazzy/install/tf2_ros_py:/home/ubuntu/ros2_jazzy/install/examples_rclpy_pointcloud_publisher:/home/ubuntu/ros2_jazzy/install/sensor_msgs_py:/home/ubuntu/ros2_jazzy/install/quality_of_service_demo_py:/home/ubuntu/ros2_jazzy/install/rqt_plot:/home/ubuntu/ros2_jazzy/install/ros2doctor:/home/ubuntu/ros2_jazzy/install/lifecycle_py:/home/ubuntu/ros2_jazzy/install/examples_rclpy_minimal_subscriber:/home/ubuntu/ros2_jazzy/install/examples_rclpy_minimal_service:/home/ubuntu/ros2_jazzy/install/examples_rclpy_minimal_publisher:/home/ubuntu/ros2_jazzy/install/examples_rclpy_minimal_client:/home/ubuntu/ros2_jazzy/install/examples_rclpy_executors:/home/ubuntu/ros2_jazzy/install/demo_nodes_py:/home/ubuntu/ros2_jazzy/install/rqt:/home/ubuntu/ros2_jazzy/install/ros2component:/home/ubuntu/ros2_jazzy/install/sros2:/home/ubuntu/ros2_jazzy/install/rqt_topic:/home/ubuntu/ros2_jazzy/install/rqt_srv:/home/ubuntu/ros2_jazzy/install/rqt_shell:/home/ubuntu/ros2_jazzy/install/rqt_service_caller:/home/ubuntu/ros2_jazzy/install/rqt_reconfigure:/home/ubuntu/ros2_jazzy/install/rqt_py_console:/home/ubuntu/ros2_jazzy/install/rqt_publisher:/home/ubuntu/ros2_jazzy/install/rqt_action:/home/ubuntu/ros2_jazzy/install/rqt_msg:/home/ubuntu/ros2_jazzy/install/rqt_console:/home/ubuntu/ros2_jazzy/install/rqt_graph:/home/ubuntu/ros2_jazzy/install/rqt_gui_py:/home/ubuntu/ros2_jazzy/install/rqt_gui:/home/ubuntu/ros2_jazzy/install/ros2trace:/home/ubuntu/ros2_jazzy/install/ros2topic:/home/ubuntu/ros2_jazzy/install/ros2test:/home/ubuntu/ros2_jazzy/install/ros2param:/home/ubuntu/ros2_jazzy/install/ros2lifecycle:/home/ubuntu/ros2_jazzy/install/ros2service:/home/ubuntu/ros2_jazzy/install/ros2run:/home/ubuntu/ros2_jazzy/install/ros2launch:/home/ubuntu/ros2_jazzy/install/ros2pkg:/home/ubuntu/ros2_jazzy/install/ros2node:/home/ubuntu/ros2_jazzy/install/ros2multicast:/home/ubuntu/ros2_jazzy/install/ros2interface:/home/ubuntu/ros2_jazzy/install/ros2action:/home/ubuntu/ros2_jazzy/install/ros2cli:/home/ubuntu/ros2_jazzy/install/launch_testing_ros:/home/ubuntu/ros2_jazzy/install/launch_ros:/home/ubuntu/ros2_jazzy/install/examples_rclpy_minimal_action_server:/home/ubuntu/ros2_jazzy/install/examples_rclpy_minimal_action_client:/home/ubuntu/ros2_jazzy/install/examples_rclpy_guard_conditions:/home/ubuntu/ros2_jazzy/install/action_tutorials_py:/home/ubuntu/ros2_jazzy/install/ament_uncrustify:/home/ubuntu/ros2_jazzy/install/tracetools_trace:/home/ubuntu/ros2_jazzy/install/tracetools_read:/home/ubuntu/ros2_jazzy/install/test_tracetools_launch:/home/ubuntu/ros2_jazzy/install/test_ros2trace:/home/ubuntu/ros2_jazzy/install/test_launch_ros:/home/ubuntu/ros2_jazzy/install/rpyutils:/home/ubuntu/ros2_jazzy/install/rosidl_runtime_py:/home/ubuntu/ros2_jazzy/install/rosidl_pycommon:/home/ubuntu/ros2_jazzy/install/rosidl_cli:/home/ubuntu/ros2_jazzy/install/launch_pytest:/home/ubuntu/ros2_jazzy/install/launch_testing:/home/ubuntu/ros2_jazzy/install/launch_yaml:/home/ubuntu/ros2_jazzy/install/launch_xml:/home/ubuntu/ros2_jazzy/install/launch:/home/ubuntu/ros2_jazzy/install/osrf_pycommon:/home/ubuntu/ros2_jazzy/install/domain_coordinator:/home/ubuntu/ros2_jazzy/install/ament_xmllint:/home/ubuntu/ros2_jazzy/install/ament_pyflakes:/home/ubuntu/ros2_jazzy/install/ament_pycodestyle:/home/ubuntu/ros2_jazzy/install/ament_pep257:/home/ubuntu/ros2_jazzy/install/ament_pclint:/home/ubuntu/ros2_jazzy/install/ament_package:/home/ubuntu/ros2_jazzy/install/ament_mypy:/home/ubuntu/ros2_jazzy/install/ament_lint_cmake:/home/ubuntu/ros2_jazzy/install/ament_flake8:/home/ubuntu/ros2_jazzy/install/ament_copyright:/home/ubuntu/ros2_jazzy/install/ament_lint:/home/ubuntu/ros2_jazzy/install/ament_index_python:/home/ubuntu/ros2_jazzy/install/ament_cpplint:/home/ubuntu/ros2_jazzy/install/ament_cppcheck:/home/ubuntu/ros2_jazzy/install/ament_clang_tidy:/home/ubuntu/ros2_jazzy/install/ament_clang_format:/opt/ros/jazzy DEBUGINFOD_URLS=https://debuginfod.ubuntu.com /usr/bin/cmake --build /home/ubuntu/surgeryBotWs/build/surg_bot -- -j12 -l12
[1.168s] DEBUG:colcon.colcon_core.event_handler.log_command:Invoked command in '/home/ubuntu/surgeryBotWs/build/surg_bot_description' returned '1': DEBUGINFOD_URLS=https://debuginfod.ubuntu.com /usr/bin/cmake /home/ubuntu/surgeryBotWs/src/surg_bot/surg_bot_description -DCATKIN_INSTALL_INTO_PREFIX_ROOT=0 -DCMAKE_INSTALL_PREFIX=/home/ubuntu/surgeryBotWs/install/surg_bot_description
[1.191s] Level 1:colcon.colcon_core.environment:create_environment_scripts_only(surg_bot_description)
[1.196s] Level 1:colcon.colcon_core.environment:checking '/home/ubuntu/surgeryBotWs/install/surg_bot_description' for CMake module files
[1.197s] Level 1:colcon.colcon_core.environment:checking '/home/ubuntu/surgeryBotWs/install/surg_bot_description' for CMake config files
[1.197s] Level 1:colcon.colcon_core.shell:create_environment_hook('surg_bot_description', 'cmake_prefix_path')
[1.197s] INFO:colcon.colcon_core.shell:Creating environment hook '/home/ubuntu/surgeryBotWs/install/surg_bot_description/share/surg_bot_description/hook/cmake_prefix_path.ps1'
[1.198s] INFO:colcon.colcon_core.shell:Creating environment descriptor '/home/ubuntu/surgeryBotWs/install/surg_bot_description/share/surg_bot_description/hook/cmake_prefix_path.dsv'
[1.199s] INFO:colcon.colcon_core.shell:Creating environment hook '/home/ubuntu/surgeryBotWs/install/surg_bot_description/share/surg_bot_description/hook/cmake_prefix_path.sh'
[1.200s] Level 1:colcon.colcon_core.environment:checking '/home/ubuntu/surgeryBotWs/install/surg_bot_description/bin'
[1.200s] Level 1:colcon.colcon_core.environment:checking '/home/ubuntu/surgeryBotWs/install/surg_bot_description/lib/pkgconfig/surg_bot_description.pc'
[1.200s] Level 1:colcon.colcon_core.environment:checking '/home/ubuntu/surgeryBotWs/install/surg_bot_description/lib/python3.12/site-packages'
[1.200s] Level 1:colcon.colcon_core.environment:checking '/home/ubuntu/surgeryBotWs/install/surg_bot_description/bin'
[1.200s] INFO:colcon.colcon_core.shell:Creating package script '/home/ubuntu/surgeryBotWs/install/surg_bot_description/share/surg_bot_description/package.ps1'
[1.201s] INFO:colcon.colcon_core.shell:Creating package descriptor '/home/ubuntu/surgeryBotWs/install/surg_bot_description/share/surg_bot_description/package.dsv'
[1.202s] INFO:colcon.colcon_core.shell:Creating package script '/home/ubuntu/surgeryBotWs/install/surg_bot_description/share/surg_bot_description/package.sh'
[1.203s] INFO:colcon.colcon_core.shell:Creating package script '/home/ubuntu/surgeryBotWs/install/surg_bot_description/share/surg_bot_description/package.bash'
[1.204s] INFO:colcon.colcon_core.shell:Creating package script '/home/ubuntu/surgeryBotWs/install/surg_bot_description/share/surg_bot_description/package.zsh'
[1.204s] Level 1:colcon.colcon_core.environment:create_file_with_runtime_dependencies(/home/ubuntu/surgeryBotWs/install/surg_bot_description/share/colcon-core/packages/surg_bot_description)
[1.217s] DEBUG:colcon.colcon_parallel_executor.executor.parallel:closing loop
[1.219s] DEBUG:colcon.colcon_parallel_executor.executor.parallel:loop closed
[1.219s] DEBUG:colcon.colcon_parallel_executor.executor.parallel:run_until_complete finished with '1'
[1.219s] DEBUG:colcon.colcon_core.event_reactor:joining thread
[1.231s] INFO:colcon.colcon_core.plugin_system:Skipping extension 'colcon_notification.desktop_notification.terminal_notifier': Not used on non-Darwin systems
[1.231s] INFO:colcon.colcon_core.plugin_system:Skipping extension 'colcon_notification.desktop_notification.win32': Not used on non-Windows systems
[1.231s] INFO:colcon.colcon_notification.desktop_notification:Sending desktop notification using 'notify2'
[1.252s] DEBUG:colcon.colcon_core.event_reactor:joined thread
[1.252s] INFO:colcon.colcon_core.shell:Creating prefix script '/home/ubuntu/surgeryBotWs/install/local_setup.ps1'
[1.253s] INFO:colcon.colcon_core.shell:Creating prefix util module '/home/ubuntu/surgeryBotWs/install/_local_setup_util_ps1.py'
[1.254s] INFO:colcon.colcon_core.shell:Creating prefix chain script '/home/ubuntu/surgeryBotWs/install/setup.ps1'
[1.270s] INFO:colcon.colcon_core.shell:Creating prefix script '/home/ubuntu/surgeryBotWs/install/local_setup.sh'
[1.271s] INFO:colcon.colcon_core.shell:Creating prefix util module '/home/ubuntu/surgeryBotWs/install/_local_setup_util_sh.py'
[1.271s] INFO:colcon.colcon_core.shell:Creating prefix chain script '/home/ubuntu/surgeryBotWs/install/setup.sh'
[1.286s] INFO:colcon.colcon_core.shell:Creating prefix script '/home/ubuntu/surgeryBotWs/install/local_setup.bash'
[1.287s] INFO:colcon.colcon_core.shell:Creating prefix chain script '/home/ubuntu/surgeryBotWs/install/setup.bash'
[1.294s] INFO:colcon.colcon_core.shell:Creating prefix script '/home/ubuntu/surgeryBotWs/install/local_setup.zsh'
[1.295s] INFO:colcon.colcon_core.shell:Creating prefix chain script '/home/ubuntu/surgeryBotWs/install/setup.zsh'
