[0.019s] Invoking command in '/home/alec/surgeryBotWs/build/surg_bot_gazebo': CMAKE_PREFIX_PATH=${CMAKE_PREFIX_PATH}:/opt/ros/jazzy DEBUGINFOD_URLS=https://debuginfod.ubuntu.com /usr/bin/cmake /home/alec/surgeryBotWs/src/surg_bot/surg_bot_gazebo -DCMAKE_INSTALL_PREFIX=/home/alec/surgeryBotWs/install/surg_bot_gazebo
[0.115s] -- The C compiler identification is GNU 13.2.0
[0.207s] -- The CXX compiler identification is GNU 13.2.0
[0.238s] -- Detecting C compiler ABI info
[0.399s] -- Detecting C compiler ABI info - done
[0.411s] -- Check for working C compiler: /usr/bin/cc - skipped
[0.411s] -- Detecting C compile features
[0.411s] -- Detecting C compile features - done
[0.425s] -- Detecting CXX compiler ABI info
[0.574s] -- Detecting CXX compiler ABI info - done
[0.583s] -- Check for working CXX compiler: /usr/bin/c++ - skipped
[0.583s] -- Detecting CXX compile features
[0.583s] -- Detecting CXX compile features - done
[0.588s] -- Found ament_cmake: 2.5.2 (/opt/ros/jazzy/share/ament_cmake/cmake)
[0.853s] -- Found Python3: /usr/bin/python3 (found version "3.12.3") found components: Interpreter 
[1.078s] -- Found ament_lint_auto: 0.17.1 (/opt/ros/jazzy/share/ament_lint_auto/cmake)
[1.259s] -- Added test 'lint_cmake' to check CMake code style
[1.262s] -- Added test 'xmllint' to check XML markup files
[1.264s] -- Configuring done (1.2s)
[1.269s] -- Generating done (0.0s)
[1.271s] -- Build files have been written to: /home/alec/surgeryBotWs/build/surg_bot_gazebo
