[0.010s] Invoking command in '/home/ubuntu/surgeryBotWs/build/surg_bot': CMAKE_PREFIX_PATH=${CMAKE_PREFIX_PATH}:/opt/ros/jazzy DEBUGINFOD_URLS=https://debuginfod.ubuntu.com /usr/bin/cmake /home/ubuntu/surgeryBotWs/src/surg_bot/surg_bot -DCMAKE_INSTALL_PREFIX=/home/ubuntu/surgeryBotWs/install/surg_bot
[0.062s] -- The C compiler identification is GNU 13.2.0
[0.113s] -- The CXX compiler identification is GNU 13.2.0
[0.128s] -- Detecting C compiler ABI info
[0.216s] -- Detecting C compiler ABI info - done
[0.225s] -- Check for working C compiler: /usr/bin/cc - skipped
[0.225s] -- Detecting C compile features
[0.225s] -- Detecting C compile features - done
[0.233s] -- Detecting CXX compiler ABI info
[0.332s] -- Detecting CXX compiler ABI info - done
[0.341s] -- Check for working CXX compiler: /usr/bin/c++ - skipped
[0.341s] -- Detecting CXX compile features
[0.341s] -- Detecting CXX compile features - done
[0.345s] -- Found ament_cmake: 2.5.2 (/opt/ros/jazzy/share/ament_cmake/cmake)
[0.493s] -- Found Python3: /usr/bin/python3 (found version "3.12.3") found components: Interpreter 
[0.596s] -- Found ament_lint_auto: 0.17.1 (/opt/ros/jazzy/share/ament_lint_auto/cmake)
[0.696s] -- Added test 'lint_cmake' to check CMake code style
[0.697s] -- Added test 'xmllint' to check XML markup files
[0.698s] -- Configuring done (0.7s)
[0.700s] -- Generating done (0.0s)
[0.701s] -- Build files have been written to: /home/ubuntu/surgeryBotWs/build/surg_bot
[0.707s] Invoked command in '/home/ubuntu/surgeryBotWs/build/surg_bot' returned '0': CMAKE_PREFIX_PATH=${CMAKE_PREFIX_PATH}:/opt/ros/jazzy DEBUGINFOD_URLS=https://debuginfod.ubuntu.com /usr/bin/cmake /home/ubuntu/surgeryBotWs/src/surg_bot/surg_bot -DCMAKE_INSTALL_PREFIX=/home/ubuntu/surgeryBotWs/install/surg_bot
[0.708s] Invoking command in '/home/ubuntu/surgeryBotWs/build/surg_bot': CMAKE_PREFIX_PATH=${CMAKE_PREFIX_PATH}:/opt/ros/jazzy DEBUGINFOD_URLS=https://debuginfod.ubuntu.com /usr/bin/cmake --build /home/ubuntu/surgeryBotWs/build/surg_bot -- -j12 -l12
[0.745s] Invoked command in '/home/ubuntu/surgeryBotWs/build/surg_bot' returned '0': CMAKE_PREFIX_PATH=${CMAKE_PREFIX_PATH}:/opt/ros/jazzy DEBUGINFOD_URLS=https://debuginfod.ubuntu.com /usr/bin/cmake --build /home/ubuntu/surgeryBotWs/build/surg_bot -- -j12 -l12
[0.774s] Invoking command in '/home/ubuntu/surgeryBotWs/build/surg_bot': CMAKE_PREFIX_PATH=${CMAKE_PREFIX_PATH}:/opt/ros/jazzy DEBUGINFOD_URLS=https://debuginfod.ubuntu.com /usr/bin/cmake --install /home/ubuntu/surgeryBotWs/build/surg_bot
[0.790s] -- Install configuration: ""
[0.790s] -- Installing: /home/ubuntu/surgeryBotWs/install/surg_bot/share/ament_index/resource_index/package_run_dependencies/surg_bot
[0.792s] -- Installing: /home/ubuntu/surgeryBotWs/install/surg_bot/share/ament_index/resource_index/parent_prefix_path/surg_bot
[0.792s] -- Installing: /home/ubuntu/surgeryBotWs/install/surg_bot/share/surg_bot/environment/ament_prefix_path.sh
[0.792s] -- Installing: /home/ubuntu/surgeryBotWs/install/surg_bot/share/surg_bot/environment/ament_prefix_path.dsv
[0.792s] -- Installing: /home/ubuntu/surgeryBotWs/install/surg_bot/share/surg_bot/environment/path.sh
[0.792s] -- Installing: /home/ubuntu/surgeryBotWs/install/surg_bot/share/surg_bot/environment/path.dsv
[0.792s] -- Installing: /home/ubuntu/surgeryBotWs/install/surg_bot/share/surg_bot/local_setup.bash
[0.792s] -- Installing: /home/ubuntu/surgeryBotWs/install/surg_bot/share/surg_bot/local_setup.sh
[0.793s] -- Installing: /home/ubuntu/surgeryBotWs/install/surg_bot/share/surg_bot/local_setup.zsh
[0.793s] -- Installing: /home/ubuntu/surgeryBotWs/install/surg_bot/share/surg_bot/local_setup.dsv
[0.793s] -- Installing: /home/ubuntu/surgeryBotWs/install/surg_bot/share/surg_bot/package.dsv
[0.793s] -- Installing: /home/ubuntu/surgeryBotWs/install/surg_bot/share/ament_index/resource_index/packages/surg_bot
[0.793s] -- Installing: /home/ubuntu/surgeryBotWs/install/surg_bot/share/surg_bot/cmake/surg_botConfig.cmake
[0.793s] -- Installing: /home/ubuntu/surgeryBotWs/install/surg_bot/share/surg_bot/cmake/surg_botConfig-version.cmake
[0.793s] -- Installing: /home/ubuntu/surgeryBotWs/install/surg_bot/share/surg_bot/package.xml
[0.795s] Invoked command in '/home/ubuntu/surgeryBotWs/build/surg_bot' returned '0': CMAKE_PREFIX_PATH=${CMAKE_PREFIX_PATH}:/opt/ros/jazzy DEBUGINFOD_URLS=https://debuginfod.ubuntu.com /usr/bin/cmake --install /home/ubuntu/surgeryBotWs/build/surg_bot
