-- The C compiler identification is GNU 13.2.0
-- The CXX compiler identification is GNU 13.2.0
-- Detecting C compiler ABI info
-- Detecting C compiler ABI info - done
-- Check for working C compiler: /usr/bin/cc - skipped
-- Detecting C compile features
-- Detecting C compile features - done
-- Detecting CXX compiler ABI info
-- Detecting CXX compiler ABI info - done
-- Check for working CXX compiler: /usr/bin/c++ - skipped
-- Detecting CXX compile features
-- Detecting CXX compile features - done
-- Found ament_cmake: 2.5.2 (/opt/ros/jazzy/share/ament_cmake/cmake)
-- Found Python3: /usr/bin/python3 (found version "3.12.3") found components: Interpreter 
-- Found ament_lint_auto: 0.17.1 (/opt/ros/jazzy/share/ament_lint_auto/cmake)
-- Added test 'lint_cmake' to check CMake code style
-- Added test 'xmllint' to check XML markup files
-- Configuring done (0.8s)
-- Generating done (0.0s)
-- Build files have been written to: /home/ubuntu/surgeryBotWs/src/surg_bot/build/surg_bot
-- Install configuration: ""
-- Installing: /home/ubuntu/surgeryBotWs/src/surg_bot/install/surg_bot/share/ament_index/resource_index/package_run_dependencies/surg_bot
-- Installing: /home/ubuntu/surgeryBotWs/src/surg_bot/install/surg_bot/share/ament_index/resource_index/parent_prefix_path/surg_bot
-- Installing: /home/ubuntu/surgeryBotWs/src/surg_bot/install/surg_bot/share/surg_bot/environment/ament_prefix_path.sh
-- Installing: /home/ubuntu/surgeryBotWs/src/surg_bot/install/surg_bot/share/surg_bot/environment/ament_prefix_path.dsv
-- Installing: /home/ubuntu/surgeryBotWs/src/surg_bot/install/surg_bot/share/surg_bot/environment/path.sh
-- Installing: /home/ubuntu/surgeryBotWs/src/surg_bot/install/surg_bot/share/surg_bot/environment/path.dsv
-- Installing: /home/ubuntu/surgeryBotWs/src/surg_bot/install/surg_bot/share/surg_bot/local_setup.bash
-- Installing: /home/ubuntu/surgeryBotWs/src/surg_bot/install/surg_bot/share/surg_bot/local_setup.sh
-- Installing: /home/ubuntu/surgeryBotWs/src/surg_bot/install/surg_bot/share/surg_bot/local_setup.zsh
-- Installing: /home/ubuntu/surgeryBotWs/src/surg_bot/install/surg_bot/share/surg_bot/local_setup.dsv
-- Installing: /home/ubuntu/surgeryBotWs/src/surg_bot/install/surg_bot/share/surg_bot/package.dsv
-- Installing: /home/ubuntu/surgeryBotWs/src/surg_bot/install/surg_bot/share/ament_index/resource_index/packages/surg_bot
-- Installing: /home/ubuntu/surgeryBotWs/src/surg_bot/install/surg_bot/share/surg_bot/cmake/surg_botConfig.cmake
-- Installing: /home/ubuntu/surgeryBotWs/src/surg_bot/install/surg_bot/share/surg_bot/cmake/surg_botConfig-version.cmake
-- Installing: /home/ubuntu/surgeryBotWs/src/surg_bot/install/surg_bot/share/surg_bot/package.xml
