[0.015s] Invoking command in '/home/ubuntu/surgeryBotWs/src/surg_bot/build/surg_bot': CMAKE_PREFIX_PATH=${CMAKE_PREFIX_PATH}:/opt/ros/jazzy DEBUGINFOD_URLS=https://debuginfod.ubuntu.com /usr/bin/cmake /home/ubuntu/surgeryBotWs/src/surg_bot/surg_bot -DCMAKE_INSTALL_PREFIX=/home/ubuntu/surgeryBotWs/src/surg_bot/install/surg_bot
[0.075s] -- The C compiler identification is GNU 13.2.0
[0.149s] -- The CXX compiler identification is GNU 13.2.0
[0.166s] -- Detecting C compiler ABI info
[0.285s] -- Detecting C compiler ABI info - done
[0.296s] -- Check for working C compiler: /usr/bin/cc - skipped
[0.296s] -- Detecting C compile features
[0.297s] -- Detecting C compile features - done
[0.306s] -- Detecting CXX compiler ABI info
[0.416s] -- Detecting CXX compiler ABI info - done
[0.430s] -- Check for working CXX compiler: /usr/bin/c++ - skipped
[0.430s] -- Detecting CXX compile features
[0.430s] -- Detecting CXX compile features - done
[0.432s] -- Found ament_cmake: 2.5.2 (/opt/ros/jazzy/share/ament_cmake/cmake)
[0.583s] -- Found Python3: /usr/bin/python3 (found version "3.12.3") found components: Interpreter 
[0.695s] -- Found ament_lint_auto: 0.17.1 (/opt/ros/jazzy/share/ament_lint_auto/cmake)
[0.818s] -- Added test 'lint_cmake' to check CMake code style
[0.820s] -- Added test 'xmllint' to check XML markup files
[0.822s] -- Configuring done (0.8s)
[0.824s] -- Generating done (0.0s)
[0.825s] -- Build files have been written to: /home/ubuntu/surgeryBotWs/src/surg_bot/build/surg_bot
[0.838s] Invoked command in '/home/ubuntu/surgeryBotWs/src/surg_bot/build/surg_bot' returned '0': CMAKE_PREFIX_PATH=${CMAKE_PREFIX_PATH}:/opt/ros/jazzy DEBUGINFOD_URLS=https://debuginfod.ubuntu.com /usr/bin/cmake /home/ubuntu/surgeryBotWs/src/surg_bot/surg_bot -DCMAKE_INSTALL_PREFIX=/home/ubuntu/surgeryBotWs/src/surg_bot/install/surg_bot
[0.838s] Invoking command in '/home/ubuntu/surgeryBotWs/src/surg_bot/build/surg_bot': CMAKE_PREFIX_PATH=${CMAKE_PREFIX_PATH}:/opt/ros/jazzy DEBUGINFOD_URLS=https://debuginfod.ubuntu.com /usr/bin/cmake --build /home/ubuntu/surgeryBotWs/src/surg_bot/build/surg_bot -- -j12 -l12
[0.881s] Invoked command in '/home/ubuntu/surgeryBotWs/src/surg_bot/build/surg_bot' returned '0': CMAKE_PREFIX_PATH=${CMAKE_PREFIX_PATH}:/opt/ros/jazzy DEBUGINFOD_URLS=https://debuginfod.ubuntu.com /usr/bin/cmake --build /home/ubuntu/surgeryBotWs/src/surg_bot/build/surg_bot -- -j12 -l12
[0.915s] Invoking command in '/home/ubuntu/surgeryBotWs/src/surg_bot/build/surg_bot': CMAKE_PREFIX_PATH=${CMAKE_PREFIX_PATH}:/opt/ros/jazzy DEBUGINFOD_URLS=https://debuginfod.ubuntu.com /usr/bin/cmake --install /home/ubuntu/surgeryBotWs/src/surg_bot/build/surg_bot
[0.925s] -- Install configuration: ""
[0.925s] -- Installing: /home/ubuntu/surgeryBotWs/src/surg_bot/install/surg_bot/share/ament_index/resource_index/package_run_dependencies/surg_bot
[0.927s] -- Installing: /home/ubuntu/surgeryBotWs/src/surg_bot/install/surg_bot/share/ament_index/resource_index/parent_prefix_path/surg_bot
[0.927s] -- Installing: /home/ubuntu/surgeryBotWs/src/surg_bot/install/surg_bot/share/surg_bot/environment/ament_prefix_path.sh
[0.927s] -- Installing: /home/ubuntu/surgeryBotWs/src/surg_bot/install/surg_bot/share/surg_bot/environment/ament_prefix_path.dsv
[0.928s] -- Installing: /home/ubuntu/surgeryBotWs/src/surg_bot/install/surg_bot/share/surg_bot/environment/path.sh
[0.928s] -- Installing: /home/ubuntu/surgeryBotWs/src/surg_bot/install/surg_bot/share/surg_bot/environment/path.dsv
[0.929s] -- Installing: /home/ubuntu/surgeryBotWs/src/surg_bot/install/surg_bot/share/surg_bot/local_setup.bash
[0.929s] -- Installing: /home/ubuntu/surgeryBotWs/src/surg_bot/install/surg_bot/share/surg_bot/local_setup.sh
[0.929s] -- Installing: /home/ubuntu/surgeryBotWs/src/surg_bot/install/surg_bot/share/surg_bot/local_setup.zsh
[0.930s] -- Installing: /home/ubuntu/surgeryBotWs/src/surg_bot/install/surg_bot/share/surg_bot/local_setup.dsv
[0.930s] -- Installing: /home/ubuntu/surgeryBotWs/src/surg_bot/install/surg_bot/share/surg_bot/package.dsv
[0.930s] -- Installing: /home/ubuntu/surgeryBotWs/src/surg_bot/install/surg_bot/share/ament_index/resource_index/packages/surg_bot
[0.930s] -- Installing: /home/ubuntu/surgeryBotWs/src/surg_bot/install/surg_bot/share/surg_bot/cmake/surg_botConfig.cmake
[0.930s] -- Installing: /home/ubuntu/surgeryBotWs/src/surg_bot/install/surg_bot/share/surg_bot/cmake/surg_botConfig-version.cmake
[0.930s] -- Installing: /home/ubuntu/surgeryBotWs/src/surg_bot/install/surg_bot/share/surg_bot/package.xml
[0.940s] Invoked command in '/home/ubuntu/surgeryBotWs/src/surg_bot/build/surg_bot' returned '0': CMAKE_PREFIX_PATH=${CMAKE_PREFIX_PATH}:/opt/ros/jazzy DEBUGINFOD_URLS=https://debuginfod.ubuntu.com /usr/bin/cmake --install /home/ubuntu/surgeryBotWs/src/surg_bot/build/surg_bot
