[0.008s] Invoking command in '/home/alec/surgeryBotWs/build/surg_bot': CMAKE_PREFIX_PATH=${CMAKE_PREFIX_PATH}:/opt/ros/jazzy DEBUGINFOD_URLS=https://debuginfod.ubuntu.com /usr/bin/cmake --build /home/alec/surgeryBotWs/build/surg_bot -- -j20 -l20
[0.034s] Invoked command in '/home/alec/surgeryBotWs/build/surg_bot' returned '0': CMAKE_PREFIX_PATH=${CMAKE_PREFIX_PATH}:/opt/ros/jazzy DEBUGINFOD_URLS=https://debuginfod.ubuntu.com /usr/bin/cmake --build /home/alec/surgeryBotWs/build/surg_bot -- -j20 -l20
[0.055s] Invoking command in '/home/alec/surgeryBotWs/build/surg_bot': CMAKE_PREFIX_PATH=${CMAKE_PREFIX_PATH}:/opt/ros/jazzy DEBUGINFOD_URLS=https://debuginfod.ubuntu.com /usr/bin/cmake --install /home/alec/surgeryBotWs/build/surg_bot
[0.060s] -- Install configuration: ""
[0.060s] -- Up-to-date: /home/alec/surgeryBotWs/install/surg_bot/share/ament_index/resource_index/package_run_dependencies/surg_bot
[0.060s] -- Up-to-date: /home/alec/surgeryBotWs/install/surg_bot/share/ament_index/resource_index/parent_prefix_path/surg_bot
[0.060s] -- Up-to-date: /home/alec/surgeryBotWs/install/surg_bot/share/surg_bot/environment/ament_prefix_path.sh
[0.060s] -- Up-to-date: /home/alec/surgeryBotWs/install/surg_bot/share/surg_bot/environment/ament_prefix_path.dsv
[0.060s] -- Up-to-date: /home/alec/surgeryBotWs/install/surg_bot/share/surg_bot/environment/path.sh
[0.060s] -- Up-to-date: /home/alec/surgeryBotWs/install/surg_bot/share/surg_bot/environment/path.dsv
[0.060s] -- Up-to-date: /home/alec/surgeryBotWs/install/surg_bot/share/surg_bot/local_setup.bash
[0.060s] -- Up-to-date: /home/alec/surgeryBotWs/install/surg_bot/share/surg_bot/local_setup.sh
[0.060s] -- Up-to-date: /home/alec/surgeryBotWs/install/surg_bot/share/surg_bot/local_setup.zsh
[0.060s] -- Up-to-date: /home/alec/surgeryBotWs/install/surg_bot/share/surg_bot/local_setup.dsv
[0.060s] -- Installing: /home/alec/surgeryBotWs/install/surg_bot/share/surg_bot/package.dsv
[0.060s] -- Up-to-date: /home/alec/surgeryBotWs/install/surg_bot/share/ament_index/resource_index/packages/surg_bot
[0.061s] -- Up-to-date: /home/alec/surgeryBotWs/install/surg_bot/share/surg_bot/cmake/surg_botConfig.cmake
[0.061s] -- Up-to-date: /home/alec/surgeryBotWs/install/surg_bot/share/surg_bot/cmake/surg_botConfig-version.cmake
[0.061s] -- Up-to-date: /home/alec/surgeryBotWs/install/surg_bot/share/surg_bot/package.xml
[0.070s] Invoked command in '/home/alec/surgeryBotWs/build/surg_bot' returned '0': CMAKE_PREFIX_PATH=${CMAKE_PREFIX_PATH}:/opt/ros/jazzy DEBUGINFOD_URLS=https://debuginfod.ubuntu.com /usr/bin/cmake --install /home/alec/surgeryBotWs/build/surg_bot
