[0.009s] Invoking command in '/home/alec/surgeryBotWs/build/surg_bot': DEBUGINFOD_URLS=https://debuginfod.ubuntu.com /usr/bin/cmake /home/alec/surgeryBotWs/src/surg_bot/surg_bot -DCMAKE_INSTALL_PREFIX=/home/alec/surgeryBotWs/install/surg_bot
[0.124s] -- The C compiler identification is GNU 13.2.0
[0.247s] -- The CXX compiler identification is GNU 13.2.0
[0.279s] -- Detecting C compiler ABI info
[0.441s] -- Detecting C compiler ABI info - done
[0.460s] -- Check for working C compiler: /usr/bin/cc - skipped
[0.462s] -- Detecting C compile features
[0.463s] -- Detecting C compile features - done
[0.480s] -- Detecting CXX compiler ABI info
[0.655s] -- Detecting CXX compiler ABI info - done
[0.671s] -- Check for working CXX compiler: /usr/bin/c++ - skipped
[0.672s] -- Detecting CXX compile features
[0.672s] -- Detecting CXX compile features - done
[0.686s] [31mCMake Error at CMakeLists.txt:9 (find_package):
[0.686s]   By not providing "Findament_cmake.cmake" in CMAKE_MODULE_PATH this project
[0.686s]   has asked CMake to find a package configuration file provided by
[0.686s]   "ament_cmake", but CMake did not find one.
[0.686s] 
[0.686s]   Could not find a package configuration file provided by "ament_cmake" with
[0.686s]   any of the following names:
[0.686s] 
[0.686s]     ament_cmakeConfig.cmake
[0.686s]     ament_cmake-config.cmake
[0.686s] 
[0.686s]   Add the installation prefix of "ament_cmake" to CMAKE_PREFIX_PATH or set
[0.687s]   "ament_cmake_DIR" to a directory containing one of the above files.  If
[0.687s]   "ament_cmake" provides a separate development package or SDK, be sure it
[0.687s]   has been installed.
[0.687s] 
[0.687s] [0m
[0.687s] -- Configuring incomplete, errors occurred!
[0.691s] Invoked command in '/home/alec/surgeryBotWs/build/surg_bot' returned '1': DEBUGINFOD_URLS=https://debuginfod.ubuntu.com /usr/bin/cmake /home/alec/surgeryBotWs/src/surg_bot/surg_bot -DCMAKE_INSTALL_PREFIX=/home/alec/surgeryBotWs/install/surg_bot
