[0.014s] Invoking command in '/home/alec/surgeryBotWs/build/surg_bot': CMAKE_PREFIX_PATH=${CMAKE_PREFIX_PATH}:/opt/ros/jazzy DEBUGINFOD_URLS=https://debuginfod.ubuntu.com /usr/bin/cmake /home/alec/surgeryBotWs/src/surg_bot/surg_bot -DCMAKE_INSTALL_PREFIX=/home/alec/surgeryBotWs/install/surg_bot
[0.039s] -- Found ament_cmake: 2.5.2 (/opt/ros/jazzy/share/ament_cmake/cmake)
[0.266s] -- Found Python3: /usr/bin/python3 (found version "3.12.3") found components: Interpreter 
[0.455s] -- Found ament_lint_auto: 0.17.1 (/opt/ros/jazzy/share/ament_lint_auto/cmake)
[0.616s] -- Added test 'lint_cmake' to check CMake code style
[0.618s] -- Added test 'xmllint' to check XML markup files
[0.620s] -- Configuring done (0.6s)
[0.623s] -- Generating done (0.0s)
[0.624s] -- Build files have been written to: /home/alec/surgeryBotWs/build/surg_bot
[0.631s] Invoked command in '/home/alec/surgeryBotWs/build/surg_bot' returned '0': CMAKE_PREFIX_PATH=${CMAKE_PREFIX_PATH}:/opt/ros/jazzy DEBUGINFOD_URLS=https://debuginfod.ubuntu.com /usr/bin/cmake /home/alec/surgeryBotWs/src/surg_bot/surg_bot -DCMAKE_INSTALL_PREFIX=/home/alec/surgeryBotWs/install/surg_bot
[0.631s] Invoking command in '/home/alec/surgeryBotWs/build/surg_bot': CMAKE_PREFIX_PATH=${CMAKE_PREFIX_PATH}:/opt/ros/jazzy DEBUGINFOD_URLS=https://debuginfod.ubuntu.com /usr/bin/cmake --build /home/alec/surgeryBotWs/build/surg_bot -- -j20 -l20
[0.690s] Invoked command in '/home/alec/surgeryBotWs/build/surg_bot' returned '0': CMAKE_PREFIX_PATH=${CMAKE_PREFIX_PATH}:/opt/ros/jazzy DEBUGINFOD_URLS=https://debuginfod.ubuntu.com /usr/bin/cmake --build /home/alec/surgeryBotWs/build/surg_bot -- -j20 -l20
[0.746s] Invoking command in '/home/alec/surgeryBotWs/build/surg_bot': CMAKE_PREFIX_PATH=${CMAKE_PREFIX_PATH}:/opt/ros/jazzy DEBUGINFOD_URLS=https://debuginfod.ubuntu.com /usr/bin/cmake --install /home/alec/surgeryBotWs/build/surg_bot
[0.759s] -- Install configuration: ""
[0.759s] -- Installing: /home/alec/surgeryBotWs/install/surg_bot/share/ament_index/resource_index/package_run_dependencies/surg_bot
[0.759s] -- Installing: /home/alec/surgeryBotWs/install/surg_bot/share/ament_index/resource_index/parent_prefix_path/surg_bot
[0.760s] -- Installing: /home/alec/surgeryBotWs/install/surg_bot/share/surg_bot/environment/ament_prefix_path.sh
[0.760s] -- Installing: /home/alec/surgeryBotWs/install/surg_bot/share/surg_bot/environment/ament_prefix_path.dsv
[0.760s] -- Installing: /home/alec/surgeryBotWs/install/surg_bot/share/surg_bot/environment/path.sh
[0.760s] -- Installing: /home/alec/surgeryBotWs/install/surg_bot/share/surg_bot/environment/path.dsv
[0.760s] -- Installing: /home/alec/surgeryBotWs/install/surg_bot/share/surg_bot/local_setup.bash
[0.761s] -- Installing: /home/alec/surgeryBotWs/install/surg_bot/share/surg_bot/local_setup.sh
[0.761s] -- Installing: /home/alec/surgeryBotWs/install/surg_bot/share/surg_bot/local_setup.zsh
[0.761s] -- Installing: /home/alec/surgeryBotWs/install/surg_bot/share/surg_bot/local_setup.dsv
[0.761s] -- Installing: /home/alec/surgeryBotWs/install/surg_bot/share/surg_bot/package.dsv
[0.761s] -- Installing: /home/alec/surgeryBotWs/install/surg_bot/share/ament_index/resource_index/packages/surg_bot
[0.761s] -- Installing: /home/alec/surgeryBotWs/install/surg_bot/share/surg_bot/cmake/surg_botConfig.cmake
[0.761s] -- Installing: /home/alec/surgeryBotWs/install/surg_bot/share/surg_bot/cmake/surg_botConfig-version.cmake
[0.762s] -- Installing: /home/alec/surgeryBotWs/install/surg_bot/share/surg_bot/package.xml
[0.769s] Invoked command in '/home/alec/surgeryBotWs/build/surg_bot' returned '0': CMAKE_PREFIX_PATH=${CMAKE_PREFIX_PATH}:/opt/ros/jazzy DEBUGINFOD_URLS=https://debuginfod.ubuntu.com /usr/bin/cmake --install /home/alec/surgeryBotWs/build/surg_bot
