[0.013s] Invoking command in '/home/alec/surgeryBotWs/build/surg_bot_description': CMAKE_PREFIX_PATH=${CMAKE_PREFIX_PATH}:/opt/ros/jazzy DEBUGINFOD_URLS=https://debuginfod.ubuntu.com /usr/bin/cmake /home/alec/surgeryBotWs/src/surg_bot/surg_bot_description -DCMAKE_INSTALL_PREFIX=/home/alec/surgeryBotWs/install/surg_bot_description
[0.033s] -- Found ament_cmake: 2.5.2 (/opt/ros/jazzy/share/ament_cmake/cmake)
[0.256s] -- Found Python3: /usr/bin/python3 (found version "3.12.3") found components: Interpreter 
[0.447s] -- Found ament_lint_auto: 0.17.1 (/opt/ros/jazzy/share/ament_lint_auto/cmake)
[0.610s] -- Added test 'lint_cmake' to check CMake code style
[0.612s] -- Added test 'xmllint' to check XML markup files
[0.614s] -- Configuring done (0.6s)
[0.617s] -- Generating done (0.0s)
[0.618s] -- Build files have been written to: /home/alec/surgeryBotWs/build/surg_bot_description
[0.621s] Invoked command in '/home/alec/surgeryBotWs/build/surg_bot_description' returned '0': CMAKE_PREFIX_PATH=${CMAKE_PREFIX_PATH}:/opt/ros/jazzy DEBUGINFOD_URLS=https://debuginfod.ubuntu.com /usr/bin/cmake /home/alec/surgeryBotWs/src/surg_bot/surg_bot_description -DCMAKE_INSTALL_PREFIX=/home/alec/surgeryBotWs/install/surg_bot_description
[0.623s] Invoking command in '/home/alec/surgeryBotWs/build/surg_bot_description': CMAKE_PREFIX_PATH=${CMAKE_PREFIX_PATH}:/opt/ros/jazzy DEBUGINFOD_URLS=https://debuginfod.ubuntu.com /usr/bin/cmake --build /home/alec/surgeryBotWs/build/surg_bot_description -- -j20 -l20
[0.686s] Invoked command in '/home/alec/surgeryBotWs/build/surg_bot_description' returned '0': CMAKE_PREFIX_PATH=${CMAKE_PREFIX_PATH}:/opt/ros/jazzy DEBUGINFOD_URLS=https://debuginfod.ubuntu.com /usr/bin/cmake --build /home/alec/surgeryBotWs/build/surg_bot_description -- -j20 -l20
[0.742s] Invoking command in '/home/alec/surgeryBotWs/build/surg_bot_description': CMAKE_PREFIX_PATH=${CMAKE_PREFIX_PATH}:/opt/ros/jazzy DEBUGINFOD_URLS=https://debuginfod.ubuntu.com /usr/bin/cmake --install /home/alec/surgeryBotWs/build/surg_bot_description
[0.756s] -- Install configuration: ""
[0.757s] -- Installing: /home/alec/surgeryBotWs/install/surg_bot_description/share/ament_index/resource_index/package_run_dependencies/surg_bot_description
[0.758s] -- Installing: /home/alec/surgeryBotWs/install/surg_bot_description/share/ament_index/resource_index/parent_prefix_path/surg_bot_description
[0.759s] -- Installing: /home/alec/surgeryBotWs/install/surg_bot_description/share/surg_bot_description/environment/ament_prefix_path.sh
[0.759s] -- Installing: /home/alec/surgeryBotWs/install/surg_bot_description/share/surg_bot_description/environment/ament_prefix_path.dsv
[0.760s] -- Installing: /home/alec/surgeryBotWs/install/surg_bot_description/share/surg_bot_description/environment/path.sh
[0.760s] -- Installing: /home/alec/surgeryBotWs/install/surg_bot_description/share/surg_bot_description/environment/path.dsv
[0.760s] -- Installing: /home/alec/surgeryBotWs/install/surg_bot_description/share/surg_bot_description/local_setup.bash
[0.760s] -- Installing: /home/alec/surgeryBotWs/install/surg_bot_description/share/surg_bot_description/local_setup.sh
[0.760s] -- Installing: /home/alec/surgeryBotWs/install/surg_bot_description/share/surg_bot_description/local_setup.zsh
[0.761s] -- Installing: /home/alec/surgeryBotWs/install/surg_bot_description/share/surg_bot_description/local_setup.dsv
[0.762s] -- Installing: /home/alec/surgeryBotWs/install/surg_bot_description/share/surg_bot_description/package.dsv
[0.762s] -- Installing: /home/alec/surgeryBotWs/install/surg_bot_description/share/ament_index/resource_index/packages/surg_bot_description
[0.763s] -- Installing: /home/alec/surgeryBotWs/install/surg_bot_description/share/surg_bot_description/cmake/surg_bot_descriptionConfig.cmake
[0.764s] -- Installing: /home/alec/surgeryBotWs/install/surg_bot_description/share/surg_bot_description/cmake/surg_bot_descriptionConfig-version.cmake
[0.764s] -- Installing: /home/alec/surgeryBotWs/install/surg_bot_description/share/surg_bot_description/package.xml
[0.781s] Invoked command in '/home/alec/surgeryBotWs/build/surg_bot_description' returned '0': CMAKE_PREFIX_PATH=${CMAKE_PREFIX_PATH}:/opt/ros/jazzy DEBUGINFOD_URLS=https://debuginfod.ubuntu.com /usr/bin/cmake --install /home/alec/surgeryBotWs/build/surg_bot_description
