[0.008s] Invoking command in '/home/alec/surgeryBotWs/build/surg_bot_gazebo': CMAKE_PREFIX_PATH=${CMAKE_PREFIX_PATH}:/opt/ros/jazzy DEBUGINFOD_URLS=https://debuginfod.ubuntu.com /usr/bin/cmake --build /home/alec/surgeryBotWs/build/surg_bot_gazebo -- -j20 -l20
[0.038s] Invoked command in '/home/alec/surgeryBotWs/build/surg_bot_gazebo' returned '0': CMAKE_PREFIX_PATH=${CMAKE_PREFIX_PATH}:/opt/ros/jazzy DEBUGINFOD_URLS=https://debuginfod.ubuntu.com /usr/bin/cmake --build /home/alec/surgeryBotWs/build/surg_bot_gazebo -- -j20 -l20
[0.059s] Invoking command in '/home/alec/surgeryBotWs/build/surg_bot_gazebo': CMAKE_PREFIX_PATH=${CMAKE_PREFIX_PATH}:/opt/ros/jazzy DEBUGINFOD_URLS=https://debuginfod.ubuntu.com /usr/bin/cmake --install /home/alec/surgeryBotWs/build/surg_bot_gazebo
[0.064s] -- Install configuration: ""
[0.064s] -- Up-to-date: /home/alec/surgeryBotWs/install/surg_bot_gazebo/share/ament_index/resource_index/package_run_dependencies/surg_bot_gazebo
[0.064s] -- Up-to-date: /home/alec/surgeryBotWs/install/surg_bot_gazebo/share/ament_index/resource_index/parent_prefix_path/surg_bot_gazebo
[0.064s] -- Up-to-date: /home/alec/surgeryBotWs/install/surg_bot_gazebo/share/surg_bot_gazebo/environment/ament_prefix_path.sh
[0.065s] -- Up-to-date: /home/alec/surgeryBotWs/install/surg_bot_gazebo/share/surg_bot_gazebo/environment/ament_prefix_path.dsv
[0.066s] -- Up-to-date: /home/alec/surgeryBotWs/install/surg_bot_gazebo/share/surg_bot_gazebo/environment/path.sh
[0.066s] -- Up-to-date: /home/alec/surgeryBotWs/install/surg_bot_gazebo/share/surg_bot_gazebo/environment/path.dsv
[0.066s] -- Up-to-date: /home/alec/surgeryBotWs/install/surg_bot_gazebo/share/surg_bot_gazebo/local_setup.bash
[0.066s] -- Up-to-date: /home/alec/surgeryBotWs/install/surg_bot_gazebo/share/surg_bot_gazebo/local_setup.sh
[0.066s] -- Up-to-date: /home/alec/surgeryBotWs/install/surg_bot_gazebo/share/surg_bot_gazebo/local_setup.zsh
[0.066s] -- Up-to-date: /home/alec/surgeryBotWs/install/surg_bot_gazebo/share/surg_bot_gazebo/local_setup.dsv
[0.066s] -- Installing: /home/alec/surgeryBotWs/install/surg_bot_gazebo/share/surg_bot_gazebo/package.dsv
[0.066s] -- Up-to-date: /home/alec/surgeryBotWs/install/surg_bot_gazebo/share/ament_index/resource_index/packages/surg_bot_gazebo
[0.066s] -- Up-to-date: /home/alec/surgeryBotWs/install/surg_bot_gazebo/share/surg_bot_gazebo/cmake/surg_bot_gazeboConfig.cmake
[0.066s] -- Up-to-date: /home/alec/surgeryBotWs/install/surg_bot_gazebo/share/surg_bot_gazebo/cmake/surg_bot_gazeboConfig-version.cmake
[0.066s] -- Up-to-date: /home/alec/surgeryBotWs/install/surg_bot_gazebo/share/surg_bot_gazebo/package.xml
[0.067s] Invoked command in '/home/alec/surgeryBotWs/build/surg_bot_gazebo' returned '0': CMAKE_PREFIX_PATH=${CMAKE_PREFIX_PATH}:/opt/ros/jazzy DEBUGINFOD_URLS=https://debuginfod.ubuntu.com /usr/bin/cmake --install /home/alec/surgeryBotWs/build/surg_bot_gazebo
