[0.009s] Invoking command in '/home/ubuntu/surgeryBotWs/build/surg_bot_description': CMAKE_PREFIX_PATH=${CMAKE_PREFIX_PATH}:/opt/ros/jazzy DEBUGINFOD_URLS=https://debuginfod.ubuntu.com /usr/bin/cmake /home/ubuntu/surgeryBotWs/src/surg_bot/surg_bot_description -DCMAKE_INSTALL_PREFIX=/home/ubuntu/surgeryBotWs/install/surg_bot_description
[0.062s] -- The C compiler identification is GNU 13.2.0
[0.117s] -- The CXX compiler identification is GNU 13.2.0
[0.133s] -- Detecting C compiler ABI info
[0.216s] -- Detecting C compiler ABI info - done
[0.223s] -- Check for working C compiler: /usr/bin/cc - skipped
[0.223s] -- Detecting C compile features
[0.224s] -- Detecting C compile features - done
[0.234s] -- Detecting CXX compiler ABI info
[0.333s] -- Detecting CXX compiler ABI info - done
[0.341s] -- Check for working CXX compiler: /usr/bin/c++ - skipped
[0.341s] -- Detecting CXX compile features
[0.341s] -- Detecting CXX compile features - done
[0.344s] -- Found ament_cmake: 2.5.2 (/opt/ros/jazzy/share/ament_cmake/cmake)
[0.479s] -- Found Python3: /usr/bin/python3 (found version "3.12.3") found components: Interpreter 
[0.578s] -- Found ament_lint_auto: 0.17.1 (/opt/ros/jazzy/share/ament_lint_auto/cmake)
[0.670s] -- Added test 'lint_cmake' to check CMake code style
[0.670s] -- Added test 'xmllint' to check XML markup files
[0.672s] -- Configuring done (0.7s)
[0.674s] -- Generating done (0.0s)
[0.675s] -- Build files have been written to: /home/ubuntu/surgeryBotWs/build/surg_bot_description
[0.680s] Invoked command in '/home/ubuntu/surgeryBotWs/build/surg_bot_description' returned '0': CMAKE_PREFIX_PATH=${CMAKE_PREFIX_PATH}:/opt/ros/jazzy DEBUGINFOD_URLS=https://debuginfod.ubuntu.com /usr/bin/cmake /home/ubuntu/surgeryBotWs/src/surg_bot/surg_bot_description -DCMAKE_INSTALL_PREFIX=/home/ubuntu/surgeryBotWs/install/surg_bot_description
[0.680s] Invoking command in '/home/ubuntu/surgeryBotWs/build/surg_bot_description': CMAKE_PREFIX_PATH=${CMAKE_PREFIX_PATH}:/opt/ros/jazzy DEBUGINFOD_URLS=https://debuginfod.ubuntu.com /usr/bin/cmake --build /home/ubuntu/surgeryBotWs/build/surg_bot_description -- -j12 -l12
[0.721s] Invoked command in '/home/ubuntu/surgeryBotWs/build/surg_bot_description' returned '0': CMAKE_PREFIX_PATH=${CMAKE_PREFIX_PATH}:/opt/ros/jazzy DEBUGINFOD_URLS=https://debuginfod.ubuntu.com /usr/bin/cmake --build /home/ubuntu/surgeryBotWs/build/surg_bot_description -- -j12 -l12
[0.743s] Invoking command in '/home/ubuntu/surgeryBotWs/build/surg_bot_description': CMAKE_PREFIX_PATH=${CMAKE_PREFIX_PATH}:/opt/ros/jazzy DEBUGINFOD_URLS=https://debuginfod.ubuntu.com /usr/bin/cmake --install /home/ubuntu/surgeryBotWs/build/surg_bot_description
[0.750s] -- Install configuration: ""
[0.750s] -- Installing: /home/ubuntu/surgeryBotWs/install/surg_bot_description/share/ament_index/resource_index/package_run_dependencies/surg_bot_description
[0.750s] -- Installing: /home/ubuntu/surgeryBotWs/install/surg_bot_description/share/ament_index/resource_index/parent_prefix_path/surg_bot_description
[0.750s] -- Installing: /home/ubuntu/surgeryBotWs/install/surg_bot_description/share/surg_bot_description/environment/ament_prefix_path.sh
[0.750s] -- Installing: /home/ubuntu/surgeryBotWs/install/surg_bot_description/share/surg_bot_description/environment/ament_prefix_path.dsv
[0.750s] -- Installing: /home/ubuntu/surgeryBotWs/install/surg_bot_description/share/surg_bot_description/environment/path.sh
[0.750s] -- Installing: /home/ubuntu/surgeryBotWs/install/surg_bot_description/share/surg_bot_description/environment/path.dsv
[0.750s] -- Installing: /home/ubuntu/surgeryBotWs/install/surg_bot_description/share/surg_bot_description/local_setup.bash
[0.750s] -- Installing: /home/ubuntu/surgeryBotWs/install/surg_bot_description/share/surg_bot_description/local_setup.sh
[0.751s] -- Installing: /home/ubuntu/surgeryBotWs/install/surg_bot_description/share/surg_bot_description/local_setup.zsh
[0.751s] -- Installing: /home/ubuntu/surgeryBotWs/install/surg_bot_description/share/surg_bot_description/local_setup.dsv
[0.751s] -- Installing: /home/ubuntu/surgeryBotWs/install/surg_bot_description/share/surg_bot_description/package.dsv
[0.751s] -- Installing: /home/ubuntu/surgeryBotWs/install/surg_bot_description/share/ament_index/resource_index/packages/surg_bot_description
[0.751s] -- Installing: /home/ubuntu/surgeryBotWs/install/surg_bot_description/share/surg_bot_description/cmake/surg_bot_descriptionConfig.cmake
[0.751s] -- Installing: /home/ubuntu/surgeryBotWs/install/surg_bot_description/share/surg_bot_description/cmake/surg_bot_descriptionConfig-version.cmake
[0.751s] -- Installing: /home/ubuntu/surgeryBotWs/install/surg_bot_description/share/surg_bot_description/package.xml
[0.753s] Invoked command in '/home/ubuntu/surgeryBotWs/build/surg_bot_description' returned '0': CMAKE_PREFIX_PATH=${CMAKE_PREFIX_PATH}:/opt/ros/jazzy DEBUGINFOD_URLS=https://debuginfod.ubuntu.com /usr/bin/cmake --install /home/ubuntu/surgeryBotWs/build/surg_bot_description
