[0.118s] DEBUG:colcon:Command line arguments: ['/usr/bin/colcon', 'build']
[0.118s] DEBUG:colcon:Parsed command line arguments: Namespace(log_base=None, log_level=None, verb_name='build', build_base='build', install_base='install', merge_install=False, symlink_install=False, test_result_base=None, continue_on_error=False, executor='parallel', parallel_workers=20, event_handlers=None, ignore_user_meta=False, metas=['./colcon.meta'], base_paths=['.'], packages_ignore=None, packages_ignore_regex=None, paths=None, packages_up_to=None, packages_up_to_regex=None, packages_above=None, packages_above_and_dependencies=None, packages_above_depth=None, packages_select_by_dep=None, packages_skip_by_dep=None, packages_skip_up_to=None, packages_select_build_failed=False, packages_skip_build_finished=False, packages_select_test_failures=False, packages_skip_test_passed=False, packages_select=None, packages_skip=None, packages_select_regex=None, packages_skip_regex=None, packages_start=None, packages_end=None, allow_overriding=[], cmake_args=None, cmake_target=None, cmake_target_skip_unavailable=False, cmake_clean_cache=False, cmake_clean_first=False, cmake_force_configure=False, ament_cmake_args=None, catkin_cmake_args=None, catkin_skip_building_tests=False, mixin_files=None, mixin=None, verb_parser=<colcon_mixin.mixin.mixin_argument.MixinArgumentDecorator object at 0x7494a0888890>, verb_extension=<colcon_core.verb.build.BuildVerb object at 0x7494a11ee270>, main=<bound method BuildVerb.main of <colcon_core.verb.build.BuildVerb object at 0x7494a11ee270>>, mixin_verb=('build',))
[0.161s] Level 1:colcon.colcon_core.package_discovery:discover_packages(colcon_meta) check parameters
[0.161s] Level 1:colcon.colcon_core.package_discovery:discover_packages(recursive) check parameters
[0.161s] Level 1:colcon.colcon_core.package_discovery:discover_packages(ignore) check parameters
[0.161s] Level 1:colcon.colcon_core.package_discovery:discover_packages(path) check parameters
[0.161s] Level 1:colcon.colcon_core.package_discovery:discover_packages(colcon_meta) discover
[0.161s] Level 1:colcon.colcon_core.package_discovery:discover_packages(recursive) discover
[0.161s] INFO:colcon.colcon_core.package_discovery:Crawling recursively for packages in '/home/alec/surgeryBotWs'
[0.161s] Level 1:colcon.colcon_core.package_identification:_identify(.) by extensions ['ignore', 'ignore_ament_install']
[0.162s] Level 1:colcon.colcon_core.package_identification:_identify(.) by extension 'ignore'
[0.162s] Level 1:colcon.colcon_core.package_identification:_identify(.) by extension 'ignore_ament_install'
[0.162s] Level 1:colcon.colcon_core.package_identification:_identify(.) by extensions ['colcon_pkg']
[0.162s] Level 1:colcon.colcon_core.package_identification:_identify(.) by extension 'colcon_pkg'
[0.162s] Level 1:colcon.colcon_core.package_identification:_identify(.) by extensions ['colcon_meta']
[0.162s] Level 1:colcon.colcon_core.package_identification:_identify(.) by extension 'colcon_meta'
[0.162s] Level 1:colcon.colcon_core.package_identification:_identify(.) by extensions ['ros']
[0.162s] Level 1:colcon.colcon_core.package_identification:_identify(.) by extension 'ros'
[0.193s] Level 1:colcon.colcon_core.package_identification:_identify(.) by extensions ['cmake', 'python']
[0.193s] Level 1:colcon.colcon_core.package_identification:_identify(.) by extension 'cmake'
[0.194s] Level 1:colcon.colcon_core.package_identification:_identify(.) by extension 'python'
[0.194s] Level 1:colcon.colcon_core.package_identification:_identify(.) by extensions ['python_setup_py']
[0.194s] Level 1:colcon.colcon_core.package_identification:_identify(.) by extension 'python_setup_py'
[0.194s] Level 1:colcon.colcon_core.package_identification:_identify(build) by extensions ['ignore', 'ignore_ament_install']
[0.194s] Level 1:colcon.colcon_core.package_identification:_identify(build) by extension 'ignore'
[0.194s] Level 1:colcon.colcon_core.package_identification:_identify(build) ignored
[0.194s] Level 1:colcon.colcon_core.package_identification:_identify(install) by extensions ['ignore', 'ignore_ament_install']
[0.194s] Level 1:colcon.colcon_core.package_identification:_identify(install) by extension 'ignore'
[0.194s] Level 1:colcon.colcon_core.package_identification:_identify(install) ignored
[0.194s] Level 1:colcon.colcon_core.package_identification:_identify(log) by extensions ['ignore', 'ignore_ament_install']
[0.194s] Level 1:colcon.colcon_core.package_identification:_identify(log) by extension 'ignore'
[0.194s] Level 1:colcon.colcon_core.package_identification:_identify(log) ignored
[0.195s] Level 1:colcon.colcon_core.package_identification:_identify(src) by extensions ['ignore', 'ignore_ament_install']
[0.195s] Level 1:colcon.colcon_core.package_identification:_identify(src) by extension 'ignore'
[0.195s] Level 1:colcon.colcon_core.package_identification:_identify(src) by extension 'ignore_ament_install'
[0.195s] Level 1:colcon.colcon_core.package_identification:_identify(src) by extensions ['colcon_pkg']
[0.195s] Level 1:colcon.colcon_core.package_identification:_identify(src) by extension 'colcon_pkg'
[0.195s] Level 1:colcon.colcon_core.package_identification:_identify(src) by extensions ['colcon_meta']
[0.195s] Level 1:colcon.colcon_core.package_identification:_identify(src) by extension 'colcon_meta'
[0.195s] Level 1:colcon.colcon_core.package_identification:_identify(src) by extensions ['ros']
[0.195s] Level 1:colcon.colcon_core.package_identification:_identify(src) by extension 'ros'
[0.195s] Level 1:colcon.colcon_core.package_identification:_identify(src) by extensions ['cmake', 'python']
[0.195s] Level 1:colcon.colcon_core.package_identification:_identify(src) by extension 'cmake'
[0.195s] Level 1:colcon.colcon_core.package_identification:_identify(src) by extension 'python'
[0.195s] Level 1:colcon.colcon_core.package_identification:_identify(src) by extensions ['python_setup_py']
[0.195s] Level 1:colcon.colcon_core.package_identification:_identify(src) by extension 'python_setup_py'
[0.195s] Level 1:colcon.colcon_core.package_identification:_identify(src/build) by extensions ['ignore', 'ignore_ament_install']
[0.195s] Level 1:colcon.colcon_core.package_identification:_identify(src/build) by extension 'ignore'
[0.195s] Level 1:colcon.colcon_core.package_identification:_identify(src/build) ignored
[0.195s] Level 1:colcon.colcon_core.package_identification:_identify(src/install) by extensions ['ignore', 'ignore_ament_install']
[0.195s] Level 1:colcon.colcon_core.package_identification:_identify(src/install) by extension 'ignore'
[0.195s] Level 1:colcon.colcon_core.package_identification:_identify(src/install) ignored
[0.196s] Level 1:colcon.colcon_core.package_identification:_identify(src/log) by extensions ['ignore', 'ignore_ament_install']
[0.196s] Level 1:colcon.colcon_core.package_identification:_identify(src/log) by extension 'ignore'
[0.196s] Level 1:colcon.colcon_core.package_identification:_identify(src/log) ignored
[0.196s] Level 1:colcon.colcon_core.package_identification:_identify(src/surg_bot) by extensions ['ignore', 'ignore_ament_install']
[0.196s] Level 1:colcon.colcon_core.package_identification:_identify(src/surg_bot) by extension 'ignore'
[0.196s] Level 1:colcon.colcon_core.package_identification:_identify(src/surg_bot) by extension 'ignore_ament_install'
[0.196s] Level 1:colcon.colcon_core.package_identification:_identify(src/surg_bot) by extensions ['colcon_pkg']
[0.196s] Level 1:colcon.colcon_core.package_identification:_identify(src/surg_bot) by extension 'colcon_pkg'
[0.196s] Level 1:colcon.colcon_core.package_identification:_identify(src/surg_bot) by extensions ['colcon_meta']
[0.196s] Level 1:colcon.colcon_core.package_identification:_identify(src/surg_bot) by extension 'colcon_meta'
[0.196s] Level 1:colcon.colcon_core.package_identification:_identify(src/surg_bot) by extensions ['ros']
[0.196s] Level 1:colcon.colcon_core.package_identification:_identify(src/surg_bot) by extension 'ros'
[0.196s] Level 1:colcon.colcon_core.package_identification:_identify(src/surg_bot) by extensions ['cmake', 'python']
[0.196s] Level 1:colcon.colcon_core.package_identification:_identify(src/surg_bot) by extension 'cmake'
[0.196s] Level 1:colcon.colcon_core.package_identification:_identify(src/surg_bot) by extension 'python'
[0.196s] Level 1:colcon.colcon_core.package_identification:_identify(src/surg_bot) by extensions ['python_setup_py']
[0.196s] Level 1:colcon.colcon_core.package_identification:_identify(src/surg_bot) by extension 'python_setup_py'
[0.196s] Level 1:colcon.colcon_core.package_identification:_identify(src/surg_bot/build) by extensions ['ignore', 'ignore_ament_install']
[0.196s] Level 1:colcon.colcon_core.package_identification:_identify(src/surg_bot/build) by extension 'ignore'
[0.197s] Level 1:colcon.colcon_core.package_identification:_identify(src/surg_bot/build) ignored
[0.197s] Level 1:colcon.colcon_core.package_identification:_identify(src/surg_bot/install) by extensions ['ignore', 'ignore_ament_install']
[0.197s] Level 1:colcon.colcon_core.package_identification:_identify(src/surg_bot/install) by extension 'ignore'
[0.197s] Level 1:colcon.colcon_core.package_identification:_identify(src/surg_bot/install) ignored
[0.197s] Level 1:colcon.colcon_core.package_identification:_identify(src/surg_bot/log) by extensions ['ignore', 'ignore_ament_install']
[0.197s] Level 1:colcon.colcon_core.package_identification:_identify(src/surg_bot/log) by extension 'ignore'
[0.197s] Level 1:colcon.colcon_core.package_identification:_identify(src/surg_bot/log) ignored
[0.197s] Level 1:colcon.colcon_core.package_identification:_identify(src/surg_bot/surg_bot) by extensions ['ignore', 'ignore_ament_install']
[0.197s] Level 1:colcon.colcon_core.package_identification:_identify(src/surg_bot/surg_bot) by extension 'ignore'
[0.197s] Level 1:colcon.colcon_core.package_identification:_identify(src/surg_bot/surg_bot) by extension 'ignore_ament_install'
[0.197s] Level 1:colcon.colcon_core.package_identification:_identify(src/surg_bot/surg_bot) by extensions ['colcon_pkg']
[0.197s] Level 1:colcon.colcon_core.package_identification:_identify(src/surg_bot/surg_bot) by extension 'colcon_pkg'
[0.197s] Level 1:colcon.colcon_core.package_identification:_identify(src/surg_bot/surg_bot) by extensions ['colcon_meta']
[0.197s] Level 1:colcon.colcon_core.package_identification:_identify(src/surg_bot/surg_bot) by extension 'colcon_meta'
[0.197s] Level 1:colcon.colcon_core.package_identification:_identify(src/surg_bot/surg_bot) by extensions ['ros']
[0.197s] Level 1:colcon.colcon_core.package_identification:_identify(src/surg_bot/surg_bot) by extension 'ros'
[0.200s] DEBUG:colcon.colcon_core.package_identification:Package 'src/surg_bot/surg_bot' with type 'ros.ament_cmake' and name 'surg_bot'
[0.200s] Level 1:colcon.colcon_core.package_identification:_identify(src/surg_bot/surg_bot_description) by extensions ['ignore', 'ignore_ament_install']
[0.200s] Level 1:colcon.colcon_core.package_identification:_identify(src/surg_bot/surg_bot_description) by extension 'ignore'
[0.200s] Level 1:colcon.colcon_core.package_identification:_identify(src/surg_bot/surg_bot_description) by extension 'ignore_ament_install'
[0.201s] Level 1:colcon.colcon_core.package_identification:_identify(src/surg_bot/surg_bot_description) by extensions ['colcon_pkg']
[0.201s] Level 1:colcon.colcon_core.package_identification:_identify(src/surg_bot/surg_bot_description) by extension 'colcon_pkg'
[0.201s] Level 1:colcon.colcon_core.package_identification:_identify(src/surg_bot/surg_bot_description) by extensions ['colcon_meta']
[0.201s] Level 1:colcon.colcon_core.package_identification:_identify(src/surg_bot/surg_bot_description) by extension 'colcon_meta'
[0.201s] Level 1:colcon.colcon_core.package_identification:_identify(src/surg_bot/surg_bot_description) by extensions ['ros']
[0.201s] Level 1:colcon.colcon_core.package_identification:_identify(src/surg_bot/surg_bot_description) by extension 'ros'
[0.201s] DEBUG:colcon.colcon_core.package_identification:Package 'src/surg_bot/surg_bot_description' with type 'ros.ament_cmake' and name 'surg_bot_description'
[0.201s] Level 1:colcon.colcon_core.package_discovery:discover_packages(recursive) using defaults
[0.201s] Level 1:colcon.colcon_core.package_discovery:discover_packages(ignore) discover
[0.201s] Level 1:colcon.colcon_core.package_discovery:discover_packages(ignore) using defaults
[0.201s] Level 1:colcon.colcon_core.package_discovery:discover_packages(path) discover
[0.201s] Level 1:colcon.colcon_core.package_discovery:discover_packages(path) using defaults
[0.223s] Level 1:colcon.colcon_core.package_discovery:discover_packages(prefix_path) check parameters
[0.223s] Level 1:colcon.colcon_core.package_discovery:discover_packages(prefix_path) discover
[0.225s] DEBUG:colcon.colcon_installed_package_information.package_discovery:Found 2 installed packages in /home/alec/surgeryBotWs/install
[0.226s] DEBUG:colcon.colcon_installed_package_information.package_discovery:Found 255 installed packages in /opt/ros/jazzy
[0.227s] Level 1:colcon.colcon_core.package_discovery:discover_packages(prefix_path) using defaults
[0.262s] Level 5:colcon.colcon_core.verb:set package 'surg_bot' build argument 'cmake_args' from command line to 'None'
[0.262s] Level 5:colcon.colcon_core.verb:set package 'surg_bot' build argument 'cmake_target' from command line to 'None'
[0.262s] Level 5:colcon.colcon_core.verb:set package 'surg_bot' build argument 'cmake_target_skip_unavailable' from command line to 'False'
[0.262s] Level 5:colcon.colcon_core.verb:set package 'surg_bot' build argument 'cmake_clean_cache' from command line to 'False'
[0.262s] Level 5:colcon.colcon_core.verb:set package 'surg_bot' build argument 'cmake_clean_first' from command line to 'False'
[0.262s] Level 5:colcon.colcon_core.verb:set package 'surg_bot' build argument 'cmake_force_configure' from command line to 'False'
[0.262s] Level 5:colcon.colcon_core.verb:set package 'surg_bot' build argument 'ament_cmake_args' from command line to 'None'
[0.262s] Level 5:colcon.colcon_core.verb:set package 'surg_bot' build argument 'catkin_cmake_args' from command line to 'None'
[0.262s] Level 5:colcon.colcon_core.verb:set package 'surg_bot' build argument 'catkin_skip_building_tests' from command line to 'False'
[0.262s] DEBUG:colcon.colcon_core.verb:Building package 'surg_bot' with the following arguments: {'ament_cmake_args': None, 'build_base': '/home/alec/surgeryBotWs/build/surg_bot', 'catkin_cmake_args': None, 'catkin_skip_building_tests': False, 'cmake_args': None, 'cmake_clean_cache': False, 'cmake_clean_first': False, 'cmake_force_configure': False, 'cmake_target': None, 'cmake_target_skip_unavailable': False, 'install_base': '/home/alec/surgeryBotWs/install/surg_bot', 'merge_install': False, 'path': '/home/alec/surgeryBotWs/src/surg_bot/surg_bot', 'symlink_install': False, 'test_result_base': None}
[0.262s] Level 5:colcon.colcon_core.verb:set package 'surg_bot_description' build argument 'cmake_args' from command line to 'None'
[0.262s] Level 5:colcon.colcon_core.verb:set package 'surg_bot_description' build argument 'cmake_target' from command line to 'None'
[0.262s] Level 5:colcon.colcon_core.verb:set package 'surg_bot_description' build argument 'cmake_target_skip_unavailable' from command line to 'False'
[0.262s] Level 5:colcon.colcon_core.verb:set package 'surg_bot_description' build argument 'cmake_clean_cache' from command line to 'False'
[0.262s] Level 5:colcon.colcon_core.verb:set package 'surg_bot_description' build argument 'cmake_clean_first' from command line to 'False'
[0.262s] Level 5:colcon.colcon_core.verb:set package 'surg_bot_description' build argument 'cmake_force_configure' from command line to 'False'
[0.262s] Level 5:colcon.colcon_core.verb:set package 'surg_bot_description' build argument 'ament_cmake_args' from command line to 'None'
[0.262s] Level 5:colcon.colcon_core.verb:set package 'surg_bot_description' build argument 'catkin_cmake_args' from command line to 'None'
[0.262s] Level 5:colcon.colcon_core.verb:set package 'surg_bot_description' build argument 'catkin_skip_building_tests' from command line to 'False'
[0.262s] DEBUG:colcon.colcon_core.verb:Building package 'surg_bot_description' with the following arguments: {'ament_cmake_args': None, 'build_base': '/home/alec/surgeryBotWs/build/surg_bot_description', 'catkin_cmake_args': None, 'catkin_skip_building_tests': False, 'cmake_args': None, 'cmake_clean_cache': False, 'cmake_clean_first': False, 'cmake_force_configure': False, 'cmake_target': None, 'cmake_target_skip_unavailable': False, 'install_base': '/home/alec/surgeryBotWs/install/surg_bot_description', 'merge_install': False, 'path': '/home/alec/surgeryBotWs/src/surg_bot/surg_bot_description', 'symlink_install': False, 'test_result_base': None}
[0.263s] INFO:colcon.colcon_core.executor:Executing jobs using 'parallel' executor
[0.264s] DEBUG:colcon.colcon_parallel_executor.executor.parallel:run_until_complete
[0.264s] INFO:colcon.colcon_ros.task.ament_cmake.build:Building ROS package in '/home/alec/surgeryBotWs/src/surg_bot/surg_bot' with build type 'ament_cmake'
[0.264s] INFO:colcon.colcon_cmake.task.cmake.build:Building CMake package in '/home/alec/surgeryBotWs/src/surg_bot/surg_bot'
[0.266s] INFO:colcon.colcon_core.plugin_system:Skipping extension 'colcon_core.shell.bat': Not used on non-Windows systems
[0.266s] INFO:colcon.colcon_core.shell:Skip shell extension 'powershell' for command environment: Not usable outside of PowerShell
[0.266s] DEBUG:colcon.colcon_core.shell:Skip shell extension 'dsv' for command environment
[0.270s] INFO:colcon.colcon_ros.task.ament_cmake.build:Building ROS package in '/home/alec/surgeryBotWs/src/surg_bot/surg_bot_description' with build type 'ament_cmake'
[0.271s] INFO:colcon.colcon_cmake.task.cmake.build:Building CMake package in '/home/alec/surgeryBotWs/src/surg_bot/surg_bot_description'
[0.271s] INFO:colcon.colcon_core.shell:Skip shell extension 'powershell' for command environment: Not usable outside of PowerShell
[0.271s] DEBUG:colcon.colcon_core.shell:Skip shell extension 'dsv' for command environment
[0.281s] DEBUG:colcon.colcon_core.event_handler.log_command:Invoking command in '/home/alec/surgeryBotWs/build/surg_bot': CMAKE_PREFIX_PATH=${CMAKE_PREFIX_PATH}:/opt/ros/jazzy DEBUGINFOD_URLS=https://debuginfod.ubuntu.com /usr/bin/cmake --build /home/alec/surgeryBotWs/build/surg_bot -- -j20 -l20
[0.285s] DEBUG:colcon.colcon_core.event_handler.log_command:Invoking command in '/home/alec/surgeryBotWs/build/surg_bot_description': CMAKE_PREFIX_PATH=${CMAKE_PREFIX_PATH}:/opt/ros/jazzy DEBUGINFOD_URLS=https://debuginfod.ubuntu.com /usr/bin/cmake --build /home/alec/surgeryBotWs/build/surg_bot_description -- -j20 -l20
[0.336s] DEBUG:colcon.colcon_core.event_handler.log_command:Invoked command in '/home/alec/surgeryBotWs/build/surg_bot' returned '0': CMAKE_PREFIX_PATH=${CMAKE_PREFIX_PATH}:/opt/ros/jazzy DEBUGINFOD_URLS=https://debuginfod.ubuntu.com /usr/bin/cmake --build /home/alec/surgeryBotWs/build/surg_bot -- -j20 -l20
[0.338s] DEBUG:colcon.colcon_core.event_handler.log_command:Invoked command in '/home/alec/surgeryBotWs/build/surg_bot_description' returned '0': CMAKE_PREFIX_PATH=${CMAKE_PREFIX_PATH}:/opt/ros/jazzy DEBUGINFOD_URLS=https://debuginfod.ubuntu.com /usr/bin/cmake --build /home/alec/surgeryBotWs/build/surg_bot_description -- -j20 -l20
[0.394s] DEBUG:colcon.colcon_core.event_handler.log_command:Invoking command in '/home/alec/surgeryBotWs/build/surg_bot': CMAKE_PREFIX_PATH=${CMAKE_PREFIX_PATH}:/opt/ros/jazzy DEBUGINFOD_URLS=https://debuginfod.ubuntu.com /usr/bin/cmake --install /home/alec/surgeryBotWs/build/surg_bot
[0.397s] DEBUG:colcon.colcon_core.event_handler.log_command:Invoking command in '/home/alec/surgeryBotWs/build/surg_bot_description': CMAKE_PREFIX_PATH=${CMAKE_PREFIX_PATH}:/opt/ros/jazzy DEBUGINFOD_URLS=https://debuginfod.ubuntu.com /usr/bin/cmake --install /home/alec/surgeryBotWs/build/surg_bot_description
[0.414s] Level 1:colcon.colcon_core.environment:create_environment_scripts_only(surg_bot)
[0.417s] DEBUG:colcon.colcon_core.event_handler.log_command:Invoked command in '/home/alec/surgeryBotWs/build/surg_bot' returned '0': CMAKE_PREFIX_PATH=${CMAKE_PREFIX_PATH}:/opt/ros/jazzy DEBUGINFOD_URLS=https://debuginfod.ubuntu.com /usr/bin/cmake --install /home/alec/surgeryBotWs/build/surg_bot
[0.420s] Level 1:colcon.colcon_core.environment:checking '/home/alec/surgeryBotWs/install/surg_bot' for CMake module files
[0.420s] Level 1:colcon.colcon_core.environment:checking '/home/alec/surgeryBotWs/install/surg_bot' for CMake config files
[0.421s] Level 1:colcon.colcon_core.shell:create_environment_hook('surg_bot', 'cmake_prefix_path')
[0.421s] INFO:colcon.colcon_core.shell:Creating environment hook '/home/alec/surgeryBotWs/install/surg_bot/share/surg_bot/hook/cmake_prefix_path.ps1'
[0.422s] INFO:colcon.colcon_core.shell:Creating environment descriptor '/home/alec/surgeryBotWs/install/surg_bot/share/surg_bot/hook/cmake_prefix_path.dsv'
[0.423s] INFO:colcon.colcon_core.shell:Creating environment hook '/home/alec/surgeryBotWs/install/surg_bot/share/surg_bot/hook/cmake_prefix_path.sh'
[0.424s] Level 1:colcon.colcon_core.environment:checking '/home/alec/surgeryBotWs/install/surg_bot/bin'
[0.424s] Level 1:colcon.colcon_core.environment:checking '/home/alec/surgeryBotWs/install/surg_bot/lib/pkgconfig/surg_bot.pc'
[0.425s] Level 1:colcon.colcon_core.environment:checking '/home/alec/surgeryBotWs/install/surg_bot/lib/python3.12/site-packages'
[0.425s] Level 1:colcon.colcon_core.environment:checking '/home/alec/surgeryBotWs/install/surg_bot/bin'
[0.426s] INFO:colcon.colcon_core.shell:Creating package script '/home/alec/surgeryBotWs/install/surg_bot/share/surg_bot/package.ps1'
[0.427s] INFO:colcon.colcon_core.shell:Creating package descriptor '/home/alec/surgeryBotWs/install/surg_bot/share/surg_bot/package.dsv'
[0.428s] INFO:colcon.colcon_core.shell:Creating package script '/home/alec/surgeryBotWs/install/surg_bot/share/surg_bot/package.sh'
[0.429s] INFO:colcon.colcon_core.shell:Creating package script '/home/alec/surgeryBotWs/install/surg_bot/share/surg_bot/package.bash'
[0.429s] INFO:colcon.colcon_core.shell:Creating package script '/home/alec/surgeryBotWs/install/surg_bot/share/surg_bot/package.zsh'
[0.430s] Level 1:colcon.colcon_core.environment:create_file_with_runtime_dependencies(/home/alec/surgeryBotWs/install/surg_bot/share/colcon-core/packages/surg_bot)
[0.432s] Level 1:colcon.colcon_core.environment:create_environment_scripts_only(surg_bot_description)
[0.432s] Level 1:colcon.colcon_core.environment:checking '/home/alec/surgeryBotWs/install/surg_bot_description' for CMake module files
[0.434s] Level 1:colcon.colcon_core.environment:checking '/home/alec/surgeryBotWs/install/surg_bot_description' for CMake config files
[0.434s] Level 1:colcon.colcon_core.shell:create_environment_hook('surg_bot_description', 'cmake_prefix_path')
[0.434s] INFO:colcon.colcon_core.shell:Creating environment hook '/home/alec/surgeryBotWs/install/surg_bot_description/share/surg_bot_description/hook/cmake_prefix_path.ps1'
[0.435s] DEBUG:colcon.colcon_core.event_handler.log_command:Invoked command in '/home/alec/surgeryBotWs/build/surg_bot_description' returned '0': CMAKE_PREFIX_PATH=${CMAKE_PREFIX_PATH}:/opt/ros/jazzy DEBUGINFOD_URLS=https://debuginfod.ubuntu.com /usr/bin/cmake --install /home/alec/surgeryBotWs/build/surg_bot_description
[0.435s] INFO:colcon.colcon_core.shell:Creating environment descriptor '/home/alec/surgeryBotWs/install/surg_bot_description/share/surg_bot_description/hook/cmake_prefix_path.dsv'
[0.436s] INFO:colcon.colcon_core.shell:Creating environment hook '/home/alec/surgeryBotWs/install/surg_bot_description/share/surg_bot_description/hook/cmake_prefix_path.sh'
[0.437s] Level 1:colcon.colcon_core.environment:checking '/home/alec/surgeryBotWs/install/surg_bot_description/bin'
[0.437s] Level 1:colcon.colcon_core.environment:checking '/home/alec/surgeryBotWs/install/surg_bot_description/lib/pkgconfig/surg_bot_description.pc'
[0.437s] Level 1:colcon.colcon_core.environment:checking '/home/alec/surgeryBotWs/install/surg_bot_description/lib/python3.12/site-packages'
[0.438s] Level 1:colcon.colcon_core.environment:checking '/home/alec/surgeryBotWs/install/surg_bot_description/bin'
[0.438s] INFO:colcon.colcon_core.shell:Creating package script '/home/alec/surgeryBotWs/install/surg_bot_description/share/surg_bot_description/package.ps1'
[0.439s] INFO:colcon.colcon_core.shell:Creating package descriptor '/home/alec/surgeryBotWs/install/surg_bot_description/share/surg_bot_description/package.dsv'
[0.440s] INFO:colcon.colcon_core.shell:Creating package script '/home/alec/surgeryBotWs/install/surg_bot_description/share/surg_bot_description/package.sh'
[0.440s] INFO:colcon.colcon_core.shell:Creating package script '/home/alec/surgeryBotWs/install/surg_bot_description/share/surg_bot_description/package.bash'
[0.441s] INFO:colcon.colcon_core.shell:Creating package script '/home/alec/surgeryBotWs/install/surg_bot_description/share/surg_bot_description/package.zsh'
[0.441s] Level 1:colcon.colcon_core.environment:create_file_with_runtime_dependencies(/home/alec/surgeryBotWs/install/surg_bot_description/share/colcon-core/packages/surg_bot_description)
[0.475s] Level 1:colcon.colcon_core.environment:create_environment_scripts_only(surg_bot)
[0.475s] Level 1:colcon.colcon_core.environment:checking '/home/alec/surgeryBotWs/install/surg_bot' for CMake module files
[0.477s] Level 1:colcon.colcon_core.environment:checking '/home/alec/surgeryBotWs/install/surg_bot' for CMake config files
[0.477s] Level 1:colcon.colcon_core.shell:create_environment_hook('surg_bot', 'cmake_prefix_path')
[0.477s] INFO:colcon.colcon_core.shell:Creating environment hook '/home/alec/surgeryBotWs/install/surg_bot/share/surg_bot/hook/cmake_prefix_path.ps1'
[0.478s] INFO:colcon.colcon_core.shell:Creating environment descriptor '/home/alec/surgeryBotWs/install/surg_bot/share/surg_bot/hook/cmake_prefix_path.dsv'
[0.479s] INFO:colcon.colcon_core.shell:Creating environment hook '/home/alec/surgeryBotWs/install/surg_bot/share/surg_bot/hook/cmake_prefix_path.sh'
[0.481s] Level 1:colcon.colcon_core.environment:checking '/home/alec/surgeryBotWs/install/surg_bot/bin'
[0.481s] Level 1:colcon.colcon_core.environment:checking '/home/alec/surgeryBotWs/install/surg_bot/lib/pkgconfig/surg_bot.pc'
[0.481s] Level 1:colcon.colcon_core.environment:checking '/home/alec/surgeryBotWs/install/surg_bot/lib/python3.12/site-packages'
[0.482s] Level 1:colcon.colcon_core.environment:checking '/home/alec/surgeryBotWs/install/surg_bot/bin'
[0.482s] INFO:colcon.colcon_core.shell:Creating package script '/home/alec/surgeryBotWs/install/surg_bot/share/surg_bot/package.ps1'
[0.484s] INFO:colcon.colcon_core.shell:Creating package descriptor '/home/alec/surgeryBotWs/install/surg_bot/share/surg_bot/package.dsv'
[0.485s] INFO:colcon.colcon_core.shell:Creating package script '/home/alec/surgeryBotWs/install/surg_bot/share/surg_bot/package.sh'
[0.486s] INFO:colcon.colcon_core.shell:Creating package script '/home/alec/surgeryBotWs/install/surg_bot/share/surg_bot/package.bash'
[0.486s] INFO:colcon.colcon_core.shell:Creating package script '/home/alec/surgeryBotWs/install/surg_bot/share/surg_bot/package.zsh'
[0.487s] Level 1:colcon.colcon_core.environment:create_file_with_runtime_dependencies(/home/alec/surgeryBotWs/install/surg_bot/share/colcon-core/packages/surg_bot)
[0.489s] Level 1:colcon.colcon_core.environment:create_environment_scripts_only(surg_bot_description)
[0.489s] Level 1:colcon.colcon_core.environment:checking '/home/alec/surgeryBotWs/install/surg_bot_description' for CMake module files
[0.490s] Level 1:colcon.colcon_core.environment:checking '/home/alec/surgeryBotWs/install/surg_bot_description' for CMake config files
[0.490s] Level 1:colcon.colcon_core.shell:create_environment_hook('surg_bot_description', 'cmake_prefix_path')
[0.491s] INFO:colcon.colcon_core.shell:Creating environment hook '/home/alec/surgeryBotWs/install/surg_bot_description/share/surg_bot_description/hook/cmake_prefix_path.ps1'
[0.491s] INFO:colcon.colcon_core.shell:Creating environment descriptor '/home/alec/surgeryBotWs/install/surg_bot_description/share/surg_bot_description/hook/cmake_prefix_path.dsv'
[0.492s] INFO:colcon.colcon_core.shell:Creating environment hook '/home/alec/surgeryBotWs/install/surg_bot_description/share/surg_bot_description/hook/cmake_prefix_path.sh'
[0.493s] Level 1:colcon.colcon_core.environment:checking '/home/alec/surgeryBotWs/install/surg_bot_description/bin'
[0.493s] Level 1:colcon.colcon_core.environment:checking '/home/alec/surgeryBotWs/install/surg_bot_description/lib/pkgconfig/surg_bot_description.pc'
[0.493s] Level 1:colcon.colcon_core.environment:checking '/home/alec/surgeryBotWs/install/surg_bot_description/lib/python3.12/site-packages'
[0.494s] Level 1:colcon.colcon_core.environment:checking '/home/alec/surgeryBotWs/install/surg_bot_description/bin'
[0.494s] INFO:colcon.colcon_core.shell:Creating package script '/home/alec/surgeryBotWs/install/surg_bot_description/share/surg_bot_description/package.ps1'
[0.495s] INFO:colcon.colcon_core.shell:Creating package descriptor '/home/alec/surgeryBotWs/install/surg_bot_description/share/surg_bot_description/package.dsv'
[0.496s] INFO:colcon.colcon_core.shell:Creating package script '/home/alec/surgeryBotWs/install/surg_bot_description/share/surg_bot_description/package.sh'
[0.496s] INFO:colcon.colcon_core.shell:Creating package script '/home/alec/surgeryBotWs/install/surg_bot_description/share/surg_bot_description/package.bash'
[0.497s] INFO:colcon.colcon_core.shell:Creating package script '/home/alec/surgeryBotWs/install/surg_bot_description/share/surg_bot_description/package.zsh'
[0.497s] Level 1:colcon.colcon_core.environment:create_file_with_runtime_dependencies(/home/alec/surgeryBotWs/install/surg_bot_description/share/colcon-core/packages/surg_bot_description)
[0.498s] DEBUG:colcon.colcon_parallel_executor.executor.parallel:closing loop
[0.498s] DEBUG:colcon.colcon_parallel_executor.executor.parallel:loop closed
[0.498s] DEBUG:colcon.colcon_parallel_executor.executor.parallel:run_until_complete finished with '0'
[0.499s] DEBUG:colcon.colcon_core.event_reactor:joining thread
[0.509s] INFO:colcon.colcon_core.plugin_system:Skipping extension 'colcon_notification.desktop_notification.terminal_notifier': Not used on non-Darwin systems
[0.509s] INFO:colcon.colcon_core.plugin_system:Skipping extension 'colcon_notification.desktop_notification.win32': Not used on non-Windows systems
[0.510s] INFO:colcon.colcon_notification.desktop_notification:Sending desktop notification using 'notify2'
[0.536s] DEBUG:colcon.colcon_core.event_reactor:joined thread
[0.536s] INFO:colcon.colcon_core.shell:Creating prefix script '/home/alec/surgeryBotWs/install/local_setup.ps1'
[0.538s] INFO:colcon.colcon_core.shell:Creating prefix util module '/home/alec/surgeryBotWs/install/_local_setup_util_ps1.py'
[0.539s] INFO:colcon.colcon_core.shell:Creating prefix chain script '/home/alec/surgeryBotWs/install/setup.ps1'
[0.541s] INFO:colcon.colcon_core.shell:Creating prefix script '/home/alec/surgeryBotWs/install/local_setup.sh'
[0.542s] INFO:colcon.colcon_core.shell:Creating prefix util module '/home/alec/surgeryBotWs/install/_local_setup_util_sh.py'
[0.543s] INFO:colcon.colcon_core.shell:Creating prefix chain script '/home/alec/surgeryBotWs/install/setup.sh'
[0.544s] INFO:colcon.colcon_core.shell:Creating prefix script '/home/alec/surgeryBotWs/install/local_setup.bash'
[0.545s] INFO:colcon.colcon_core.shell:Creating prefix chain script '/home/alec/surgeryBotWs/install/setup.bash'
[0.547s] INFO:colcon.colcon_core.shell:Creating prefix script '/home/alec/surgeryBotWs/install/local_setup.zsh'
[0.548s] INFO:colcon.colcon_core.shell:Creating prefix chain script '/home/alec/surgeryBotWs/install/setup.zsh'
