[0.014s] Invoking command in '/home/ubuntu/surgeryBotWs/src/surg_bot/build/surg_bot_description': CMAKE_PREFIX_PATH=${CMAKE_PREFIX_PATH}:/opt/ros/jazzy DEBUGINFOD_URLS=https://debuginfod.ubuntu.com /usr/bin/cmake /home/ubuntu/surgeryBotWs/src/surg_bot/surg_bot_description -DCMAKE_INSTALL_PREFIX=/home/ubuntu/surgeryBotWs/src/surg_bot/install/surg_bot_description
[0.069s] -- The C compiler identification is GNU 13.2.0
[0.142s] -- The CXX compiler identification is GNU 13.2.0
[0.159s] -- Detecting C compiler ABI info
[0.279s] -- Detecting C compiler ABI info - done
[0.289s] -- Check for working C compiler: /usr/bin/cc - skipped
[0.289s] -- Detecting C compile features
[0.289s] -- Detecting C compile features - done
[0.299s] -- Detecting CXX compiler ABI info
[0.413s] -- Detecting CXX compiler ABI info - done
[0.423s] -- Check for working CXX compiler: /usr/bin/c++ - skipped
[0.426s] -- Detecting CXX compile features
[0.426s] -- Detecting CXX compile features - done
[0.428s] -- Found ament_cmake: 2.5.2 (/opt/ros/jazzy/share/ament_cmake/cmake)
[0.577s] -- Found Python3: /usr/bin/python3 (found version "3.12.3") found components: Interpreter 
[0.683s] -- Found ament_lint_auto: 0.17.1 (/opt/ros/jazzy/share/ament_lint_auto/cmake)
[0.803s] -- Added test 'lint_cmake' to check CMake code style
[0.803s] -- Added test 'xmllint' to check XML markup files
[0.809s] -- Configuring done (0.8s)
[0.815s] -- Generating done (0.0s)
[0.815s] -- Build files have been written to: /home/ubuntu/surgeryBotWs/src/surg_bot/build/surg_bot_description
[0.826s] Invoked command in '/home/ubuntu/surgeryBotWs/src/surg_bot/build/surg_bot_description' returned '0': CMAKE_PREFIX_PATH=${CMAKE_PREFIX_PATH}:/opt/ros/jazzy DEBUGINFOD_URLS=https://debuginfod.ubuntu.com /usr/bin/cmake /home/ubuntu/surgeryBotWs/src/surg_bot/surg_bot_description -DCMAKE_INSTALL_PREFIX=/home/ubuntu/surgeryBotWs/src/surg_bot/install/surg_bot_description
[0.826s] Invoking command in '/home/ubuntu/surgeryBotWs/src/surg_bot/build/surg_bot_description': CMAKE_PREFIX_PATH=${CMAKE_PREFIX_PATH}:/opt/ros/jazzy DEBUGINFOD_URLS=https://debuginfod.ubuntu.com /usr/bin/cmake --build /home/ubuntu/surgeryBotWs/src/surg_bot/build/surg_bot_description -- -j12 -l12
[0.872s] Invoked command in '/home/ubuntu/surgeryBotWs/src/surg_bot/build/surg_bot_description' returned '0': CMAKE_PREFIX_PATH=${CMAKE_PREFIX_PATH}:/opt/ros/jazzy DEBUGINFOD_URLS=https://debuginfod.ubuntu.com /usr/bin/cmake --build /home/ubuntu/surgeryBotWs/src/surg_bot/build/surg_bot_description -- -j12 -l12
[0.908s] Invoking command in '/home/ubuntu/surgeryBotWs/src/surg_bot/build/surg_bot_description': CMAKE_PREFIX_PATH=${CMAKE_PREFIX_PATH}:/opt/ros/jazzy DEBUGINFOD_URLS=https://debuginfod.ubuntu.com /usr/bin/cmake --install /home/ubuntu/surgeryBotWs/src/surg_bot/build/surg_bot_description
[0.916s] -- Install configuration: ""
[0.916s] -- Installing: /home/ubuntu/surgeryBotWs/src/surg_bot/install/surg_bot_description/share/ament_index/resource_index/package_run_dependencies/surg_bot_description
[0.916s] -- Installing: /home/ubuntu/surgeryBotWs/src/surg_bot/install/surg_bot_description/share/ament_index/resource_index/parent_prefix_path/surg_bot_description
[0.916s] -- Installing: /home/ubuntu/surgeryBotWs/src/surg_bot/install/surg_bot_description/share/surg_bot_description/environment/ament_prefix_path.sh
[0.917s] -- Installing: /home/ubuntu/surgeryBotWs/src/surg_bot/install/surg_bot_description/share/surg_bot_description/environment/ament_prefix_path.dsv
[0.917s] -- Installing: /home/ubuntu/surgeryBotWs/src/surg_bot/install/surg_bot_description/share/surg_bot_description/environment/path.sh
[0.917s] -- Installing: /home/ubuntu/surgeryBotWs/src/surg_bot/install/surg_bot_description/share/surg_bot_description/environment/path.dsv
[0.917s] -- Installing: /home/ubuntu/surgeryBotWs/src/surg_bot/install/surg_bot_description/share/surg_bot_description/local_setup.bash
[0.917s] -- Installing: /home/ubuntu/surgeryBotWs/src/surg_bot/install/surg_bot_description/share/surg_bot_description/local_setup.sh
[0.917s] -- Installing: /home/ubuntu/surgeryBotWs/src/surg_bot/install/surg_bot_description/share/surg_bot_description/local_setup.zsh
[0.917s] -- Installing: /home/ubuntu/surgeryBotWs/src/surg_bot/install/surg_bot_description/share/surg_bot_description/local_setup.dsv
[0.917s] -- Installing: /home/ubuntu/surgeryBotWs/src/surg_bot/install/surg_bot_description/share/surg_bot_description/package.dsv
[0.917s] -- Installing: /home/ubuntu/surgeryBotWs/src/surg_bot/install/surg_bot_description/share/ament_index/resource_index/packages/surg_bot_description
[0.918s] -- Installing: /home/ubuntu/surgeryBotWs/src/surg_bot/install/surg_bot_description/share/surg_bot_description/cmake/surg_bot_descriptionConfig.cmake
[0.918s] -- Installing: /home/ubuntu/surgeryBotWs/src/surg_bot/install/surg_bot_description/share/surg_bot_description/cmake/surg_bot_descriptionConfig-version.cmake
[0.918s] -- Installing: /home/ubuntu/surgeryBotWs/src/surg_bot/install/surg_bot_description/share/surg_bot_description/package.xml
[0.924s] Invoked command in '/home/ubuntu/surgeryBotWs/src/surg_bot/build/surg_bot_description' returned '0': CMAKE_PREFIX_PATH=${CMAKE_PREFIX_PATH}:/opt/ros/jazzy DEBUGINFOD_URLS=https://debuginfod.ubuntu.com /usr/bin/cmake --install /home/ubuntu/surgeryBotWs/src/surg_bot/build/surg_bot_description
