[0.118s] DEBUG:colcon:Command line arguments: ['/usr/bin/colcon', 'build']
[0.118s] DEBUG:colcon:Parsed command line arguments: Namespace(log_base=None, log_level=None, verb_name='build', build_base='build', install_base='install', merge_install=False, symlink_install=False, test_result_base=None, continue_on_error=False, executor='parallel', parallel_workers=20, event_handlers=None, ignore_user_meta=False, metas=['./colcon.meta'], base_paths=['.'], packages_ignore=None, packages_ignore_regex=None, paths=None, packages_up_to=None, packages_up_to_regex=None, packages_above=None, packages_above_and_dependencies=None, packages_above_depth=None, packages_select_by_dep=None, packages_skip_by_dep=None, packages_skip_up_to=None, packages_select_build_failed=False, packages_skip_build_finished=False, packages_select_test_failures=False, packages_skip_test_passed=False, packages_select=None, packages_skip=None, packages_select_regex=None, packages_skip_regex=None, packages_start=None, packages_end=None, allow_overriding=[], cmake_args=None, cmake_target=None, cmake_target_skip_unavailable=False, cmake_clean_cache=False, cmake_clean_first=False, cmake_force_configure=False, ament_cmake_args=None, catkin_cmake_args=None, catkin_skip_building_tests=False, mixin_files=None, mixin=None, verb_parser=<colcon_mixin.mixin.mixin_argument.MixinArgumentDecorator object at 0x7b3114574f50>, verb_extension=<colcon_core.verb.build.BuildVerb object at 0x7b31146f56a0>, main=<bound method BuildVerb.main of <colcon_core.verb.build.BuildVerb object at 0x7b31146f56a0>>, mixin_verb=('build',))
[0.162s] Level 1:colcon.colcon_core.package_discovery:discover_packages(colcon_meta) check parameters
[0.162s] Level 1:colcon.colcon_core.package_discovery:discover_packages(recursive) check parameters
[0.162s] Level 1:colcon.colcon_core.package_discovery:discover_packages(ignore) check parameters
[0.162s] Level 1:colcon.colcon_core.package_discovery:discover_packages(path) check parameters
[0.162s] Level 1:colcon.colcon_core.package_discovery:discover_packages(colcon_meta) discover
[0.162s] Level 1:colcon.colcon_core.package_discovery:discover_packages(recursive) discover
[0.162s] INFO:colcon.colcon_core.package_discovery:Crawling recursively for packages in '/home/alec/surgeryBotWs'
[0.162s] Level 1:colcon.colcon_core.package_identification:_identify(.) by extensions ['ignore', 'ignore_ament_install']
[0.162s] Level 1:colcon.colcon_core.package_identification:_identify(.) by extension 'ignore'
[0.162s] Level 1:colcon.colcon_core.package_identification:_identify(.) by extension 'ignore_ament_install'
[0.163s] Level 1:colcon.colcon_core.package_identification:_identify(.) by extensions ['colcon_pkg']
[0.163s] Level 1:colcon.colcon_core.package_identification:_identify(.) by extension 'colcon_pkg'
[0.163s] Level 1:colcon.colcon_core.package_identification:_identify(.) by extensions ['colcon_meta']
[0.163s] Level 1:colcon.colcon_core.package_identification:_identify(.) by extension 'colcon_meta'
[0.163s] Level 1:colcon.colcon_core.package_identification:_identify(.) by extensions ['ros']
[0.163s] Level 1:colcon.colcon_core.package_identification:_identify(.) by extension 'ros'
[0.195s] Level 1:colcon.colcon_core.package_identification:_identify(.) by extensions ['cmake', 'python']
[0.195s] Level 1:colcon.colcon_core.package_identification:_identify(.) by extension 'cmake'
[0.195s] Level 1:colcon.colcon_core.package_identification:_identify(.) by extension 'python'
[0.195s] Level 1:colcon.colcon_core.package_identification:_identify(.) by extensions ['python_setup_py']
[0.195s] Level 1:colcon.colcon_core.package_identification:_identify(.) by extension 'python_setup_py'
[0.195s] Level 1:colcon.colcon_core.package_identification:_identify(build) by extensions ['ignore', 'ignore_ament_install']
[0.196s] Level 1:colcon.colcon_core.package_identification:_identify(build) by extension 'ignore'
[0.196s] Level 1:colcon.colcon_core.package_identification:_identify(build) ignored
[0.196s] Level 1:colcon.colcon_core.package_identification:_identify(install) by extensions ['ignore', 'ignore_ament_install']
[0.196s] Level 1:colcon.colcon_core.package_identification:_identify(install) by extension 'ignore'
[0.196s] Level 1:colcon.colcon_core.package_identification:_identify(install) ignored
[0.196s] Level 1:colcon.colcon_core.package_identification:_identify(log) by extensions ['ignore', 'ignore_ament_install']
[0.196s] Level 1:colcon.colcon_core.package_identification:_identify(log) by extension 'ignore'
[0.196s] Level 1:colcon.colcon_core.package_identification:_identify(log) ignored
[0.196s] Level 1:colcon.colcon_core.package_identification:_identify(src) by extensions ['ignore', 'ignore_ament_install']
[0.196s] Level 1:colcon.colcon_core.package_identification:_identify(src) by extension 'ignore'
[0.197s] Level 1:colcon.colcon_core.package_identification:_identify(src) by extension 'ignore_ament_install'
[0.197s] Level 1:colcon.colcon_core.package_identification:_identify(src) by extensions ['colcon_pkg']
[0.197s] Level 1:colcon.colcon_core.package_identification:_identify(src) by extension 'colcon_pkg'
[0.197s] Level 1:colcon.colcon_core.package_identification:_identify(src) by extensions ['colcon_meta']
[0.197s] Level 1:colcon.colcon_core.package_identification:_identify(src) by extension 'colcon_meta'
[0.197s] Level 1:colcon.colcon_core.package_identification:_identify(src) by extensions ['ros']
[0.197s] Level 1:colcon.colcon_core.package_identification:_identify(src) by extension 'ros'
[0.197s] Level 1:colcon.colcon_core.package_identification:_identify(src) by extensions ['cmake', 'python']
[0.197s] Level 1:colcon.colcon_core.package_identification:_identify(src) by extension 'cmake'
[0.197s] Level 1:colcon.colcon_core.package_identification:_identify(src) by extension 'python'
[0.197s] Level 1:colcon.colcon_core.package_identification:_identify(src) by extensions ['python_setup_py']
[0.197s] Level 1:colcon.colcon_core.package_identification:_identify(src) by extension 'python_setup_py'
[0.197s] Level 1:colcon.colcon_core.package_identification:_identify(src/build) by extensions ['ignore', 'ignore_ament_install']
[0.197s] Level 1:colcon.colcon_core.package_identification:_identify(src/build) by extension 'ignore'
[0.197s] Level 1:colcon.colcon_core.package_identification:_identify(src/build) ignored
[0.197s] Level 1:colcon.colcon_core.package_identification:_identify(src/hand_tracker) by extensions ['ignore', 'ignore_ament_install']
[0.197s] Level 1:colcon.colcon_core.package_identification:_identify(src/hand_tracker) by extension 'ignore'
[0.198s] Level 1:colcon.colcon_core.package_identification:_identify(src/hand_tracker) by extension 'ignore_ament_install'
[0.198s] Level 1:colcon.colcon_core.package_identification:_identify(src/hand_tracker) by extensions ['colcon_pkg']
[0.198s] Level 1:colcon.colcon_core.package_identification:_identify(src/hand_tracker) by extension 'colcon_pkg'
[0.198s] Level 1:colcon.colcon_core.package_identification:_identify(src/hand_tracker) by extensions ['colcon_meta']
[0.198s] Level 1:colcon.colcon_core.package_identification:_identify(src/hand_tracker) by extension 'colcon_meta'
[0.198s] Level 1:colcon.colcon_core.package_identification:_identify(src/hand_tracker) by extensions ['ros']
[0.198s] Level 1:colcon.colcon_core.package_identification:_identify(src/hand_tracker) by extension 'ros'
[0.201s] DEBUG:colcon.colcon_core.package_identification:Package 'src/hand_tracker' with type 'ros.ament_cmake' and name 'hand_tracker'
[0.201s] Level 1:colcon.colcon_core.package_identification:_identify(src/install) by extensions ['ignore', 'ignore_ament_install']
[0.201s] Level 1:colcon.colcon_core.package_identification:_identify(src/install) by extension 'ignore'
[0.201s] Level 1:colcon.colcon_core.package_identification:_identify(src/install) ignored
[0.201s] Level 1:colcon.colcon_core.package_identification:_identify(src/log) by extensions ['ignore', 'ignore_ament_install']
[0.201s] Level 1:colcon.colcon_core.package_identification:_identify(src/log) by extension 'ignore'
[0.202s] Level 1:colcon.colcon_core.package_identification:_identify(src/log) ignored
[0.202s] Level 1:colcon.colcon_core.package_identification:_identify(src/surg_bot) by extensions ['ignore', 'ignore_ament_install']
[0.202s] Level 1:colcon.colcon_core.package_identification:_identify(src/surg_bot) by extension 'ignore'
[0.202s] Level 1:colcon.colcon_core.package_identification:_identify(src/surg_bot) by extension 'ignore_ament_install'
[0.202s] Level 1:colcon.colcon_core.package_identification:_identify(src/surg_bot) by extensions ['colcon_pkg']
[0.202s] Level 1:colcon.colcon_core.package_identification:_identify(src/surg_bot) by extension 'colcon_pkg'
[0.202s] Level 1:colcon.colcon_core.package_identification:_identify(src/surg_bot) by extensions ['colcon_meta']
[0.202s] Level 1:colcon.colcon_core.package_identification:_identify(src/surg_bot) by extension 'colcon_meta'
[0.202s] Level 1:colcon.colcon_core.package_identification:_identify(src/surg_bot) by extensions ['ros']
[0.202s] Level 1:colcon.colcon_core.package_identification:_identify(src/surg_bot) by extension 'ros'
[0.202s] Level 1:colcon.colcon_core.package_identification:_identify(src/surg_bot) by extensions ['cmake', 'python']
[0.202s] Level 1:colcon.colcon_core.package_identification:_identify(src/surg_bot) by extension 'cmake'
[0.202s] Level 1:colcon.colcon_core.package_identification:_identify(src/surg_bot) by extension 'python'
[0.202s] Level 1:colcon.colcon_core.package_identification:_identify(src/surg_bot) by extensions ['python_setup_py']
[0.202s] Level 1:colcon.colcon_core.package_identification:_identify(src/surg_bot) by extension 'python_setup_py'
[0.202s] Level 1:colcon.colcon_core.package_identification:_identify(src/surg_bot/build) by extensions ['ignore', 'ignore_ament_install']
[0.202s] Level 1:colcon.colcon_core.package_identification:_identify(src/surg_bot/build) by extension 'ignore'
[0.202s] Level 1:colcon.colcon_core.package_identification:_identify(src/surg_bot/build) ignored
[0.202s] Level 1:colcon.colcon_core.package_identification:_identify(src/surg_bot/install) by extensions ['ignore', 'ignore_ament_install']
[0.203s] Level 1:colcon.colcon_core.package_identification:_identify(src/surg_bot/install) by extension 'ignore'
[0.203s] Level 1:colcon.colcon_core.package_identification:_identify(src/surg_bot/install) ignored
[0.203s] Level 1:colcon.colcon_core.package_identification:_identify(src/surg_bot/log) by extensions ['ignore', 'ignore_ament_install']
[0.203s] Level 1:colcon.colcon_core.package_identification:_identify(src/surg_bot/log) by extension 'ignore'
[0.203s] Level 1:colcon.colcon_core.package_identification:_identify(src/surg_bot/log) ignored
[0.203s] Level 1:colcon.colcon_core.package_identification:_identify(src/surg_bot/surg_bot) by extensions ['ignore', 'ignore_ament_install']
[0.203s] Level 1:colcon.colcon_core.package_identification:_identify(src/surg_bot/surg_bot) by extension 'ignore'
[0.203s] Level 1:colcon.colcon_core.package_identification:_identify(src/surg_bot/surg_bot) by extension 'ignore_ament_install'
[0.203s] Level 1:colcon.colcon_core.package_identification:_identify(src/surg_bot/surg_bot) by extensions ['colcon_pkg']
[0.203s] Level 1:colcon.colcon_core.package_identification:_identify(src/surg_bot/surg_bot) by extension 'colcon_pkg'
[0.203s] Level 1:colcon.colcon_core.package_identification:_identify(src/surg_bot/surg_bot) by extensions ['colcon_meta']
[0.203s] Level 1:colcon.colcon_core.package_identification:_identify(src/surg_bot/surg_bot) by extension 'colcon_meta'
[0.203s] Level 1:colcon.colcon_core.package_identification:_identify(src/surg_bot/surg_bot) by extensions ['ros']
[0.203s] Level 1:colcon.colcon_core.package_identification:_identify(src/surg_bot/surg_bot) by extension 'ros'
[0.204s] DEBUG:colcon.colcon_core.package_identification:Package 'src/surg_bot/surg_bot' with type 'ros.ament_cmake' and name 'surg_bot'
[0.204s] Level 1:colcon.colcon_core.package_identification:_identify(src/surg_bot/surg_bot_description) by extensions ['ignore', 'ignore_ament_install']
[0.204s] Level 1:colcon.colcon_core.package_identification:_identify(src/surg_bot/surg_bot_description) by extension 'ignore'
[0.204s] Level 1:colcon.colcon_core.package_identification:_identify(src/surg_bot/surg_bot_description) by extension 'ignore_ament_install'
[0.204s] Level 1:colcon.colcon_core.package_identification:_identify(src/surg_bot/surg_bot_description) by extensions ['colcon_pkg']
[0.204s] Level 1:colcon.colcon_core.package_identification:_identify(src/surg_bot/surg_bot_description) by extension 'colcon_pkg'
[0.204s] Level 1:colcon.colcon_core.package_identification:_identify(src/surg_bot/surg_bot_description) by extensions ['colcon_meta']
[0.204s] Level 1:colcon.colcon_core.package_identification:_identify(src/surg_bot/surg_bot_description) by extension 'colcon_meta'
[0.204s] Level 1:colcon.colcon_core.package_identification:_identify(src/surg_bot/surg_bot_description) by extensions ['ros']
[0.204s] Level 1:colcon.colcon_core.package_identification:_identify(src/surg_bot/surg_bot_description) by extension 'ros'
[0.205s] DEBUG:colcon.colcon_core.package_identification:Package 'src/surg_bot/surg_bot_description' with type 'ros.ament_cmake' and name 'surg_bot_description'
[0.205s] Level 1:colcon.colcon_core.package_identification:_identify(src/surg_bot/surg_bot_gazebo) by extensions ['ignore', 'ignore_ament_install']
[0.205s] Level 1:colcon.colcon_core.package_identification:_identify(src/surg_bot/surg_bot_gazebo) by extension 'ignore'
[0.205s] Level 1:colcon.colcon_core.package_identification:_identify(src/surg_bot/surg_bot_gazebo) by extension 'ignore_ament_install'
[0.205s] Level 1:colcon.colcon_core.package_identification:_identify(src/surg_bot/surg_bot_gazebo) by extensions ['colcon_pkg']
[0.205s] Level 1:colcon.colcon_core.package_identification:_identify(src/surg_bot/surg_bot_gazebo) by extension 'colcon_pkg'
[0.205s] Level 1:colcon.colcon_core.package_identification:_identify(src/surg_bot/surg_bot_gazebo) by extensions ['colcon_meta']
[0.205s] Level 1:colcon.colcon_core.package_identification:_identify(src/surg_bot/surg_bot_gazebo) by extension 'colcon_meta'
[0.205s] Level 1:colcon.colcon_core.package_identification:_identify(src/surg_bot/surg_bot_gazebo) by extensions ['ros']
[0.205s] Level 1:colcon.colcon_core.package_identification:_identify(src/surg_bot/surg_bot_gazebo) by extension 'ros'
[0.206s] DEBUG:colcon.colcon_core.package_identification:Package 'src/surg_bot/surg_bot_gazebo' with type 'ros.ament_cmake' and name 'surg_bot_gazebo'
[0.206s] Level 1:colcon.colcon_core.package_discovery:discover_packages(recursive) using defaults
[0.206s] Level 1:colcon.colcon_core.package_discovery:discover_packages(ignore) discover
[0.206s] Level 1:colcon.colcon_core.package_discovery:discover_packages(ignore) using defaults
[0.206s] Level 1:colcon.colcon_core.package_discovery:discover_packages(path) discover
[0.206s] Level 1:colcon.colcon_core.package_discovery:discover_packages(path) using defaults
[0.229s] Level 1:colcon.colcon_core.package_discovery:discover_packages(prefix_path) check parameters
[0.229s] Level 1:colcon.colcon_core.package_discovery:discover_packages(prefix_path) discover
[0.231s] DEBUG:colcon.colcon_installed_package_information.package_discovery:Found 2 installed packages in /home/alec/surgeryBotWs/install
[0.232s] DEBUG:colcon.colcon_installed_package_information.package_discovery:Found 255 installed packages in /opt/ros/jazzy
[0.233s] Level 1:colcon.colcon_core.package_discovery:discover_packages(prefix_path) using defaults
[0.269s] Level 5:colcon.colcon_core.verb:set package 'hand_tracker' build argument 'cmake_args' from command line to 'None'
[0.269s] Level 5:colcon.colcon_core.verb:set package 'hand_tracker' build argument 'cmake_target' from command line to 'None'
[0.269s] Level 5:colcon.colcon_core.verb:set package 'hand_tracker' build argument 'cmake_target_skip_unavailable' from command line to 'False'
[0.269s] Level 5:colcon.colcon_core.verb:set package 'hand_tracker' build argument 'cmake_clean_cache' from command line to 'False'
[0.269s] Level 5:colcon.colcon_core.verb:set package 'hand_tracker' build argument 'cmake_clean_first' from command line to 'False'
[0.269s] Level 5:colcon.colcon_core.verb:set package 'hand_tracker' build argument 'cmake_force_configure' from command line to 'False'
[0.269s] Level 5:colcon.colcon_core.verb:set package 'hand_tracker' build argument 'ament_cmake_args' from command line to 'None'
[0.269s] Level 5:colcon.colcon_core.verb:set package 'hand_tracker' build argument 'catkin_cmake_args' from command line to 'None'
[0.269s] Level 5:colcon.colcon_core.verb:set package 'hand_tracker' build argument 'catkin_skip_building_tests' from command line to 'False'
[0.269s] DEBUG:colcon.colcon_core.verb:Building package 'hand_tracker' with the following arguments: {'ament_cmake_args': None, 'build_base': '/home/alec/surgeryBotWs/build/hand_tracker', 'catkin_cmake_args': None, 'catkin_skip_building_tests': False, 'cmake_args': None, 'cmake_clean_cache': False, 'cmake_clean_first': False, 'cmake_force_configure': False, 'cmake_target': None, 'cmake_target_skip_unavailable': False, 'install_base': '/home/alec/surgeryBotWs/install/hand_tracker', 'merge_install': False, 'path': '/home/alec/surgeryBotWs/src/hand_tracker', 'symlink_install': False, 'test_result_base': None}
[0.269s] Level 5:colcon.colcon_core.verb:set package 'surg_bot' build argument 'cmake_args' from command line to 'None'
[0.269s] Level 5:colcon.colcon_core.verb:set package 'surg_bot' build argument 'cmake_target' from command line to 'None'
[0.269s] Level 5:colcon.colcon_core.verb:set package 'surg_bot' build argument 'cmake_target_skip_unavailable' from command line to 'False'
[0.269s] Level 5:colcon.colcon_core.verb:set package 'surg_bot' build argument 'cmake_clean_cache' from command line to 'False'
[0.269s] Level 5:colcon.colcon_core.verb:set package 'surg_bot' build argument 'cmake_clean_first' from command line to 'False'
[0.269s] Level 5:colcon.colcon_core.verb:set package 'surg_bot' build argument 'cmake_force_configure' from command line to 'False'
[0.269s] Level 5:colcon.colcon_core.verb:set package 'surg_bot' build argument 'ament_cmake_args' from command line to 'None'
[0.269s] Level 5:colcon.colcon_core.verb:set package 'surg_bot' build argument 'catkin_cmake_args' from command line to 'None'
[0.269s] Level 5:colcon.colcon_core.verb:set package 'surg_bot' build argument 'catkin_skip_building_tests' from command line to 'False'
[0.269s] DEBUG:colcon.colcon_core.verb:Building package 'surg_bot' with the following arguments: {'ament_cmake_args': None, 'build_base': '/home/alec/surgeryBotWs/build/surg_bot', 'catkin_cmake_args': None, 'catkin_skip_building_tests': False, 'cmake_args': None, 'cmake_clean_cache': False, 'cmake_clean_first': False, 'cmake_force_configure': False, 'cmake_target': None, 'cmake_target_skip_unavailable': False, 'install_base': '/home/alec/surgeryBotWs/install/surg_bot', 'merge_install': False, 'path': '/home/alec/surgeryBotWs/src/surg_bot/surg_bot', 'symlink_install': False, 'test_result_base': None}
[0.270s] Level 5:colcon.colcon_core.verb:set package 'surg_bot_description' build argument 'cmake_args' from command line to 'None'
[0.270s] Level 5:colcon.colcon_core.verb:set package 'surg_bot_description' build argument 'cmake_target' from command line to 'None'
[0.270s] Level 5:colcon.colcon_core.verb:set package 'surg_bot_description' build argument 'cmake_target_skip_unavailable' from command line to 'False'
[0.270s] Level 5:colcon.colcon_core.verb:set package 'surg_bot_description' build argument 'cmake_clean_cache' from command line to 'False'
[0.270s] Level 5:colcon.colcon_core.verb:set package 'surg_bot_description' build argument 'cmake_clean_first' from command line to 'False'
[0.270s] Level 5:colcon.colcon_core.verb:set package 'surg_bot_description' build argument 'cmake_force_configure' from command line to 'False'
[0.270s] Level 5:colcon.colcon_core.verb:set package 'surg_bot_description' build argument 'ament_cmake_args' from command line to 'None'
[0.270s] Level 5:colcon.colcon_core.verb:set package 'surg_bot_description' build argument 'catkin_cmake_args' from command line to 'None'
[0.270s] Level 5:colcon.colcon_core.verb:set package 'surg_bot_description' build argument 'catkin_skip_building_tests' from command line to 'False'
[0.270s] DEBUG:colcon.colcon_core.verb:Building package 'surg_bot_description' with the following arguments: {'ament_cmake_args': None, 'build_base': '/home/alec/surgeryBotWs/build/surg_bot_description', 'catkin_cmake_args': None, 'catkin_skip_building_tests': False, 'cmake_args': None, 'cmake_clean_cache': False, 'cmake_clean_first': False, 'cmake_force_configure': False, 'cmake_target': None, 'cmake_target_skip_unavailable': False, 'install_base': '/home/alec/surgeryBotWs/install/surg_bot_description', 'merge_install': False, 'path': '/home/alec/surgeryBotWs/src/surg_bot/surg_bot_description', 'symlink_install': False, 'test_result_base': None}
[0.270s] Level 5:colcon.colcon_core.verb:set package 'surg_bot_gazebo' build argument 'cmake_args' from command line to 'None'
[0.270s] Level 5:colcon.colcon_core.verb:set package 'surg_bot_gazebo' build argument 'cmake_target' from command line to 'None'
[0.270s] Level 5:colcon.colcon_core.verb:set package 'surg_bot_gazebo' build argument 'cmake_target_skip_unavailable' from command line to 'False'
[0.270s] Level 5:colcon.colcon_core.verb:set package 'surg_bot_gazebo' build argument 'cmake_clean_cache' from command line to 'False'
[0.270s] Level 5:colcon.colcon_core.verb:set package 'surg_bot_gazebo' build argument 'cmake_clean_first' from command line to 'False'
[0.270s] Level 5:colcon.colcon_core.verb:set package 'surg_bot_gazebo' build argument 'cmake_force_configure' from command line to 'False'
[0.270s] Level 5:colcon.colcon_core.verb:set package 'surg_bot_gazebo' build argument 'ament_cmake_args' from command line to 'None'
[0.270s] Level 5:colcon.colcon_core.verb:set package 'surg_bot_gazebo' build argument 'catkin_cmake_args' from command line to 'None'
[0.270s] Level 5:colcon.colcon_core.verb:set package 'surg_bot_gazebo' build argument 'catkin_skip_building_tests' from command line to 'False'
[0.270s] DEBUG:colcon.colcon_core.verb:Building package 'surg_bot_gazebo' with the following arguments: {'ament_cmake_args': None, 'build_base': '/home/alec/surgeryBotWs/build/surg_bot_gazebo', 'catkin_cmake_args': None, 'catkin_skip_building_tests': False, 'cmake_args': None, 'cmake_clean_cache': False, 'cmake_clean_first': False, 'cmake_force_configure': False, 'cmake_target': None, 'cmake_target_skip_unavailable': False, 'install_base': '/home/alec/surgeryBotWs/install/surg_bot_gazebo', 'merge_install': False, 'path': '/home/alec/surgeryBotWs/src/surg_bot/surg_bot_gazebo', 'symlink_install': False, 'test_result_base': None}
[0.270s] INFO:colcon.colcon_core.executor:Executing jobs using 'parallel' executor
[0.272s] DEBUG:colcon.colcon_parallel_executor.executor.parallel:run_until_complete
[0.272s] INFO:colcon.colcon_ros.task.ament_cmake.build:Building ROS package in '/home/alec/surgeryBotWs/src/hand_tracker' with build type 'ament_cmake'
[0.273s] INFO:colcon.colcon_cmake.task.cmake.build:Building CMake package in '/home/alec/surgeryBotWs/src/hand_tracker'
[0.275s] INFO:colcon.colcon_core.plugin_system:Skipping extension 'colcon_core.shell.bat': Not used on non-Windows systems
[0.275s] INFO:colcon.colcon_core.shell:Skip shell extension 'powershell' for command environment: Not usable outside of PowerShell
[0.275s] DEBUG:colcon.colcon_core.shell:Skip shell extension 'dsv' for command environment
[0.279s] INFO:colcon.colcon_ros.task.ament_cmake.build:Building ROS package in '/home/alec/surgeryBotWs/src/surg_bot/surg_bot' with build type 'ament_cmake'
[0.279s] INFO:colcon.colcon_cmake.task.cmake.build:Building CMake package in '/home/alec/surgeryBotWs/src/surg_bot/surg_bot'
[0.279s] INFO:colcon.colcon_core.shell:Skip shell extension 'powershell' for command environment: Not usable outside of PowerShell
[0.279s] DEBUG:colcon.colcon_core.shell:Skip shell extension 'dsv' for command environment
[0.283s] INFO:colcon.colcon_ros.task.ament_cmake.build:Building ROS package in '/home/alec/surgeryBotWs/src/surg_bot/surg_bot_description' with build type 'ament_cmake'
[0.283s] INFO:colcon.colcon_cmake.task.cmake.build:Building CMake package in '/home/alec/surgeryBotWs/src/surg_bot/surg_bot_description'
[0.283s] INFO:colcon.colcon_core.shell:Skip shell extension 'powershell' for command environment: Not usable outside of PowerShell
[0.283s] DEBUG:colcon.colcon_core.shell:Skip shell extension 'dsv' for command environment
[0.286s] INFO:colcon.colcon_ros.task.ament_cmake.build:Building ROS package in '/home/alec/surgeryBotWs/src/surg_bot/surg_bot_gazebo' with build type 'ament_cmake'
[0.286s] INFO:colcon.colcon_cmake.task.cmake.build:Building CMake package in '/home/alec/surgeryBotWs/src/surg_bot/surg_bot_gazebo'
[0.286s] INFO:colcon.colcon_core.shell:Skip shell extension 'powershell' for command environment: Not usable outside of PowerShell
[0.286s] DEBUG:colcon.colcon_core.shell:Skip shell extension 'dsv' for command environment
[0.294s] DEBUG:colcon.colcon_core.event_handler.log_command:Invoking command in '/home/alec/surgeryBotWs/build/hand_tracker': CMAKE_PREFIX_PATH=${CMAKE_PREFIX_PATH}:/opt/ros/jazzy DEBUGINFOD_URLS=https://debuginfod.ubuntu.com /usr/bin/cmake /home/alec/surgeryBotWs/src/hand_tracker -DCMAKE_INSTALL_PREFIX=/home/alec/surgeryBotWs/install/hand_tracker
[0.297s] DEBUG:colcon.colcon_core.event_handler.log_command:Invoking command in '/home/alec/surgeryBotWs/build/surg_bot': CMAKE_PREFIX_PATH=${CMAKE_PREFIX_PATH}:/opt/ros/jazzy DEBUGINFOD_URLS=https://debuginfod.ubuntu.com /usr/bin/cmake --build /home/alec/surgeryBotWs/build/surg_bot -- -j20 -l20
[0.299s] DEBUG:colcon.colcon_core.event_handler.log_command:Invoking command in '/home/alec/surgeryBotWs/build/surg_bot_description': CMAKE_PREFIX_PATH=${CMAKE_PREFIX_PATH}:/opt/ros/jazzy DEBUGINFOD_URLS=https://debuginfod.ubuntu.com /usr/bin/cmake --build /home/alec/surgeryBotWs/build/surg_bot_description -- -j20 -l20
[0.306s] DEBUG:colcon.colcon_core.event_handler.log_command:Invoking command in '/home/alec/surgeryBotWs/build/surg_bot_gazebo': CMAKE_PREFIX_PATH=${CMAKE_PREFIX_PATH}:/opt/ros/jazzy DEBUGINFOD_URLS=https://debuginfod.ubuntu.com /usr/bin/cmake --build /home/alec/surgeryBotWs/build/surg_bot_gazebo -- -j20 -l20
[0.354s] DEBUG:colcon.colcon_core.event_handler.log_command:Invoked command in '/home/alec/surgeryBotWs/build/surg_bot_gazebo' returned '0': CMAKE_PREFIX_PATH=${CMAKE_PREFIX_PATH}:/opt/ros/jazzy DEBUGINFOD_URLS=https://debuginfod.ubuntu.com /usr/bin/cmake --build /home/alec/surgeryBotWs/build/surg_bot_gazebo -- -j20 -l20
[0.358s] DEBUG:colcon.colcon_core.event_handler.log_command:Invoked command in '/home/alec/surgeryBotWs/build/surg_bot_description' returned '0': CMAKE_PREFIX_PATH=${CMAKE_PREFIX_PATH}:/opt/ros/jazzy DEBUGINFOD_URLS=https://debuginfod.ubuntu.com /usr/bin/cmake --build /home/alec/surgeryBotWs/build/surg_bot_description -- -j20 -l20
[0.410s] DEBUG:colcon.colcon_core.event_handler.log_command:Invoking command in '/home/alec/surgeryBotWs/build/surg_bot_gazebo': CMAKE_PREFIX_PATH=${CMAKE_PREFIX_PATH}:/opt/ros/jazzy DEBUGINFOD_URLS=https://debuginfod.ubuntu.com /usr/bin/cmake --install /home/alec/surgeryBotWs/build/surg_bot_gazebo
[0.413s] DEBUG:colcon.colcon_core.event_handler.log_command:Invoking command in '/home/alec/surgeryBotWs/build/surg_bot_description': CMAKE_PREFIX_PATH=${CMAKE_PREFIX_PATH}:/opt/ros/jazzy DEBUGINFOD_URLS=https://debuginfod.ubuntu.com /usr/bin/cmake --install /home/alec/surgeryBotWs/build/surg_bot_description
[0.428s] Level 1:colcon.colcon_core.environment:create_environment_scripts_only(surg_bot_gazebo)
[0.428s] DEBUG:colcon.colcon_core.event_handler.log_command:Invoked command in '/home/alec/surgeryBotWs/build/surg_bot_gazebo' returned '0': CMAKE_PREFIX_PATH=${CMAKE_PREFIX_PATH}:/opt/ros/jazzy DEBUGINFOD_URLS=https://debuginfod.ubuntu.com /usr/bin/cmake --install /home/alec/surgeryBotWs/build/surg_bot_gazebo
[0.431s] Level 1:colcon.colcon_core.environment:checking '/home/alec/surgeryBotWs/install/surg_bot_gazebo' for CMake module files
[0.431s] Level 1:colcon.colcon_core.environment:checking '/home/alec/surgeryBotWs/install/surg_bot_gazebo' for CMake config files
[0.431s] Level 1:colcon.colcon_core.shell:create_environment_hook('surg_bot_gazebo', 'cmake_prefix_path')
[0.432s] INFO:colcon.colcon_core.shell:Creating environment hook '/home/alec/surgeryBotWs/install/surg_bot_gazebo/share/surg_bot_gazebo/hook/cmake_prefix_path.ps1'
[0.432s] INFO:colcon.colcon_core.shell:Creating environment descriptor '/home/alec/surgeryBotWs/install/surg_bot_gazebo/share/surg_bot_gazebo/hook/cmake_prefix_path.dsv'
[0.433s] INFO:colcon.colcon_core.shell:Creating environment hook '/home/alec/surgeryBotWs/install/surg_bot_gazebo/share/surg_bot_gazebo/hook/cmake_prefix_path.sh'
[0.433s] Level 1:colcon.colcon_core.environment:checking '/home/alec/surgeryBotWs/install/surg_bot_gazebo/bin'
[0.434s] Level 1:colcon.colcon_core.environment:checking '/home/alec/surgeryBotWs/install/surg_bot_gazebo/lib/pkgconfig/surg_bot_gazebo.pc'
[0.434s] Level 1:colcon.colcon_core.environment:checking '/home/alec/surgeryBotWs/install/surg_bot_gazebo/lib/python3.12/site-packages'
[0.434s] Level 1:colcon.colcon_core.environment:checking '/home/alec/surgeryBotWs/install/surg_bot_gazebo/bin'
[0.434s] INFO:colcon.colcon_core.shell:Creating package script '/home/alec/surgeryBotWs/install/surg_bot_gazebo/share/surg_bot_gazebo/package.ps1'
[0.435s] INFO:colcon.colcon_core.shell:Creating package descriptor '/home/alec/surgeryBotWs/install/surg_bot_gazebo/share/surg_bot_gazebo/package.dsv'
[0.436s] INFO:colcon.colcon_core.shell:Creating package script '/home/alec/surgeryBotWs/install/surg_bot_gazebo/share/surg_bot_gazebo/package.sh'
[0.436s] INFO:colcon.colcon_core.shell:Creating package script '/home/alec/surgeryBotWs/install/surg_bot_gazebo/share/surg_bot_gazebo/package.bash'
[0.437s] INFO:colcon.colcon_core.shell:Creating package script '/home/alec/surgeryBotWs/install/surg_bot_gazebo/share/surg_bot_gazebo/package.zsh'
[0.437s] Level 1:colcon.colcon_core.environment:create_file_with_runtime_dependencies(/home/alec/surgeryBotWs/install/surg_bot_gazebo/share/colcon-core/packages/surg_bot_gazebo)
[0.439s] Level 1:colcon.colcon_core.environment:create_environment_scripts_only(surg_bot_description)
[0.440s] DEBUG:colcon.colcon_core.event_handler.log_command:Invoked command in '/home/alec/surgeryBotWs/build/surg_bot_description' returned '0': CMAKE_PREFIX_PATH=${CMAKE_PREFIX_PATH}:/opt/ros/jazzy DEBUGINFOD_URLS=https://debuginfod.ubuntu.com /usr/bin/cmake --install /home/alec/surgeryBotWs/build/surg_bot_description
[0.440s] Level 1:colcon.colcon_core.environment:checking '/home/alec/surgeryBotWs/install/surg_bot_description' for CMake module files
[0.441s] Level 1:colcon.colcon_core.environment:checking '/home/alec/surgeryBotWs/install/surg_bot_description' for CMake config files
[0.441s] Level 1:colcon.colcon_core.shell:create_environment_hook('surg_bot_description', 'cmake_prefix_path')
[0.441s] INFO:colcon.colcon_core.shell:Creating environment hook '/home/alec/surgeryBotWs/install/surg_bot_description/share/surg_bot_description/hook/cmake_prefix_path.ps1'
[0.441s] INFO:colcon.colcon_core.shell:Creating environment descriptor '/home/alec/surgeryBotWs/install/surg_bot_description/share/surg_bot_description/hook/cmake_prefix_path.dsv'
[0.442s] INFO:colcon.colcon_core.shell:Creating environment hook '/home/alec/surgeryBotWs/install/surg_bot_description/share/surg_bot_description/hook/cmake_prefix_path.sh'
[0.443s] Level 1:colcon.colcon_core.environment:checking '/home/alec/surgeryBotWs/install/surg_bot_description/bin'
[0.443s] Level 1:colcon.colcon_core.environment:checking '/home/alec/surgeryBotWs/install/surg_bot_description/lib/pkgconfig/surg_bot_description.pc'
[0.443s] Level 1:colcon.colcon_core.environment:checking '/home/alec/surgeryBotWs/install/surg_bot_description/lib/python3.12/site-packages'
[0.443s] Level 1:colcon.colcon_core.environment:checking '/home/alec/surgeryBotWs/install/surg_bot_description/bin'
[0.443s] INFO:colcon.colcon_core.shell:Creating package script '/home/alec/surgeryBotWs/install/surg_bot_description/share/surg_bot_description/package.ps1'
[0.444s] INFO:colcon.colcon_core.shell:Creating package descriptor '/home/alec/surgeryBotWs/install/surg_bot_description/share/surg_bot_description/package.dsv'
[0.444s] INFO:colcon.colcon_core.shell:Creating package script '/home/alec/surgeryBotWs/install/surg_bot_description/share/surg_bot_description/package.sh'
[0.445s] INFO:colcon.colcon_core.shell:Creating package script '/home/alec/surgeryBotWs/install/surg_bot_description/share/surg_bot_description/package.bash'
[0.445s] INFO:colcon.colcon_core.shell:Creating package script '/home/alec/surgeryBotWs/install/surg_bot_description/share/surg_bot_description/package.zsh'
[0.445s] Level 1:colcon.colcon_core.environment:create_file_with_runtime_dependencies(/home/alec/surgeryBotWs/install/surg_bot_description/share/colcon-core/packages/surg_bot_description)
[0.468s] Level 1:colcon.colcon_core.environment:create_environment_scripts_only(surg_bot_gazebo)
[0.469s] Level 1:colcon.colcon_core.environment:checking '/home/alec/surgeryBotWs/install/surg_bot_gazebo' for CMake module files
[0.470s] Level 1:colcon.colcon_core.environment:checking '/home/alec/surgeryBotWs/install/surg_bot_gazebo' for CMake config files
[0.470s] Level 1:colcon.colcon_core.shell:create_environment_hook('surg_bot_gazebo', 'cmake_prefix_path')
[0.471s] INFO:colcon.colcon_core.shell:Creating environment hook '/home/alec/surgeryBotWs/install/surg_bot_gazebo/share/surg_bot_gazebo/hook/cmake_prefix_path.ps1'
[0.472s] INFO:colcon.colcon_core.shell:Creating environment descriptor '/home/alec/surgeryBotWs/install/surg_bot_gazebo/share/surg_bot_gazebo/hook/cmake_prefix_path.dsv'
[0.472s] INFO:colcon.colcon_core.shell:Creating environment hook '/home/alec/surgeryBotWs/install/surg_bot_gazebo/share/surg_bot_gazebo/hook/cmake_prefix_path.sh'
[0.473s] Level 1:colcon.colcon_core.environment:checking '/home/alec/surgeryBotWs/install/surg_bot_gazebo/bin'
[0.474s] Level 1:colcon.colcon_core.environment:checking '/home/alec/surgeryBotWs/install/surg_bot_gazebo/lib/pkgconfig/surg_bot_gazebo.pc'
[0.474s] Level 1:colcon.colcon_core.environment:checking '/home/alec/surgeryBotWs/install/surg_bot_gazebo/lib/python3.12/site-packages'
[0.474s] Level 1:colcon.colcon_core.environment:checking '/home/alec/surgeryBotWs/install/surg_bot_gazebo/bin'
[0.475s] INFO:colcon.colcon_core.shell:Creating package script '/home/alec/surgeryBotWs/install/surg_bot_gazebo/share/surg_bot_gazebo/package.ps1'
[0.475s] INFO:colcon.colcon_core.shell:Creating package descriptor '/home/alec/surgeryBotWs/install/surg_bot_gazebo/share/surg_bot_gazebo/package.dsv'
[0.476s] INFO:colcon.colcon_core.shell:Creating package script '/home/alec/surgeryBotWs/install/surg_bot_gazebo/share/surg_bot_gazebo/package.sh'
[0.477s] INFO:colcon.colcon_core.shell:Creating package script '/home/alec/surgeryBotWs/install/surg_bot_gazebo/share/surg_bot_gazebo/package.bash'
[0.477s] INFO:colcon.colcon_core.shell:Creating package script '/home/alec/surgeryBotWs/install/surg_bot_gazebo/share/surg_bot_gazebo/package.zsh'
[0.478s] Level 1:colcon.colcon_core.environment:create_file_with_runtime_dependencies(/home/alec/surgeryBotWs/install/surg_bot_gazebo/share/colcon-core/packages/surg_bot_gazebo)
[0.480s] Level 1:colcon.colcon_core.environment:create_environment_scripts_only(surg_bot_description)
[0.480s] Level 1:colcon.colcon_core.environment:checking '/home/alec/surgeryBotWs/install/surg_bot_description' for CMake module files
[0.481s] Level 1:colcon.colcon_core.environment:checking '/home/alec/surgeryBotWs/install/surg_bot_description' for CMake config files
[0.481s] Level 1:colcon.colcon_core.shell:create_environment_hook('surg_bot_description', 'cmake_prefix_path')
[0.481s] INFO:colcon.colcon_core.shell:Creating environment hook '/home/alec/surgeryBotWs/install/surg_bot_description/share/surg_bot_description/hook/cmake_prefix_path.ps1'
[0.482s] INFO:colcon.colcon_core.shell:Creating environment descriptor '/home/alec/surgeryBotWs/install/surg_bot_description/share/surg_bot_description/hook/cmake_prefix_path.dsv'
[0.483s] INFO:colcon.colcon_core.shell:Creating environment hook '/home/alec/surgeryBotWs/install/surg_bot_description/share/surg_bot_description/hook/cmake_prefix_path.sh'
[0.484s] Level 1:colcon.colcon_core.environment:checking '/home/alec/surgeryBotWs/install/surg_bot_description/bin'
[0.484s] Level 1:colcon.colcon_core.environment:checking '/home/alec/surgeryBotWs/install/surg_bot_description/lib/pkgconfig/surg_bot_description.pc'
[0.485s] Level 1:colcon.colcon_core.environment:checking '/home/alec/surgeryBotWs/install/surg_bot_description/lib/python3.12/site-packages'
[0.485s] Level 1:colcon.colcon_core.environment:checking '/home/alec/surgeryBotWs/install/surg_bot_description/bin'
[0.486s] INFO:colcon.colcon_core.shell:Creating package script '/home/alec/surgeryBotWs/install/surg_bot_description/share/surg_bot_description/package.ps1'
[0.487s] INFO:colcon.colcon_core.shell:Creating package descriptor '/home/alec/surgeryBotWs/install/surg_bot_description/share/surg_bot_description/package.dsv'
[0.488s] INFO:colcon.colcon_core.shell:Creating package script '/home/alec/surgeryBotWs/install/surg_bot_description/share/surg_bot_description/package.sh'
[0.489s] INFO:colcon.colcon_core.shell:Creating package script '/home/alec/surgeryBotWs/install/surg_bot_description/share/surg_bot_description/package.bash'
[0.490s] INFO:colcon.colcon_core.shell:Creating package script '/home/alec/surgeryBotWs/install/surg_bot_description/share/surg_bot_description/package.zsh'
[0.491s] Level 1:colcon.colcon_core.environment:create_file_with_runtime_dependencies(/home/alec/surgeryBotWs/install/surg_bot_description/share/colcon-core/packages/surg_bot_description)
[0.854s] DEBUG:colcon.colcon_core.event_handler.log_command:Invoked command in '/home/alec/surgeryBotWs/build/surg_bot' returned '0': CMAKE_PREFIX_PATH=${CMAKE_PREFIX_PATH}:/opt/ros/jazzy DEBUGINFOD_URLS=https://debuginfod.ubuntu.com /usr/bin/cmake --build /home/alec/surgeryBotWs/build/surg_bot -- -j20 -l20
[0.889s] DEBUG:colcon.colcon_core.event_handler.log_command:Invoking command in '/home/alec/surgeryBotWs/build/surg_bot': CMAKE_PREFIX_PATH=${CMAKE_PREFIX_PATH}:/opt/ros/jazzy DEBUGINFOD_URLS=https://debuginfod.ubuntu.com /usr/bin/cmake --install /home/alec/surgeryBotWs/build/surg_bot
[0.904s] Level 1:colcon.colcon_core.environment:create_environment_scripts_only(surg_bot)
[0.904s] Level 1:colcon.colcon_core.environment:checking '/home/alec/surgeryBotWs/install/surg_bot' for CMake module files
[0.905s] DEBUG:colcon.colcon_core.event_handler.log_command:Invoked command in '/home/alec/surgeryBotWs/build/surg_bot' returned '0': CMAKE_PREFIX_PATH=${CMAKE_PREFIX_PATH}:/opt/ros/jazzy DEBUGINFOD_URLS=https://debuginfod.ubuntu.com /usr/bin/cmake --install /home/alec/surgeryBotWs/build/surg_bot
[0.906s] Level 1:colcon.colcon_core.environment:checking '/home/alec/surgeryBotWs/install/surg_bot' for CMake config files
[0.906s] Level 1:colcon.colcon_core.shell:create_environment_hook('surg_bot', 'cmake_prefix_path')
[0.906s] INFO:colcon.colcon_core.shell:Creating environment hook '/home/alec/surgeryBotWs/install/surg_bot/share/surg_bot/hook/cmake_prefix_path.ps1'
[0.907s] INFO:colcon.colcon_core.shell:Creating environment descriptor '/home/alec/surgeryBotWs/install/surg_bot/share/surg_bot/hook/cmake_prefix_path.dsv'
[0.907s] INFO:colcon.colcon_core.shell:Creating environment hook '/home/alec/surgeryBotWs/install/surg_bot/share/surg_bot/hook/cmake_prefix_path.sh'
[0.908s] Level 1:colcon.colcon_core.environment:checking '/home/alec/surgeryBotWs/install/surg_bot/bin'
[0.908s] Level 1:colcon.colcon_core.environment:checking '/home/alec/surgeryBotWs/install/surg_bot/lib/pkgconfig/surg_bot.pc'
[0.908s] Level 1:colcon.colcon_core.environment:checking '/home/alec/surgeryBotWs/install/surg_bot/lib/python3.12/site-packages'
[0.908s] Level 1:colcon.colcon_core.environment:checking '/home/alec/surgeryBotWs/install/surg_bot/bin'
[0.909s] INFO:colcon.colcon_core.shell:Creating package script '/home/alec/surgeryBotWs/install/surg_bot/share/surg_bot/package.ps1'
[0.909s] INFO:colcon.colcon_core.shell:Creating package descriptor '/home/alec/surgeryBotWs/install/surg_bot/share/surg_bot/package.dsv'
[0.910s] INFO:colcon.colcon_core.shell:Creating package script '/home/alec/surgeryBotWs/install/surg_bot/share/surg_bot/package.sh'
[0.910s] INFO:colcon.colcon_core.shell:Creating package script '/home/alec/surgeryBotWs/install/surg_bot/share/surg_bot/package.bash'
[0.910s] INFO:colcon.colcon_core.shell:Creating package script '/home/alec/surgeryBotWs/install/surg_bot/share/surg_bot/package.zsh'
[0.911s] Level 1:colcon.colcon_core.environment:create_file_with_runtime_dependencies(/home/alec/surgeryBotWs/install/surg_bot/share/colcon-core/packages/surg_bot)
[0.948s] Level 1:colcon.colcon_core.environment:create_environment_scripts_only(surg_bot)
[0.948s] Level 1:colcon.colcon_core.environment:checking '/home/alec/surgeryBotWs/install/surg_bot' for CMake module files
[0.949s] Level 1:colcon.colcon_core.environment:checking '/home/alec/surgeryBotWs/install/surg_bot' for CMake config files
[0.949s] Level 1:colcon.colcon_core.shell:create_environment_hook('surg_bot', 'cmake_prefix_path')
[0.949s] INFO:colcon.colcon_core.shell:Creating environment hook '/home/alec/surgeryBotWs/install/surg_bot/share/surg_bot/hook/cmake_prefix_path.ps1'
[0.950s] INFO:colcon.colcon_core.shell:Creating environment descriptor '/home/alec/surgeryBotWs/install/surg_bot/share/surg_bot/hook/cmake_prefix_path.dsv'
[0.950s] INFO:colcon.colcon_core.shell:Creating environment hook '/home/alec/surgeryBotWs/install/surg_bot/share/surg_bot/hook/cmake_prefix_path.sh'
[0.951s] Level 1:colcon.colcon_core.environment:checking '/home/alec/surgeryBotWs/install/surg_bot/bin'
[0.951s] Level 1:colcon.colcon_core.environment:checking '/home/alec/surgeryBotWs/install/surg_bot/lib/pkgconfig/surg_bot.pc'
[0.952s] Level 1:colcon.colcon_core.environment:checking '/home/alec/surgeryBotWs/install/surg_bot/lib/python3.12/site-packages'
[0.952s] Level 1:colcon.colcon_core.environment:checking '/home/alec/surgeryBotWs/install/surg_bot/bin'
[0.952s] INFO:colcon.colcon_core.shell:Creating package script '/home/alec/surgeryBotWs/install/surg_bot/share/surg_bot/package.ps1'
[0.953s] INFO:colcon.colcon_core.shell:Creating package descriptor '/home/alec/surgeryBotWs/install/surg_bot/share/surg_bot/package.dsv'
[0.954s] INFO:colcon.colcon_core.shell:Creating package script '/home/alec/surgeryBotWs/install/surg_bot/share/surg_bot/package.sh'
[0.954s] INFO:colcon.colcon_core.shell:Creating package script '/home/alec/surgeryBotWs/install/surg_bot/share/surg_bot/package.bash'
[0.955s] INFO:colcon.colcon_core.shell:Creating package script '/home/alec/surgeryBotWs/install/surg_bot/share/surg_bot/package.zsh'
[0.956s] Level 1:colcon.colcon_core.environment:create_file_with_runtime_dependencies(/home/alec/surgeryBotWs/install/surg_bot/share/colcon-core/packages/surg_bot)
[1.471s] DEBUG:colcon.colcon_core.event_handler.log_command:Invoked command in '/home/alec/surgeryBotWs/build/hand_tracker' returned '0': CMAKE_PREFIX_PATH=${CMAKE_PREFIX_PATH}:/opt/ros/jazzy DEBUGINFOD_URLS=https://debuginfod.ubuntu.com /usr/bin/cmake /home/alec/surgeryBotWs/src/hand_tracker -DCMAKE_INSTALL_PREFIX=/home/alec/surgeryBotWs/install/hand_tracker
[1.472s] DEBUG:colcon.colcon_core.event_handler.log_command:Invoking command in '/home/alec/surgeryBotWs/build/hand_tracker': CMAKE_PREFIX_PATH=${CMAKE_PREFIX_PATH}:/opt/ros/jazzy DEBUGINFOD_URLS=https://debuginfod.ubuntu.com /usr/bin/cmake --build /home/alec/surgeryBotWs/build/hand_tracker -- -j20 -l20
[1.542s] DEBUG:colcon.colcon_core.event_handler.log_command:Invoked command in '/home/alec/surgeryBotWs/build/hand_tracker' returned '0': CMAKE_PREFIX_PATH=${CMAKE_PREFIX_PATH}:/opt/ros/jazzy DEBUGINFOD_URLS=https://debuginfod.ubuntu.com /usr/bin/cmake --build /home/alec/surgeryBotWs/build/hand_tracker -- -j20 -l20
[1.584s] DEBUG:colcon.colcon_core.event_handler.log_command:Invoking command in '/home/alec/surgeryBotWs/build/hand_tracker': CMAKE_PREFIX_PATH=${CMAKE_PREFIX_PATH}:/opt/ros/jazzy DEBUGINFOD_URLS=https://debuginfod.ubuntu.com /usr/bin/cmake --install /home/alec/surgeryBotWs/build/hand_tracker
[1.605s] Level 1:colcon.colcon_core.environment:create_environment_scripts_only(hand_tracker)
[1.605s] Level 1:colcon.colcon_core.environment:checking '/home/alec/surgeryBotWs/install/hand_tracker' for CMake module files
[1.606s] DEBUG:colcon.colcon_core.event_handler.log_command:Invoked command in '/home/alec/surgeryBotWs/build/hand_tracker' returned '0': CMAKE_PREFIX_PATH=${CMAKE_PREFIX_PATH}:/opt/ros/jazzy DEBUGINFOD_URLS=https://debuginfod.ubuntu.com /usr/bin/cmake --install /home/alec/surgeryBotWs/build/hand_tracker
[1.607s] Level 1:colcon.colcon_core.environment:checking '/home/alec/surgeryBotWs/install/hand_tracker' for CMake config files
[1.607s] Level 1:colcon.colcon_core.shell:create_environment_hook('hand_tracker', 'cmake_prefix_path')
[1.607s] INFO:colcon.colcon_core.shell:Creating environment hook '/home/alec/surgeryBotWs/install/hand_tracker/share/hand_tracker/hook/cmake_prefix_path.ps1'
[1.608s] INFO:colcon.colcon_core.shell:Creating environment descriptor '/home/alec/surgeryBotWs/install/hand_tracker/share/hand_tracker/hook/cmake_prefix_path.dsv'
[1.609s] INFO:colcon.colcon_core.shell:Creating environment hook '/home/alec/surgeryBotWs/install/hand_tracker/share/hand_tracker/hook/cmake_prefix_path.sh'
[1.610s] Level 1:colcon.colcon_core.environment:checking '/home/alec/surgeryBotWs/install/hand_tracker/bin'
[1.610s] Level 1:colcon.colcon_core.environment:checking '/home/alec/surgeryBotWs/install/hand_tracker/lib/pkgconfig/hand_tracker.pc'
[1.611s] Level 1:colcon.colcon_core.environment:checking '/home/alec/surgeryBotWs/install/hand_tracker/lib/python3.12/site-packages'
[1.611s] Level 1:colcon.colcon_core.environment:checking '/home/alec/surgeryBotWs/install/hand_tracker/bin'
[1.611s] INFO:colcon.colcon_core.shell:Creating package script '/home/alec/surgeryBotWs/install/hand_tracker/share/hand_tracker/package.ps1'
[1.612s] INFO:colcon.colcon_core.shell:Creating package descriptor '/home/alec/surgeryBotWs/install/hand_tracker/share/hand_tracker/package.dsv'
[1.613s] INFO:colcon.colcon_core.shell:Creating package script '/home/alec/surgeryBotWs/install/hand_tracker/share/hand_tracker/package.sh'
[1.613s] INFO:colcon.colcon_core.shell:Creating package script '/home/alec/surgeryBotWs/install/hand_tracker/share/hand_tracker/package.bash'
[1.614s] INFO:colcon.colcon_core.shell:Creating package script '/home/alec/surgeryBotWs/install/hand_tracker/share/hand_tracker/package.zsh'
[1.614s] Level 1:colcon.colcon_core.environment:create_file_with_runtime_dependencies(/home/alec/surgeryBotWs/install/hand_tracker/share/colcon-core/packages/hand_tracker)
[1.660s] Level 1:colcon.colcon_core.environment:create_environment_scripts_only(hand_tracker)
[1.661s] Level 1:colcon.colcon_core.environment:checking '/home/alec/surgeryBotWs/install/hand_tracker' for CMake module files
[1.662s] Level 1:colcon.colcon_core.environment:checking '/home/alec/surgeryBotWs/install/hand_tracker' for CMake config files
[1.662s] Level 1:colcon.colcon_core.shell:create_environment_hook('hand_tracker', 'cmake_prefix_path')
[1.662s] INFO:colcon.colcon_core.shell:Creating environment hook '/home/alec/surgeryBotWs/install/hand_tracker/share/hand_tracker/hook/cmake_prefix_path.ps1'
[1.663s] INFO:colcon.colcon_core.shell:Creating environment descriptor '/home/alec/surgeryBotWs/install/hand_tracker/share/hand_tracker/hook/cmake_prefix_path.dsv'
[1.664s] INFO:colcon.colcon_core.shell:Creating environment hook '/home/alec/surgeryBotWs/install/hand_tracker/share/hand_tracker/hook/cmake_prefix_path.sh'
[1.664s] Level 1:colcon.colcon_core.environment:checking '/home/alec/surgeryBotWs/install/hand_tracker/bin'
[1.665s] Level 1:colcon.colcon_core.environment:checking '/home/alec/surgeryBotWs/install/hand_tracker/lib/pkgconfig/hand_tracker.pc'
[1.665s] Level 1:colcon.colcon_core.environment:checking '/home/alec/surgeryBotWs/install/hand_tracker/lib/python3.12/site-packages'
[1.665s] Level 1:colcon.colcon_core.environment:checking '/home/alec/surgeryBotWs/install/hand_tracker/bin'
[1.666s] INFO:colcon.colcon_core.shell:Creating package script '/home/alec/surgeryBotWs/install/hand_tracker/share/hand_tracker/package.ps1'
[1.666s] INFO:colcon.colcon_core.shell:Creating package descriptor '/home/alec/surgeryBotWs/install/hand_tracker/share/hand_tracker/package.dsv'
[1.667s] INFO:colcon.colcon_core.shell:Creating package script '/home/alec/surgeryBotWs/install/hand_tracker/share/hand_tracker/package.sh'
[1.668s] INFO:colcon.colcon_core.shell:Creating package script '/home/alec/surgeryBotWs/install/hand_tracker/share/hand_tracker/package.bash'
[1.668s] INFO:colcon.colcon_core.shell:Creating package script '/home/alec/surgeryBotWs/install/hand_tracker/share/hand_tracker/package.zsh'
[1.669s] Level 1:colcon.colcon_core.environment:create_file_with_runtime_dependencies(/home/alec/surgeryBotWs/install/hand_tracker/share/colcon-core/packages/hand_tracker)
[1.669s] DEBUG:colcon.colcon_parallel_executor.executor.parallel:closing loop
[1.670s] DEBUG:colcon.colcon_parallel_executor.executor.parallel:loop closed
[1.670s] DEBUG:colcon.colcon_parallel_executor.executor.parallel:run_until_complete finished with '0'
[1.670s] DEBUG:colcon.colcon_core.event_reactor:joining thread
[1.681s] INFO:colcon.colcon_core.plugin_system:Skipping extension 'colcon_notification.desktop_notification.terminal_notifier': Not used on non-Darwin systems
[1.681s] INFO:colcon.colcon_core.plugin_system:Skipping extension 'colcon_notification.desktop_notification.win32': Not used on non-Windows systems
[1.681s] INFO:colcon.colcon_notification.desktop_notification:Sending desktop notification using 'notify2'
[1.706s] DEBUG:colcon.colcon_core.event_reactor:joined thread
[1.707s] INFO:colcon.colcon_core.shell:Creating prefix script '/home/alec/surgeryBotWs/install/local_setup.ps1'
[1.708s] INFO:colcon.colcon_core.shell:Creating prefix util module '/home/alec/surgeryBotWs/install/_local_setup_util_ps1.py'
[1.710s] INFO:colcon.colcon_core.shell:Creating prefix chain script '/home/alec/surgeryBotWs/install/setup.ps1'
[1.711s] INFO:colcon.colcon_core.shell:Creating prefix script '/home/alec/surgeryBotWs/install/local_setup.sh'
[1.712s] INFO:colcon.colcon_core.shell:Creating prefix util module '/home/alec/surgeryBotWs/install/_local_setup_util_sh.py'
[1.713s] INFO:colcon.colcon_core.shell:Creating prefix chain script '/home/alec/surgeryBotWs/install/setup.sh'
[1.715s] INFO:colcon.colcon_core.shell:Creating prefix script '/home/alec/surgeryBotWs/install/local_setup.bash'
[1.715s] INFO:colcon.colcon_core.shell:Creating prefix chain script '/home/alec/surgeryBotWs/install/setup.bash'
[1.717s] INFO:colcon.colcon_core.shell:Creating prefix script '/home/alec/surgeryBotWs/install/local_setup.zsh'
[1.717s] INFO:colcon.colcon_core.shell:Creating prefix chain script '/home/alec/surgeryBotWs/install/setup.zsh'
