[0.021s] Invoking command in '/home/alec/surgeryBotWs/build/hand_tracker': CMAKE_PREFIX_PATH=${CMAKE_PREFIX_PATH}:/opt/ros/jazzy DEBUGINFOD_URLS=https://debuginfod.ubuntu.com /usr/bin/cmake /home/alec/surgeryBotWs/src/hand_tracker -DCMAKE_INSTALL_PREFIX=/home/alec/surgeryBotWs/install/hand_tracker
[0.100s] -- The C compiler identification is GNU 13.2.0
[0.189s] -- The CXX compiler identification is GNU 13.2.0
[0.221s] -- Detecting C compiler ABI info
[0.390s] -- Detecting C compiler ABI info - done
[0.402s] -- Check for working C compiler: /usr/bin/cc - skipped
[0.403s] -- Detecting C compile features
[0.403s] -- Detecting C compile features - done
[0.419s] -- Detecting CXX compiler ABI info
[0.571s] -- Detecting CXX compiler ABI info - done
[0.584s] -- Check for working CXX compiler: /usr/bin/c++ - skipped
[0.584s] -- Detecting CXX compile features
[0.585s] -- Detecting CXX compile features - done
[0.590s] -- Found ament_cmake: 2.5.2 (/opt/ros/jazzy/share/ament_cmake/cmake)
[0.847s] -- Found Python3: /usr/bin/python3 (found version "3.12.3") found components: Interpreter 
[1.015s] -- Found ament_lint_auto: 0.17.1 (/opt/ros/jazzy/share/ament_lint_auto/cmake)
[1.175s] -- Added test 'flake8' to check Python code syntax and style conventions
[1.175s] -- Configured 'flake8' exclude dirs and/or files: 
[1.176s] -- Added test 'lint_cmake' to check CMake code style
[1.177s] -- Added test 'pep257' to check Python code against some of the docstring style conventions in PEP 257
[1.179s] -- Added test 'xmllint' to check XML markup files
[1.182s] -- Configuring done (1.1s)
[1.186s] -- Generating done (0.0s)
[1.187s] -- Build files have been written to: /home/alec/surgeryBotWs/build/hand_tracker
[1.198s] Invoked command in '/home/alec/surgeryBotWs/build/hand_tracker' returned '0': CMAKE_PREFIX_PATH=${CMAKE_PREFIX_PATH}:/opt/ros/jazzy DEBUGINFOD_URLS=https://debuginfod.ubuntu.com /usr/bin/cmake /home/alec/surgeryBotWs/src/hand_tracker -DCMAKE_INSTALL_PREFIX=/home/alec/surgeryBotWs/install/hand_tracker
[1.199s] Invoking command in '/home/alec/surgeryBotWs/build/hand_tracker': CMAKE_PREFIX_PATH=${CMAKE_PREFIX_PATH}:/opt/ros/jazzy DEBUGINFOD_URLS=https://debuginfod.ubuntu.com /usr/bin/cmake --build /home/alec/surgeryBotWs/build/hand_tracker -- -j20 -l20
[1.269s] Invoked command in '/home/alec/surgeryBotWs/build/hand_tracker' returned '0': CMAKE_PREFIX_PATH=${CMAKE_PREFIX_PATH}:/opt/ros/jazzy DEBUGINFOD_URLS=https://debuginfod.ubuntu.com /usr/bin/cmake --build /home/alec/surgeryBotWs/build/hand_tracker -- -j20 -l20
[1.311s] Invoking command in '/home/alec/surgeryBotWs/build/hand_tracker': CMAKE_PREFIX_PATH=${CMAKE_PREFIX_PATH}:/opt/ros/jazzy DEBUGINFOD_URLS=https://debuginfod.ubuntu.com /usr/bin/cmake --install /home/alec/surgeryBotWs/build/hand_tracker
[1.327s] -- Install configuration: ""
[1.327s] -- Installing: /home/alec/surgeryBotWs/install/hand_tracker/share/ament_index/resource_index/package_run_dependencies/hand_tracker
[1.328s] -- Installing: /home/alec/surgeryBotWs/install/hand_tracker/share/ament_index/resource_index/parent_prefix_path/hand_tracker
[1.328s] -- Installing: /home/alec/surgeryBotWs/install/hand_tracker/share/hand_tracker/environment/ament_prefix_path.sh
[1.328s] -- Installing: /home/alec/surgeryBotWs/install/hand_tracker/share/hand_tracker/environment/ament_prefix_path.dsv
[1.329s] -- Installing: /home/alec/surgeryBotWs/install/hand_tracker/share/hand_tracker/environment/path.sh
[1.329s] -- Installing: /home/alec/surgeryBotWs/install/hand_tracker/share/hand_tracker/environment/path.dsv
[1.329s] -- Installing: /home/alec/surgeryBotWs/install/hand_tracker/share/hand_tracker/local_setup.bash
[1.329s] -- Installing: /home/alec/surgeryBotWs/install/hand_tracker/share/hand_tracker/local_setup.sh
[1.329s] -- Installing: /home/alec/surgeryBotWs/install/hand_tracker/share/hand_tracker/local_setup.zsh
[1.330s] -- Installing: /home/alec/surgeryBotWs/install/hand_tracker/share/hand_tracker/local_setup.dsv
[1.330s] -- Installing: /home/alec/surgeryBotWs/install/hand_tracker/share/hand_tracker/package.dsv
[1.330s] -- Installing: /home/alec/surgeryBotWs/install/hand_tracker/share/ament_index/resource_index/packages/hand_tracker
[1.330s] -- Installing: /home/alec/surgeryBotWs/install/hand_tracker/share/hand_tracker/cmake/hand_trackerConfig.cmake
[1.330s] -- Installing: /home/alec/surgeryBotWs/install/hand_tracker/share/hand_tracker/cmake/hand_trackerConfig-version.cmake
[1.330s] -- Installing: /home/alec/surgeryBotWs/install/hand_tracker/share/hand_tracker/package.xml
[1.333s] Invoked command in '/home/alec/surgeryBotWs/build/hand_tracker' returned '0': CMAKE_PREFIX_PATH=${CMAKE_PREFIX_PATH}:/opt/ros/jazzy DEBUGINFOD_URLS=https://debuginfod.ubuntu.com /usr/bin/cmake --install /home/alec/surgeryBotWs/build/hand_tracker
