[0.055s] DEBUG:colcon:Command line arguments: ['/usr/bin/colcon', 'build']
[0.055s] DEBUG:colcon:Parsed command line arguments: Namespace(log_base=None, log_level=None, verb_name='build', build_base='build', install_base='install', merge_install=False, symlink_install=False, test_result_base=None, continue_on_error=False, executor='parallel', parallel_workers=20, event_handlers=None, ignore_user_meta=False, metas=['./colcon.meta'], base_paths=['.'], packages_ignore=None, packages_ignore_regex=None, paths=None, packages_up_to=None, packages_up_to_regex=None, packages_above=None, packages_above_and_dependencies=None, packages_above_depth=None, packages_select_by_dep=None, packages_skip_by_dep=None, packages_skip_up_to=None, packages_select_build_failed=False, packages_skip_build_finished=False, packages_select_test_failures=False, packages_skip_test_passed=False, packages_select=None, packages_skip=None, packages_select_regex=None, packages_skip_regex=None, packages_start=None, packages_end=None, allow_overriding=[], cmake_args=None, cmake_target=None, cmake_target_skip_unavailable=False, cmake_clean_cache=False, cmake_clean_first=False, cmake_force_configure=False, ament_cmake_args=None, catkin_cmake_args=None, catkin_skip_building_tests=False, mixin_files=None, mixin=None, verb_parser=<colcon_mixin.mixin.mixin_argument.MixinArgumentDecorator object at 0x72f6e8010470>, verb_extension=<colcon_core.verb.build.BuildVerb object at 0x72f6e81e54c0>, main=<bound method BuildVerb.main of <colcon_core.verb.build.BuildVerb object at 0x72f6e81e54c0>>, mixin_verb=('build',))
[0.076s] Level 1:colcon.colcon_core.package_discovery:discover_packages(colcon_meta) check parameters
[0.076s] Level 1:colcon.colcon_core.package_discovery:discover_packages(recursive) check parameters
[0.076s] Level 1:colcon.colcon_core.package_discovery:discover_packages(ignore) check parameters
[0.076s] Level 1:colcon.colcon_core.package_discovery:discover_packages(path) check parameters
[0.076s] Level 1:colcon.colcon_core.package_discovery:discover_packages(colcon_meta) discover
[0.076s] Level 1:colcon.colcon_core.package_discovery:discover_packages(recursive) discover
[0.076s] INFO:colcon.colcon_core.package_discovery:Crawling recursively for packages in '/home/alec/surgeryBotWs'
[0.076s] Level 1:colcon.colcon_core.package_identification:_identify(.) by extensions ['ignore', 'ignore_ament_install']
[0.076s] Level 1:colcon.colcon_core.package_identification:_identify(.) by extension 'ignore'
[0.076s] Level 1:colcon.colcon_core.package_identification:_identify(.) by extension 'ignore_ament_install'
[0.076s] Level 1:colcon.colcon_core.package_identification:_identify(.) by extensions ['colcon_pkg']
[0.076s] Level 1:colcon.colcon_core.package_identification:_identify(.) by extension 'colcon_pkg'
[0.076s] Level 1:colcon.colcon_core.package_identification:_identify(.) by extensions ['colcon_meta']
[0.076s] Level 1:colcon.colcon_core.package_identification:_identify(.) by extension 'colcon_meta'
[0.076s] Level 1:colcon.colcon_core.package_identification:_identify(.) by extensions ['ros']
[0.076s] Level 1:colcon.colcon_core.package_identification:_identify(.) by extension 'ros'
[0.091s] Level 1:colcon.colcon_core.package_identification:_identify(.) by extensions ['cmake', 'python']
[0.091s] Level 1:colcon.colcon_core.package_identification:_identify(.) by extension 'cmake'
[0.091s] Level 1:colcon.colcon_core.package_identification:_identify(.) by extension 'python'
[0.091s] Level 1:colcon.colcon_core.package_identification:_identify(.) by extensions ['python_setup_py']
[0.091s] Level 1:colcon.colcon_core.package_identification:_identify(.) by extension 'python_setup_py'
[0.091s] Level 1:colcon.colcon_core.package_identification:_identify(build) by extensions ['ignore', 'ignore_ament_install']
[0.092s] Level 1:colcon.colcon_core.package_identification:_identify(build) by extension 'ignore'
[0.092s] Level 1:colcon.colcon_core.package_identification:_identify(build) ignored
[0.092s] Level 1:colcon.colcon_core.package_identification:_identify(install) by extensions ['ignore', 'ignore_ament_install']
[0.092s] Level 1:colcon.colcon_core.package_identification:_identify(install) by extension 'ignore'
[0.092s] Level 1:colcon.colcon_core.package_identification:_identify(install) ignored
[0.092s] Level 1:colcon.colcon_core.package_identification:_identify(log) by extensions ['ignore', 'ignore_ament_install']
[0.092s] Level 1:colcon.colcon_core.package_identification:_identify(log) by extension 'ignore'
[0.092s] Level 1:colcon.colcon_core.package_identification:_identify(log) ignored
[0.092s] Level 1:colcon.colcon_core.package_identification:_identify(src) by extensions ['ignore', 'ignore_ament_install']
[0.092s] Level 1:colcon.colcon_core.package_identification:_identify(src) by extension 'ignore'
[0.092s] Level 1:colcon.colcon_core.package_identification:_identify(src) by extension 'ignore_ament_install'
[0.092s] Level 1:colcon.colcon_core.package_identification:_identify(src) by extensions ['colcon_pkg']
[0.092s] Level 1:colcon.colcon_core.package_identification:_identify(src) by extension 'colcon_pkg'
[0.092s] Level 1:colcon.colcon_core.package_identification:_identify(src) by extensions ['colcon_meta']
[0.092s] Level 1:colcon.colcon_core.package_identification:_identify(src) by extension 'colcon_meta'
[0.092s] Level 1:colcon.colcon_core.package_identification:_identify(src) by extensions ['ros']
[0.092s] Level 1:colcon.colcon_core.package_identification:_identify(src) by extension 'ros'
[0.092s] Level 1:colcon.colcon_core.package_identification:_identify(src) by extensions ['cmake', 'python']
[0.092s] Level 1:colcon.colcon_core.package_identification:_identify(src) by extension 'cmake'
[0.092s] Level 1:colcon.colcon_core.package_identification:_identify(src) by extension 'python'
[0.092s] Level 1:colcon.colcon_core.package_identification:_identify(src) by extensions ['python_setup_py']
[0.092s] Level 1:colcon.colcon_core.package_identification:_identify(src) by extension 'python_setup_py'
[0.092s] Level 1:colcon.colcon_core.package_identification:_identify(src/build) by extensions ['ignore', 'ignore_ament_install']
[0.092s] Level 1:colcon.colcon_core.package_identification:_identify(src/build) by extension 'ignore'
[0.092s] Level 1:colcon.colcon_core.package_identification:_identify(src/build) ignored
[0.092s] Level 1:colcon.colcon_core.package_identification:_identify(src/hand_tracker) by extensions ['ignore', 'ignore_ament_install']
[0.092s] Level 1:colcon.colcon_core.package_identification:_identify(src/hand_tracker) by extension 'ignore'
[0.092s] Level 1:colcon.colcon_core.package_identification:_identify(src/hand_tracker) by extension 'ignore_ament_install'
[0.092s] Level 1:colcon.colcon_core.package_identification:_identify(src/hand_tracker) by extensions ['colcon_pkg']
[0.092s] Level 1:colcon.colcon_core.package_identification:_identify(src/hand_tracker) by extension 'colcon_pkg'
[0.092s] Level 1:colcon.colcon_core.package_identification:_identify(src/hand_tracker) by extensions ['colcon_meta']
[0.092s] Level 1:colcon.colcon_core.package_identification:_identify(src/hand_tracker) by extension 'colcon_meta'
[0.092s] Level 1:colcon.colcon_core.package_identification:_identify(src/hand_tracker) by extensions ['ros']
[0.092s] Level 1:colcon.colcon_core.package_identification:_identify(src/hand_tracker) by extension 'ros'
[0.094s] DEBUG:colcon.colcon_core.package_identification:Package 'src/hand_tracker' with type 'ros.ament_cmake' and name 'hand_tracker'
[0.094s] Level 1:colcon.colcon_core.package_identification:_identify(src/install) by extensions ['ignore', 'ignore_ament_install']
[0.094s] Level 1:colcon.colcon_core.package_identification:_identify(src/install) by extension 'ignore'
[0.094s] Level 1:colcon.colcon_core.package_identification:_identify(src/install) ignored
[0.094s] Level 1:colcon.colcon_core.package_identification:_identify(src/log) by extensions ['ignore', 'ignore_ament_install']
[0.094s] Level 1:colcon.colcon_core.package_identification:_identify(src/log) by extension 'ignore'
[0.094s] Level 1:colcon.colcon_core.package_identification:_identify(src/log) ignored
[0.094s] Level 1:colcon.colcon_core.package_identification:_identify(src/surg_bot) by extensions ['ignore', 'ignore_ament_install']
[0.094s] Level 1:colcon.colcon_core.package_identification:_identify(src/surg_bot) by extension 'ignore'
[0.094s] Level 1:colcon.colcon_core.package_identification:_identify(src/surg_bot) by extension 'ignore_ament_install'
[0.094s] Level 1:colcon.colcon_core.package_identification:_identify(src/surg_bot) by extensions ['colcon_pkg']
[0.094s] Level 1:colcon.colcon_core.package_identification:_identify(src/surg_bot) by extension 'colcon_pkg'
[0.094s] Level 1:colcon.colcon_core.package_identification:_identify(src/surg_bot) by extensions ['colcon_meta']
[0.094s] Level 1:colcon.colcon_core.package_identification:_identify(src/surg_bot) by extension 'colcon_meta'
[0.094s] Level 1:colcon.colcon_core.package_identification:_identify(src/surg_bot) by extensions ['ros']
[0.094s] Level 1:colcon.colcon_core.package_identification:_identify(src/surg_bot) by extension 'ros'
[0.094s] Level 1:colcon.colcon_core.package_identification:_identify(src/surg_bot) by extensions ['cmake', 'python']
[0.094s] Level 1:colcon.colcon_core.package_identification:_identify(src/surg_bot) by extension 'cmake'
[0.094s] Level 1:colcon.colcon_core.package_identification:_identify(src/surg_bot) by extension 'python'
[0.094s] Level 1:colcon.colcon_core.package_identification:_identify(src/surg_bot) by extensions ['python_setup_py']
[0.094s] Level 1:colcon.colcon_core.package_identification:_identify(src/surg_bot) by extension 'python_setup_py'
[0.094s] Level 1:colcon.colcon_core.package_identification:_identify(src/surg_bot/build) by extensions ['ignore', 'ignore_ament_install']
[0.094s] Level 1:colcon.colcon_core.package_identification:_identify(src/surg_bot/build) by extension 'ignore'
[0.094s] Level 1:colcon.colcon_core.package_identification:_identify(src/surg_bot/build) ignored
[0.094s] Level 1:colcon.colcon_core.package_identification:_identify(src/surg_bot/install) by extensions ['ignore', 'ignore_ament_install']
[0.095s] Level 1:colcon.colcon_core.package_identification:_identify(src/surg_bot/install) by extension 'ignore'
[0.095s] Level 1:colcon.colcon_core.package_identification:_identify(src/surg_bot/install) ignored
[0.095s] Level 1:colcon.colcon_core.package_identification:_identify(src/surg_bot/log) by extensions ['ignore', 'ignore_ament_install']
[0.095s] Level 1:colcon.colcon_core.package_identification:_identify(src/surg_bot/log) by extension 'ignore'
[0.095s] Level 1:colcon.colcon_core.package_identification:_identify(src/surg_bot/log) ignored
[0.095s] Level 1:colcon.colcon_core.package_identification:_identify(src/surg_bot/surg_bot) by extensions ['ignore', 'ignore_ament_install']
[0.095s] Level 1:colcon.colcon_core.package_identification:_identify(src/surg_bot/surg_bot) by extension 'ignore'
[0.095s] Level 1:colcon.colcon_core.package_identification:_identify(src/surg_bot/surg_bot) by extension 'ignore_ament_install'
[0.095s] Level 1:colcon.colcon_core.package_identification:_identify(src/surg_bot/surg_bot) by extensions ['colcon_pkg']
[0.095s] Level 1:colcon.colcon_core.package_identification:_identify(src/surg_bot/surg_bot) by extension 'colcon_pkg'
[0.095s] Level 1:colcon.colcon_core.package_identification:_identify(src/surg_bot/surg_bot) by extensions ['colcon_meta']
[0.095s] Level 1:colcon.colcon_core.package_identification:_identify(src/surg_bot/surg_bot) by extension 'colcon_meta'
[0.095s] Level 1:colcon.colcon_core.package_identification:_identify(src/surg_bot/surg_bot) by extensions ['ros']
[0.095s] Level 1:colcon.colcon_core.package_identification:_identify(src/surg_bot/surg_bot) by extension 'ros'
[0.095s] DEBUG:colcon.colcon_core.package_identification:Package 'src/surg_bot/surg_bot' with type 'ros.ament_cmake' and name 'surg_bot'
[0.095s] Level 1:colcon.colcon_core.package_identification:_identify(src/surg_bot/surg_bot_description) by extensions ['ignore', 'ignore_ament_install']
[0.095s] Level 1:colcon.colcon_core.package_identification:_identify(src/surg_bot/surg_bot_description) by extension 'ignore'
[0.095s] Level 1:colcon.colcon_core.package_identification:_identify(src/surg_bot/surg_bot_description) by extension 'ignore_ament_install'
[0.095s] Level 1:colcon.colcon_core.package_identification:_identify(src/surg_bot/surg_bot_description) by extensions ['colcon_pkg']
[0.095s] Level 1:colcon.colcon_core.package_identification:_identify(src/surg_bot/surg_bot_description) by extension 'colcon_pkg'
[0.095s] Level 1:colcon.colcon_core.package_identification:_identify(src/surg_bot/surg_bot_description) by extensions ['colcon_meta']
[0.095s] Level 1:colcon.colcon_core.package_identification:_identify(src/surg_bot/surg_bot_description) by extension 'colcon_meta'
[0.095s] Level 1:colcon.colcon_core.package_identification:_identify(src/surg_bot/surg_bot_description) by extensions ['ros']
[0.095s] Level 1:colcon.colcon_core.package_identification:_identify(src/surg_bot/surg_bot_description) by extension 'ros'
[0.096s] DEBUG:colcon.colcon_core.package_identification:Package 'src/surg_bot/surg_bot_description' with type 'ros.ament_cmake' and name 'surg_bot_description'
[0.096s] Level 1:colcon.colcon_core.package_identification:_identify(src/surg_bot/surg_bot_gazebo) by extensions ['ignore', 'ignore_ament_install']
[0.096s] Level 1:colcon.colcon_core.package_identification:_identify(src/surg_bot/surg_bot_gazebo) by extension 'ignore'
[0.096s] Level 1:colcon.colcon_core.package_identification:_identify(src/surg_bot/surg_bot_gazebo) by extension 'ignore_ament_install'
[0.096s] Level 1:colcon.colcon_core.package_identification:_identify(src/surg_bot/surg_bot_gazebo) by extensions ['colcon_pkg']
[0.096s] Level 1:colcon.colcon_core.package_identification:_identify(src/surg_bot/surg_bot_gazebo) by extension 'colcon_pkg'
[0.096s] Level 1:colcon.colcon_core.package_identification:_identify(src/surg_bot/surg_bot_gazebo) by extensions ['colcon_meta']
[0.096s] Level 1:colcon.colcon_core.package_identification:_identify(src/surg_bot/surg_bot_gazebo) by extension 'colcon_meta'
[0.096s] Level 1:colcon.colcon_core.package_identification:_identify(src/surg_bot/surg_bot_gazebo) by extensions ['ros']
[0.096s] Level 1:colcon.colcon_core.package_identification:_identify(src/surg_bot/surg_bot_gazebo) by extension 'ros'
[0.096s] DEBUG:colcon.colcon_core.package_identification:Package 'src/surg_bot/surg_bot_gazebo' with type 'ros.ament_cmake' and name 'surg_bot_gazebo'
[0.096s] Level 1:colcon.colcon_core.package_discovery:discover_packages(recursive) using defaults
[0.096s] Level 1:colcon.colcon_core.package_discovery:discover_packages(ignore) discover
[0.096s] Level 1:colcon.colcon_core.package_discovery:discover_packages(ignore) using defaults
[0.096s] Level 1:colcon.colcon_core.package_discovery:discover_packages(path) discover
[0.096s] Level 1:colcon.colcon_core.package_discovery:discover_packages(path) using defaults
[0.106s] Level 1:colcon.colcon_core.package_discovery:discover_packages(prefix_path) check parameters
[0.106s] Level 1:colcon.colcon_core.package_discovery:discover_packages(prefix_path) discover
[0.108s] DEBUG:colcon.colcon_installed_package_information.package_discovery:Found 255 installed packages in /opt/ros/jazzy
[0.108s] Level 1:colcon.colcon_core.package_discovery:discover_packages(prefix_path) using defaults
[0.125s] Level 5:colcon.colcon_core.verb:set package 'hand_tracker' build argument 'cmake_args' from command line to 'None'
[0.125s] Level 5:colcon.colcon_core.verb:set package 'hand_tracker' build argument 'cmake_target' from command line to 'None'
[0.125s] Level 5:colcon.colcon_core.verb:set package 'hand_tracker' build argument 'cmake_target_skip_unavailable' from command line to 'False'
[0.125s] Level 5:colcon.colcon_core.verb:set package 'hand_tracker' build argument 'cmake_clean_cache' from command line to 'False'
[0.125s] Level 5:colcon.colcon_core.verb:set package 'hand_tracker' build argument 'cmake_clean_first' from command line to 'False'
[0.125s] Level 5:colcon.colcon_core.verb:set package 'hand_tracker' build argument 'cmake_force_configure' from command line to 'False'
[0.125s] Level 5:colcon.colcon_core.verb:set package 'hand_tracker' build argument 'ament_cmake_args' from command line to 'None'
[0.125s] Level 5:colcon.colcon_core.verb:set package 'hand_tracker' build argument 'catkin_cmake_args' from command line to 'None'
[0.125s] Level 5:colcon.colcon_core.verb:set package 'hand_tracker' build argument 'catkin_skip_building_tests' from command line to 'False'
[0.125s] DEBUG:colcon.colcon_core.verb:Building package 'hand_tracker' with the following arguments: {'ament_cmake_args': None, 'build_base': '/home/alec/surgeryBotWs/build/hand_tracker', 'catkin_cmake_args': None, 'catkin_skip_building_tests': False, 'cmake_args': None, 'cmake_clean_cache': False, 'cmake_clean_first': False, 'cmake_force_configure': False, 'cmake_target': None, 'cmake_target_skip_unavailable': False, 'install_base': '/home/alec/surgeryBotWs/install/hand_tracker', 'merge_install': False, 'path': '/home/alec/surgeryBotWs/src/hand_tracker', 'symlink_install': False, 'test_result_base': None}
[0.126s] Level 5:colcon.colcon_core.verb:set package 'surg_bot' build argument 'cmake_args' from command line to 'None'
[0.126s] Level 5:colcon.colcon_core.verb:set package 'surg_bot' build argument 'cmake_target' from command line to 'None'
[0.126s] Level 5:colcon.colcon_core.verb:set package 'surg_bot' build argument 'cmake_target_skip_unavailable' from command line to 'False'
[0.126s] Level 5:colcon.colcon_core.verb:set package 'surg_bot' build argument 'cmake_clean_cache' from command line to 'False'
[0.126s] Level 5:colcon.colcon_core.verb:set package 'surg_bot' build argument 'cmake_clean_first' from command line to 'False'
[0.126s] Level 5:colcon.colcon_core.verb:set package 'surg_bot' build argument 'cmake_force_configure' from command line to 'False'
[0.126s] Level 5:colcon.colcon_core.verb:set package 'surg_bot' build argument 'ament_cmake_args' from command line to 'None'
[0.126s] Level 5:colcon.colcon_core.verb:set package 'surg_bot' build argument 'catkin_cmake_args' from command line to 'None'
[0.126s] Level 5:colcon.colcon_core.verb:set package 'surg_bot' build argument 'catkin_skip_building_tests' from command line to 'False'
[0.126s] DEBUG:colcon.colcon_core.verb:Building package 'surg_bot' with the following arguments: {'ament_cmake_args': None, 'build_base': '/home/alec/surgeryBotWs/build/surg_bot', 'catkin_cmake_args': None, 'catkin_skip_building_tests': False, 'cmake_args': None, 'cmake_clean_cache': False, 'cmake_clean_first': False, 'cmake_force_configure': False, 'cmake_target': None, 'cmake_target_skip_unavailable': False, 'install_base': '/home/alec/surgeryBotWs/install/surg_bot', 'merge_install': False, 'path': '/home/alec/surgeryBotWs/src/surg_bot/surg_bot', 'symlink_install': False, 'test_result_base': None}
[0.126s] Level 5:colcon.colcon_core.verb:set package 'surg_bot_description' build argument 'cmake_args' from command line to 'None'
[0.126s] Level 5:colcon.colcon_core.verb:set package 'surg_bot_description' build argument 'cmake_target' from command line to 'None'
[0.126s] Level 5:colcon.colcon_core.verb:set package 'surg_bot_description' build argument 'cmake_target_skip_unavailable' from command line to 'False'
[0.126s] Level 5:colcon.colcon_core.verb:set package 'surg_bot_description' build argument 'cmake_clean_cache' from command line to 'False'
[0.126s] Level 5:colcon.colcon_core.verb:set package 'surg_bot_description' build argument 'cmake_clean_first' from command line to 'False'
[0.126s] Level 5:colcon.colcon_core.verb:set package 'surg_bot_description' build argument 'cmake_force_configure' from command line to 'False'
[0.126s] Level 5:colcon.colcon_core.verb:set package 'surg_bot_description' build argument 'ament_cmake_args' from command line to 'None'
[0.126s] Level 5:colcon.colcon_core.verb:set package 'surg_bot_description' build argument 'catkin_cmake_args' from command line to 'None'
[0.126s] Level 5:colcon.colcon_core.verb:set package 'surg_bot_description' build argument 'catkin_skip_building_tests' from command line to 'False'
[0.126s] DEBUG:colcon.colcon_core.verb:Building package 'surg_bot_description' with the following arguments: {'ament_cmake_args': None, 'build_base': '/home/alec/surgeryBotWs/build/surg_bot_description', 'catkin_cmake_args': None, 'catkin_skip_building_tests': False, 'cmake_args': None, 'cmake_clean_cache': False, 'cmake_clean_first': False, 'cmake_force_configure': False, 'cmake_target': None, 'cmake_target_skip_unavailable': False, 'install_base': '/home/alec/surgeryBotWs/install/surg_bot_description', 'merge_install': False, 'path': '/home/alec/surgeryBotWs/src/surg_bot/surg_bot_description', 'symlink_install': False, 'test_result_base': None}
[0.126s] Level 5:colcon.colcon_core.verb:set package 'surg_bot_gazebo' build argument 'cmake_args' from command line to 'None'
[0.126s] Level 5:colcon.colcon_core.verb:set package 'surg_bot_gazebo' build argument 'cmake_target' from command line to 'None'
[0.126s] Level 5:colcon.colcon_core.verb:set package 'surg_bot_gazebo' build argument 'cmake_target_skip_unavailable' from command line to 'False'
[0.126s] Level 5:colcon.colcon_core.verb:set package 'surg_bot_gazebo' build argument 'cmake_clean_cache' from command line to 'False'
[0.126s] Level 5:colcon.colcon_core.verb:set package 'surg_bot_gazebo' build argument 'cmake_clean_first' from command line to 'False'
[0.126s] Level 5:colcon.colcon_core.verb:set package 'surg_bot_gazebo' build argument 'cmake_force_configure' from command line to 'False'
[0.126s] Level 5:colcon.colcon_core.verb:set package 'surg_bot_gazebo' build argument 'ament_cmake_args' from command line to 'None'
[0.126s] Level 5:colcon.colcon_core.verb:set package 'surg_bot_gazebo' build argument 'catkin_cmake_args' from command line to 'None'
[0.126s] Level 5:colcon.colcon_core.verb:set package 'surg_bot_gazebo' build argument 'catkin_skip_building_tests' from command line to 'False'
[0.126s] DEBUG:colcon.colcon_core.verb:Building package 'surg_bot_gazebo' with the following arguments: {'ament_cmake_args': None, 'build_base': '/home/alec/surgeryBotWs/build/surg_bot_gazebo', 'catkin_cmake_args': None, 'catkin_skip_building_tests': False, 'cmake_args': None, 'cmake_clean_cache': False, 'cmake_clean_first': False, 'cmake_force_configure': False, 'cmake_target': None, 'cmake_target_skip_unavailable': False, 'install_base': '/home/alec/surgeryBotWs/install/surg_bot_gazebo', 'merge_install': False, 'path': '/home/alec/surgeryBotWs/src/surg_bot/surg_bot_gazebo', 'symlink_install': False, 'test_result_base': None}
[0.126s] INFO:colcon.colcon_core.executor:Executing jobs using 'parallel' executor
[0.127s] DEBUG:colcon.colcon_parallel_executor.executor.parallel:run_until_complete
[0.127s] INFO:colcon.colcon_ros.task.ament_cmake.build:Building ROS package in '/home/alec/surgeryBotWs/src/hand_tracker' with build type 'ament_cmake'
[0.127s] INFO:colcon.colcon_cmake.task.cmake.build:Building CMake package in '/home/alec/surgeryBotWs/src/hand_tracker'
[0.129s] INFO:colcon.colcon_core.plugin_system:Skipping extension 'colcon_core.shell.bat': Not used on non-Windows systems
[0.129s] INFO:colcon.colcon_core.shell:Skip shell extension 'powershell' for command environment: Not usable outside of PowerShell
[0.129s] DEBUG:colcon.colcon_core.shell:Skip shell extension 'dsv' for command environment
[0.131s] INFO:colcon.colcon_ros.task.ament_cmake.build:Building ROS package in '/home/alec/surgeryBotWs/src/surg_bot/surg_bot' with build type 'ament_cmake'
[0.131s] INFO:colcon.colcon_cmake.task.cmake.build:Building CMake package in '/home/alec/surgeryBotWs/src/surg_bot/surg_bot'
[0.131s] INFO:colcon.colcon_core.shell:Skip shell extension 'powershell' for command environment: Not usable outside of PowerShell
[0.131s] DEBUG:colcon.colcon_core.shell:Skip shell extension 'dsv' for command environment
[0.133s] INFO:colcon.colcon_ros.task.ament_cmake.build:Building ROS package in '/home/alec/surgeryBotWs/src/surg_bot/surg_bot_description' with build type 'ament_cmake'
[0.133s] INFO:colcon.colcon_cmake.task.cmake.build:Building CMake package in '/home/alec/surgeryBotWs/src/surg_bot/surg_bot_description'
[0.133s] INFO:colcon.colcon_core.shell:Skip shell extension 'powershell' for command environment: Not usable outside of PowerShell
[0.133s] DEBUG:colcon.colcon_core.shell:Skip shell extension 'dsv' for command environment
[0.134s] INFO:colcon.colcon_ros.task.ament_cmake.build:Building ROS package in '/home/alec/surgeryBotWs/src/surg_bot/surg_bot_gazebo' with build type 'ament_cmake'
[0.134s] INFO:colcon.colcon_cmake.task.cmake.build:Building CMake package in '/home/alec/surgeryBotWs/src/surg_bot/surg_bot_gazebo'
[0.134s] INFO:colcon.colcon_core.shell:Skip shell extension 'powershell' for command environment: Not usable outside of PowerShell
[0.134s] DEBUG:colcon.colcon_core.shell:Skip shell extension 'dsv' for command environment
[0.138s] DEBUG:colcon.colcon_core.event_handler.log_command:Invoking command in '/home/alec/surgeryBotWs/build/hand_tracker': CMAKE_PREFIX_PATH=${CMAKE_PREFIX_PATH}:/opt/ros/jazzy DEBUGINFOD_URLS=https://debuginfod.ubuntu.com /usr/bin/cmake --build /home/alec/surgeryBotWs/build/hand_tracker -- -j20 -l20
[0.139s] DEBUG:colcon.colcon_core.event_handler.log_command:Invoking command in '/home/alec/surgeryBotWs/build/surg_bot': CMAKE_PREFIX_PATH=${CMAKE_PREFIX_PATH}:/opt/ros/jazzy DEBUGINFOD_URLS=https://debuginfod.ubuntu.com /usr/bin/cmake --build /home/alec/surgeryBotWs/build/surg_bot -- -j20 -l20
[0.141s] DEBUG:colcon.colcon_core.event_handler.log_command:Invoking command in '/home/alec/surgeryBotWs/build/surg_bot_description': CMAKE_PREFIX_PATH=${CMAKE_PREFIX_PATH}:/opt/ros/jazzy DEBUGINFOD_URLS=https://debuginfod.ubuntu.com /usr/bin/cmake --build /home/alec/surgeryBotWs/build/surg_bot_description -- -j20 -l20
[0.143s] DEBUG:colcon.colcon_core.event_handler.log_command:Invoking command in '/home/alec/surgeryBotWs/build/surg_bot_gazebo': CMAKE_PREFIX_PATH=${CMAKE_PREFIX_PATH}:/opt/ros/jazzy DEBUGINFOD_URLS=https://debuginfod.ubuntu.com /usr/bin/cmake --build /home/alec/surgeryBotWs/build/surg_bot_gazebo -- -j20 -l20
[0.167s] DEBUG:colcon.colcon_core.event_handler.log_command:Invoked command in '/home/alec/surgeryBotWs/build/surg_bot_description' returned '0': CMAKE_PREFIX_PATH=${CMAKE_PREFIX_PATH}:/opt/ros/jazzy DEBUGINFOD_URLS=https://debuginfod.ubuntu.com /usr/bin/cmake --build /home/alec/surgeryBotWs/build/surg_bot_description -- -j20 -l20
[0.168s] DEBUG:colcon.colcon_core.event_handler.log_command:Invoked command in '/home/alec/surgeryBotWs/build/surg_bot' returned '0': CMAKE_PREFIX_PATH=${CMAKE_PREFIX_PATH}:/opt/ros/jazzy DEBUGINFOD_URLS=https://debuginfod.ubuntu.com /usr/bin/cmake --build /home/alec/surgeryBotWs/build/surg_bot -- -j20 -l20
[0.169s] DEBUG:colcon.colcon_core.event_handler.log_command:Invoked command in '/home/alec/surgeryBotWs/build/hand_tracker' returned '0': CMAKE_PREFIX_PATH=${CMAKE_PREFIX_PATH}:/opt/ros/jazzy DEBUGINFOD_URLS=https://debuginfod.ubuntu.com /usr/bin/cmake --build /home/alec/surgeryBotWs/build/hand_tracker -- -j20 -l20
[0.171s] DEBUG:colcon.colcon_core.event_handler.log_command:Invoked command in '/home/alec/surgeryBotWs/build/surg_bot_gazebo' returned '0': CMAKE_PREFIX_PATH=${CMAKE_PREFIX_PATH}:/opt/ros/jazzy DEBUGINFOD_URLS=https://debuginfod.ubuntu.com /usr/bin/cmake --build /home/alec/surgeryBotWs/build/surg_bot_gazebo -- -j20 -l20
[0.189s] DEBUG:colcon.colcon_core.event_handler.log_command:Invoking command in '/home/alec/surgeryBotWs/build/surg_bot': CMAKE_PREFIX_PATH=${CMAKE_PREFIX_PATH}:/opt/ros/jazzy DEBUGINFOD_URLS=https://debuginfod.ubuntu.com /usr/bin/cmake --install /home/alec/surgeryBotWs/build/surg_bot
[0.190s] DEBUG:colcon.colcon_core.event_handler.log_command:Invoking command in '/home/alec/surgeryBotWs/build/surg_bot_description': CMAKE_PREFIX_PATH=${CMAKE_PREFIX_PATH}:/opt/ros/jazzy DEBUGINFOD_URLS=https://debuginfod.ubuntu.com /usr/bin/cmake --install /home/alec/surgeryBotWs/build/surg_bot_description
[0.190s] DEBUG:colcon.colcon_core.event_handler.log_command:Invoking command in '/home/alec/surgeryBotWs/build/surg_bot_gazebo': CMAKE_PREFIX_PATH=${CMAKE_PREFIX_PATH}:/opt/ros/jazzy DEBUGINFOD_URLS=https://debuginfod.ubuntu.com /usr/bin/cmake --install /home/alec/surgeryBotWs/build/surg_bot_gazebo
[0.191s] DEBUG:colcon.colcon_core.event_handler.log_command:Invoking command in '/home/alec/surgeryBotWs/build/hand_tracker': CMAKE_PREFIX_PATH=${CMAKE_PREFIX_PATH}:/opt/ros/jazzy DEBUGINFOD_URLS=https://debuginfod.ubuntu.com /usr/bin/cmake --install /home/alec/surgeryBotWs/build/hand_tracker
[0.195s] Level 1:colcon.colcon_core.environment:create_environment_scripts_only(surg_bot)
[0.197s] DEBUG:colcon.colcon_core.event_handler.log_command:Invoked command in '/home/alec/surgeryBotWs/build/surg_bot' returned '0': CMAKE_PREFIX_PATH=${CMAKE_PREFIX_PATH}:/opt/ros/jazzy DEBUGINFOD_URLS=https://debuginfod.ubuntu.com /usr/bin/cmake --install /home/alec/surgeryBotWs/build/surg_bot
[0.199s] Level 1:colcon.colcon_core.environment:checking '/home/alec/surgeryBotWs/install/surg_bot' for CMake module files
[0.199s] Level 1:colcon.colcon_core.environment:checking '/home/alec/surgeryBotWs/install/surg_bot' for CMake config files
[0.199s] Level 1:colcon.colcon_core.shell:create_environment_hook('surg_bot', 'cmake_prefix_path')
[0.200s] INFO:colcon.colcon_core.shell:Creating environment hook '/home/alec/surgeryBotWs/install/surg_bot/share/surg_bot/hook/cmake_prefix_path.ps1'
[0.200s] INFO:colcon.colcon_core.shell:Creating environment descriptor '/home/alec/surgeryBotWs/install/surg_bot/share/surg_bot/hook/cmake_prefix_path.dsv'
[0.200s] INFO:colcon.colcon_core.shell:Creating environment hook '/home/alec/surgeryBotWs/install/surg_bot/share/surg_bot/hook/cmake_prefix_path.sh'
[0.200s] Level 1:colcon.colcon_core.environment:checking '/home/alec/surgeryBotWs/install/surg_bot/bin'
[0.201s] Level 1:colcon.colcon_core.environment:checking '/home/alec/surgeryBotWs/install/surg_bot/lib/pkgconfig/surg_bot.pc'
[0.201s] Level 1:colcon.colcon_core.environment:checking '/home/alec/surgeryBotWs/install/surg_bot/lib/python3.12/site-packages'
[0.201s] Level 1:colcon.colcon_core.environment:checking '/home/alec/surgeryBotWs/install/surg_bot/bin'
[0.201s] INFO:colcon.colcon_core.shell:Creating package script '/home/alec/surgeryBotWs/install/surg_bot/share/surg_bot/package.ps1'
[0.201s] INFO:colcon.colcon_core.shell:Creating package descriptor '/home/alec/surgeryBotWs/install/surg_bot/share/surg_bot/package.dsv'
[0.201s] INFO:colcon.colcon_core.shell:Creating package script '/home/alec/surgeryBotWs/install/surg_bot/share/surg_bot/package.sh'
[0.202s] INFO:colcon.colcon_core.shell:Creating package script '/home/alec/surgeryBotWs/install/surg_bot/share/surg_bot/package.bash'
[0.202s] INFO:colcon.colcon_core.shell:Creating package script '/home/alec/surgeryBotWs/install/surg_bot/share/surg_bot/package.zsh'
[0.202s] Level 1:colcon.colcon_core.environment:create_file_with_runtime_dependencies(/home/alec/surgeryBotWs/install/surg_bot/share/colcon-core/packages/surg_bot)
[0.204s] Level 1:colcon.colcon_core.environment:create_environment_scripts_only(hand_tracker)
[0.204s] Level 1:colcon.colcon_core.environment:checking '/home/alec/surgeryBotWs/install/hand_tracker' for CMake module files
[0.204s] DEBUG:colcon.colcon_core.event_handler.log_command:Invoked command in '/home/alec/surgeryBotWs/build/hand_tracker' returned '0': CMAKE_PREFIX_PATH=${CMAKE_PREFIX_PATH}:/opt/ros/jazzy DEBUGINFOD_URLS=https://debuginfod.ubuntu.com /usr/bin/cmake --install /home/alec/surgeryBotWs/build/hand_tracker
[0.205s] Level 1:colcon.colcon_core.environment:checking '/home/alec/surgeryBotWs/install/hand_tracker' for CMake config files
[0.205s] Level 1:colcon.colcon_core.shell:create_environment_hook('hand_tracker', 'cmake_prefix_path')
[0.205s] INFO:colcon.colcon_core.shell:Creating environment hook '/home/alec/surgeryBotWs/install/hand_tracker/share/hand_tracker/hook/cmake_prefix_path.ps1'
[0.205s] INFO:colcon.colcon_core.shell:Creating environment descriptor '/home/alec/surgeryBotWs/install/hand_tracker/share/hand_tracker/hook/cmake_prefix_path.dsv'
[0.205s] INFO:colcon.colcon_core.shell:Creating environment hook '/home/alec/surgeryBotWs/install/hand_tracker/share/hand_tracker/hook/cmake_prefix_path.sh'
[0.206s] Level 1:colcon.colcon_core.environment:checking '/home/alec/surgeryBotWs/install/hand_tracker/bin'
[0.206s] Level 1:colcon.colcon_core.environment:checking '/home/alec/surgeryBotWs/install/hand_tracker/lib/pkgconfig/hand_tracker.pc'
[0.206s] Level 1:colcon.colcon_core.environment:checking '/home/alec/surgeryBotWs/install/hand_tracker/lib/python3.12/site-packages'
[0.206s] Level 1:colcon.colcon_core.environment:checking '/home/alec/surgeryBotWs/install/hand_tracker/bin'
[0.206s] INFO:colcon.colcon_core.shell:Creating package script '/home/alec/surgeryBotWs/install/hand_tracker/share/hand_tracker/package.ps1'
[0.206s] INFO:colcon.colcon_core.shell:Creating package descriptor '/home/alec/surgeryBotWs/install/hand_tracker/share/hand_tracker/package.dsv'
[0.207s] INFO:colcon.colcon_core.shell:Creating package script '/home/alec/surgeryBotWs/install/hand_tracker/share/hand_tracker/package.sh'
[0.207s] INFO:colcon.colcon_core.shell:Creating package script '/home/alec/surgeryBotWs/install/hand_tracker/share/hand_tracker/package.bash'
[0.207s] INFO:colcon.colcon_core.shell:Creating package script '/home/alec/surgeryBotWs/install/hand_tracker/share/hand_tracker/package.zsh'
[0.207s] Level 1:colcon.colcon_core.environment:create_file_with_runtime_dependencies(/home/alec/surgeryBotWs/install/hand_tracker/share/colcon-core/packages/hand_tracker)
[0.207s] Level 1:colcon.colcon_core.environment:create_environment_scripts_only(surg_bot_description)
[0.207s] Level 1:colcon.colcon_core.environment:checking '/home/alec/surgeryBotWs/install/surg_bot_description' for CMake module files
[0.208s] DEBUG:colcon.colcon_core.event_handler.log_command:Invoked command in '/home/alec/surgeryBotWs/build/surg_bot_description' returned '0': CMAKE_PREFIX_PATH=${CMAKE_PREFIX_PATH}:/opt/ros/jazzy DEBUGINFOD_URLS=https://debuginfod.ubuntu.com /usr/bin/cmake --install /home/alec/surgeryBotWs/build/surg_bot_description
[0.208s] Level 1:colcon.colcon_core.environment:checking '/home/alec/surgeryBotWs/install/surg_bot_description' for CMake config files
[0.208s] Level 1:colcon.colcon_core.shell:create_environment_hook('surg_bot_description', 'cmake_prefix_path')
[0.208s] INFO:colcon.colcon_core.shell:Creating environment hook '/home/alec/surgeryBotWs/install/surg_bot_description/share/surg_bot_description/hook/cmake_prefix_path.ps1'
[0.208s] INFO:colcon.colcon_core.shell:Creating environment descriptor '/home/alec/surgeryBotWs/install/surg_bot_description/share/surg_bot_description/hook/cmake_prefix_path.dsv'
[0.208s] INFO:colcon.colcon_core.shell:Creating environment hook '/home/alec/surgeryBotWs/install/surg_bot_description/share/surg_bot_description/hook/cmake_prefix_path.sh'
[0.209s] Level 1:colcon.colcon_core.environment:checking '/home/alec/surgeryBotWs/install/surg_bot_description/bin'
[0.209s] Level 1:colcon.colcon_core.environment:checking '/home/alec/surgeryBotWs/install/surg_bot_description/lib/pkgconfig/surg_bot_description.pc'
[0.209s] Level 1:colcon.colcon_core.environment:checking '/home/alec/surgeryBotWs/install/surg_bot_description/lib/python3.12/site-packages'
[0.209s] Level 1:colcon.colcon_core.environment:checking '/home/alec/surgeryBotWs/install/surg_bot_description/bin'
[0.209s] INFO:colcon.colcon_core.shell:Creating package script '/home/alec/surgeryBotWs/install/surg_bot_description/share/surg_bot_description/package.ps1'
[0.209s] INFO:colcon.colcon_core.shell:Creating package descriptor '/home/alec/surgeryBotWs/install/surg_bot_description/share/surg_bot_description/package.dsv'
[0.209s] INFO:colcon.colcon_core.shell:Creating package script '/home/alec/surgeryBotWs/install/surg_bot_description/share/surg_bot_description/package.sh'
[0.210s] INFO:colcon.colcon_core.shell:Creating package script '/home/alec/surgeryBotWs/install/surg_bot_description/share/surg_bot_description/package.bash'
[0.210s] INFO:colcon.colcon_core.shell:Creating package script '/home/alec/surgeryBotWs/install/surg_bot_description/share/surg_bot_description/package.zsh'
[0.210s] Level 1:colcon.colcon_core.environment:create_file_with_runtime_dependencies(/home/alec/surgeryBotWs/install/surg_bot_description/share/colcon-core/packages/surg_bot_description)
[0.210s] Level 1:colcon.colcon_core.environment:create_environment_scripts_only(surg_bot_gazebo)
[0.210s] Level 1:colcon.colcon_core.environment:checking '/home/alec/surgeryBotWs/install/surg_bot_gazebo' for CMake module files
[0.211s] DEBUG:colcon.colcon_core.event_handler.log_command:Invoked command in '/home/alec/surgeryBotWs/build/surg_bot_gazebo' returned '0': CMAKE_PREFIX_PATH=${CMAKE_PREFIX_PATH}:/opt/ros/jazzy DEBUGINFOD_URLS=https://debuginfod.ubuntu.com /usr/bin/cmake --install /home/alec/surgeryBotWs/build/surg_bot_gazebo
[0.211s] Level 1:colcon.colcon_core.environment:checking '/home/alec/surgeryBotWs/install/surg_bot_gazebo' for CMake config files
[0.211s] Level 1:colcon.colcon_core.shell:create_environment_hook('surg_bot_gazebo', 'cmake_prefix_path')
[0.211s] INFO:colcon.colcon_core.shell:Creating environment hook '/home/alec/surgeryBotWs/install/surg_bot_gazebo/share/surg_bot_gazebo/hook/cmake_prefix_path.ps1'
[0.211s] INFO:colcon.colcon_core.shell:Creating environment descriptor '/home/alec/surgeryBotWs/install/surg_bot_gazebo/share/surg_bot_gazebo/hook/cmake_prefix_path.dsv'
[0.211s] INFO:colcon.colcon_core.shell:Creating environment hook '/home/alec/surgeryBotWs/install/surg_bot_gazebo/share/surg_bot_gazebo/hook/cmake_prefix_path.sh'
[0.212s] Level 1:colcon.colcon_core.environment:checking '/home/alec/surgeryBotWs/install/surg_bot_gazebo/bin'
[0.212s] Level 1:colcon.colcon_core.environment:checking '/home/alec/surgeryBotWs/install/surg_bot_gazebo/lib/pkgconfig/surg_bot_gazebo.pc'
[0.212s] Level 1:colcon.colcon_core.environment:checking '/home/alec/surgeryBotWs/install/surg_bot_gazebo/lib/python3.12/site-packages'
[0.212s] Level 1:colcon.colcon_core.environment:checking '/home/alec/surgeryBotWs/install/surg_bot_gazebo/bin'
[0.212s] INFO:colcon.colcon_core.shell:Creating package script '/home/alec/surgeryBotWs/install/surg_bot_gazebo/share/surg_bot_gazebo/package.ps1'
[0.212s] INFO:colcon.colcon_core.shell:Creating package descriptor '/home/alec/surgeryBotWs/install/surg_bot_gazebo/share/surg_bot_gazebo/package.dsv'
[0.213s] INFO:colcon.colcon_core.shell:Creating package script '/home/alec/surgeryBotWs/install/surg_bot_gazebo/share/surg_bot_gazebo/package.sh'
[0.213s] INFO:colcon.colcon_core.shell:Creating package script '/home/alec/surgeryBotWs/install/surg_bot_gazebo/share/surg_bot_gazebo/package.bash'
[0.213s] INFO:colcon.colcon_core.shell:Creating package script '/home/alec/surgeryBotWs/install/surg_bot_gazebo/share/surg_bot_gazebo/package.zsh'
[0.213s] Level 1:colcon.colcon_core.environment:create_file_with_runtime_dependencies(/home/alec/surgeryBotWs/install/surg_bot_gazebo/share/colcon-core/packages/surg_bot_gazebo)
[0.217s] Level 1:colcon.colcon_core.environment:create_environment_scripts_only(surg_bot)
[0.217s] Level 1:colcon.colcon_core.environment:checking '/home/alec/surgeryBotWs/install/surg_bot' for CMake module files
[0.217s] Level 1:colcon.colcon_core.environment:checking '/home/alec/surgeryBotWs/install/surg_bot' for CMake config files
[0.217s] Level 1:colcon.colcon_core.shell:create_environment_hook('surg_bot', 'cmake_prefix_path')
[0.217s] INFO:colcon.colcon_core.shell:Creating environment hook '/home/alec/surgeryBotWs/install/surg_bot/share/surg_bot/hook/cmake_prefix_path.ps1'
[0.218s] INFO:colcon.colcon_core.shell:Creating environment descriptor '/home/alec/surgeryBotWs/install/surg_bot/share/surg_bot/hook/cmake_prefix_path.dsv'
[0.218s] INFO:colcon.colcon_core.shell:Creating environment hook '/home/alec/surgeryBotWs/install/surg_bot/share/surg_bot/hook/cmake_prefix_path.sh'
[0.218s] Level 1:colcon.colcon_core.environment:checking '/home/alec/surgeryBotWs/install/surg_bot/bin'
[0.218s] Level 1:colcon.colcon_core.environment:checking '/home/alec/surgeryBotWs/install/surg_bot/lib/pkgconfig/surg_bot.pc'
[0.218s] Level 1:colcon.colcon_core.environment:checking '/home/alec/surgeryBotWs/install/surg_bot/lib/python3.12/site-packages'
[0.218s] Level 1:colcon.colcon_core.environment:checking '/home/alec/surgeryBotWs/install/surg_bot/bin'
[0.218s] INFO:colcon.colcon_core.shell:Creating package script '/home/alec/surgeryBotWs/install/surg_bot/share/surg_bot/package.ps1'
[0.219s] INFO:colcon.colcon_core.shell:Creating package descriptor '/home/alec/surgeryBotWs/install/surg_bot/share/surg_bot/package.dsv'
[0.219s] INFO:colcon.colcon_core.shell:Creating package script '/home/alec/surgeryBotWs/install/surg_bot/share/surg_bot/package.sh'
[0.219s] INFO:colcon.colcon_core.shell:Creating package script '/home/alec/surgeryBotWs/install/surg_bot/share/surg_bot/package.bash'
[0.219s] INFO:colcon.colcon_core.shell:Creating package script '/home/alec/surgeryBotWs/install/surg_bot/share/surg_bot/package.zsh'
[0.220s] Level 1:colcon.colcon_core.environment:create_file_with_runtime_dependencies(/home/alec/surgeryBotWs/install/surg_bot/share/colcon-core/packages/surg_bot)
[0.223s] Level 1:colcon.colcon_core.environment:create_environment_scripts_only(hand_tracker)
[0.223s] Level 1:colcon.colcon_core.environment:checking '/home/alec/surgeryBotWs/install/hand_tracker' for CMake module files
[0.223s] Level 1:colcon.colcon_core.environment:checking '/home/alec/surgeryBotWs/install/hand_tracker' for CMake config files
[0.223s] Level 1:colcon.colcon_core.shell:create_environment_hook('hand_tracker', 'cmake_prefix_path')
[0.223s] INFO:colcon.colcon_core.shell:Creating environment hook '/home/alec/surgeryBotWs/install/hand_tracker/share/hand_tracker/hook/cmake_prefix_path.ps1'
[0.224s] INFO:colcon.colcon_core.shell:Creating environment descriptor '/home/alec/surgeryBotWs/install/hand_tracker/share/hand_tracker/hook/cmake_prefix_path.dsv'
[0.224s] INFO:colcon.colcon_core.shell:Creating environment hook '/home/alec/surgeryBotWs/install/hand_tracker/share/hand_tracker/hook/cmake_prefix_path.sh'
[0.224s] Level 1:colcon.colcon_core.environment:checking '/home/alec/surgeryBotWs/install/hand_tracker/bin'
[0.224s] Level 1:colcon.colcon_core.environment:checking '/home/alec/surgeryBotWs/install/hand_tracker/lib/pkgconfig/hand_tracker.pc'
[0.224s] Level 1:colcon.colcon_core.environment:checking '/home/alec/surgeryBotWs/install/hand_tracker/lib/python3.12/site-packages'
[0.224s] Level 1:colcon.colcon_core.environment:checking '/home/alec/surgeryBotWs/install/hand_tracker/bin'
[0.225s] INFO:colcon.colcon_core.shell:Creating package script '/home/alec/surgeryBotWs/install/hand_tracker/share/hand_tracker/package.ps1'
[0.225s] INFO:colcon.colcon_core.shell:Creating package descriptor '/home/alec/surgeryBotWs/install/hand_tracker/share/hand_tracker/package.dsv'
[0.225s] INFO:colcon.colcon_core.shell:Creating package script '/home/alec/surgeryBotWs/install/hand_tracker/share/hand_tracker/package.sh'
[0.225s] INFO:colcon.colcon_core.shell:Creating package script '/home/alec/surgeryBotWs/install/hand_tracker/share/hand_tracker/package.bash'
[0.225s] INFO:colcon.colcon_core.shell:Creating package script '/home/alec/surgeryBotWs/install/hand_tracker/share/hand_tracker/package.zsh'
[0.226s] Level 1:colcon.colcon_core.environment:create_file_with_runtime_dependencies(/home/alec/surgeryBotWs/install/hand_tracker/share/colcon-core/packages/hand_tracker)
[0.226s] Level 1:colcon.colcon_core.environment:create_environment_scripts_only(surg_bot_description)
[0.226s] Level 1:colcon.colcon_core.environment:checking '/home/alec/surgeryBotWs/install/surg_bot_description' for CMake module files
[0.227s] Level 1:colcon.colcon_core.environment:checking '/home/alec/surgeryBotWs/install/surg_bot_description' for CMake config files
[0.227s] Level 1:colcon.colcon_core.shell:create_environment_hook('surg_bot_description', 'cmake_prefix_path')
[0.227s] INFO:colcon.colcon_core.shell:Creating environment hook '/home/alec/surgeryBotWs/install/surg_bot_description/share/surg_bot_description/hook/cmake_prefix_path.ps1'
[0.227s] INFO:colcon.colcon_core.shell:Creating environment descriptor '/home/alec/surgeryBotWs/install/surg_bot_description/share/surg_bot_description/hook/cmake_prefix_path.dsv'
[0.228s] INFO:colcon.colcon_core.shell:Creating environment hook '/home/alec/surgeryBotWs/install/surg_bot_description/share/surg_bot_description/hook/cmake_prefix_path.sh'
[0.228s] Level 1:colcon.colcon_core.environment:checking '/home/alec/surgeryBotWs/install/surg_bot_description/bin'
[0.228s] Level 1:colcon.colcon_core.environment:checking '/home/alec/surgeryBotWs/install/surg_bot_description/lib/pkgconfig/surg_bot_description.pc'
[0.228s] Level 1:colcon.colcon_core.environment:checking '/home/alec/surgeryBotWs/install/surg_bot_description/lib/python3.12/site-packages'
[0.228s] Level 1:colcon.colcon_core.environment:checking '/home/alec/surgeryBotWs/install/surg_bot_description/bin'
[0.228s] INFO:colcon.colcon_core.shell:Creating package script '/home/alec/surgeryBotWs/install/surg_bot_description/share/surg_bot_description/package.ps1'
[0.228s] INFO:colcon.colcon_core.shell:Creating package descriptor '/home/alec/surgeryBotWs/install/surg_bot_description/share/surg_bot_description/package.dsv'
[0.229s] INFO:colcon.colcon_core.shell:Creating package script '/home/alec/surgeryBotWs/install/surg_bot_description/share/surg_bot_description/package.sh'
[0.229s] INFO:colcon.colcon_core.shell:Creating package script '/home/alec/surgeryBotWs/install/surg_bot_description/share/surg_bot_description/package.bash'
[0.229s] INFO:colcon.colcon_core.shell:Creating package script '/home/alec/surgeryBotWs/install/surg_bot_description/share/surg_bot_description/package.zsh'
[0.229s] Level 1:colcon.colcon_core.environment:create_file_with_runtime_dependencies(/home/alec/surgeryBotWs/install/surg_bot_description/share/colcon-core/packages/surg_bot_description)
[0.230s] Level 1:colcon.colcon_core.environment:create_environment_scripts_only(surg_bot_gazebo)
[0.230s] Level 1:colcon.colcon_core.environment:checking '/home/alec/surgeryBotWs/install/surg_bot_gazebo' for CMake module files
[0.230s] Level 1:colcon.colcon_core.environment:checking '/home/alec/surgeryBotWs/install/surg_bot_gazebo' for CMake config files
[0.230s] Level 1:colcon.colcon_core.shell:create_environment_hook('surg_bot_gazebo', 'cmake_prefix_path')
[0.230s] INFO:colcon.colcon_core.shell:Creating environment hook '/home/alec/surgeryBotWs/install/surg_bot_gazebo/share/surg_bot_gazebo/hook/cmake_prefix_path.ps1'
[0.230s] INFO:colcon.colcon_core.shell:Creating environment descriptor '/home/alec/surgeryBotWs/install/surg_bot_gazebo/share/surg_bot_gazebo/hook/cmake_prefix_path.dsv'
[0.231s] INFO:colcon.colcon_core.shell:Creating environment hook '/home/alec/surgeryBotWs/install/surg_bot_gazebo/share/surg_bot_gazebo/hook/cmake_prefix_path.sh'
[0.231s] Level 1:colcon.colcon_core.environment:checking '/home/alec/surgeryBotWs/install/surg_bot_gazebo/bin'
[0.231s] Level 1:colcon.colcon_core.environment:checking '/home/alec/surgeryBotWs/install/surg_bot_gazebo/lib/pkgconfig/surg_bot_gazebo.pc'
[0.231s] Level 1:colcon.colcon_core.environment:checking '/home/alec/surgeryBotWs/install/surg_bot_gazebo/lib/python3.12/site-packages'
[0.231s] Level 1:colcon.colcon_core.environment:checking '/home/alec/surgeryBotWs/install/surg_bot_gazebo/bin'
[0.231s] INFO:colcon.colcon_core.shell:Creating package script '/home/alec/surgeryBotWs/install/surg_bot_gazebo/share/surg_bot_gazebo/package.ps1'
[0.232s] INFO:colcon.colcon_core.shell:Creating package descriptor '/home/alec/surgeryBotWs/install/surg_bot_gazebo/share/surg_bot_gazebo/package.dsv'
[0.232s] INFO:colcon.colcon_core.shell:Creating package script '/home/alec/surgeryBotWs/install/surg_bot_gazebo/share/surg_bot_gazebo/package.sh'
[0.232s] INFO:colcon.colcon_core.shell:Creating package script '/home/alec/surgeryBotWs/install/surg_bot_gazebo/share/surg_bot_gazebo/package.bash'
[0.232s] INFO:colcon.colcon_core.shell:Creating package script '/home/alec/surgeryBotWs/install/surg_bot_gazebo/share/surg_bot_gazebo/package.zsh'
[0.232s] Level 1:colcon.colcon_core.environment:create_file_with_runtime_dependencies(/home/alec/surgeryBotWs/install/surg_bot_gazebo/share/colcon-core/packages/surg_bot_gazebo)
[0.232s] DEBUG:colcon.colcon_parallel_executor.executor.parallel:closing loop
[0.233s] DEBUG:colcon.colcon_parallel_executor.executor.parallel:loop closed
[0.233s] DEBUG:colcon.colcon_parallel_executor.executor.parallel:run_until_complete finished with '0'
[0.233s] DEBUG:colcon.colcon_core.event_reactor:joining thread
[0.236s] INFO:colcon.colcon_core.plugin_system:Skipping extension 'colcon_notification.desktop_notification.terminal_notifier': Not used on non-Darwin systems
[0.236s] INFO:colcon.colcon_core.plugin_system:Skipping extension 'colcon_notification.desktop_notification.win32': Not used on non-Windows systems
[0.236s] INFO:colcon.colcon_notification.desktop_notification:Sending desktop notification using 'notify2'
[0.244s] DEBUG:colcon.colcon_core.event_reactor:joined thread
[0.244s] INFO:colcon.colcon_core.shell:Creating prefix script '/home/alec/surgeryBotWs/install/local_setup.ps1'
[0.244s] INFO:colcon.colcon_core.shell:Creating prefix util module '/home/alec/surgeryBotWs/install/_local_setup_util_ps1.py'
[0.245s] INFO:colcon.colcon_core.shell:Creating prefix chain script '/home/alec/surgeryBotWs/install/setup.ps1'
[0.246s] INFO:colcon.colcon_core.shell:Creating prefix script '/home/alec/surgeryBotWs/install/local_setup.sh'
[0.246s] INFO:colcon.colcon_core.shell:Creating prefix util module '/home/alec/surgeryBotWs/install/_local_setup_util_sh.py'
[0.246s] INFO:colcon.colcon_core.shell:Creating prefix chain script '/home/alec/surgeryBotWs/install/setup.sh'
[0.247s] INFO:colcon.colcon_core.shell:Creating prefix script '/home/alec/surgeryBotWs/install/local_setup.bash'
[0.247s] INFO:colcon.colcon_core.shell:Creating prefix chain script '/home/alec/surgeryBotWs/install/setup.bash'
[0.248s] INFO:colcon.colcon_core.shell:Creating prefix script '/home/alec/surgeryBotWs/install/local_setup.zsh'
[0.248s] INFO:colcon.colcon_core.shell:Creating prefix chain script '/home/alec/surgeryBotWs/install/setup.zsh'
